[0.056s] DEBUG:colcon:Command line arguments: ['/usr/bin/colcon', 'build']
[0.056s] DEBUG:colcon:Parsed command line arguments: Namespace(log_base=None, log_level=None, verb_name='build', build_base='build', install_base='install', merge_install=False, symlink_install=False, test_result_base=None, continue_on_error=False, executor='parallel', parallel_workers=8, event_handlers=None, ignore_user_meta=False, metas=['./colcon.meta'], base_paths=['.'], packages_ignore=None, packages_ignore_regex=None, paths=None, packages_up_to=None, packages_up_to_regex=None, packages_above=None, packages_above_and_dependencies=None, packages_above_depth=None, packages_select_by_dep=None, packages_skip_by_dep=None, packages_skip_up_to=None, packages_select_build_failed=False, packages_skip_build_finished=False, packages_select_test_failures=False, packages_skip_test_passed=False, packages_select=None, packages_skip=None, packages_select_regex=None, packages_skip_regex=None, packages_start=None, packages_end=None, allow_overriding=[], cmake_args=None, cmake_target=None, cmake_target_skip_unavailable=False, cmake_clean_cache=False, cmake_clean_first=False, cmake_force_configure=False, ament_cmake_args=None, catkin_cmake_args=None, catkin_skip_building_tests=False, mixin_files=None, mixin=None, verb_parser=<colcon_mixin.mixin.mixin_argument.MixinArgumentDecorator object at 0x7c01d36b68c0>, verb_extension=<colcon_core.verb.build.BuildVerb object at 0x7c01d36b62f0>, main=<bound method BuildVerb.main of <colcon_core.verb.build.BuildVerb object at 0x7c01d36b62f0>>, mixin_verb=('build',))
[0.139s] Level 1:colcon.colcon_core.package_discovery:discover_packages(colcon_meta) check parameters
[0.139s] Level 1:colcon.colcon_core.package_discovery:discover_packages(recursive) check parameters
[0.139s] Level 1:colcon.colcon_core.package_discovery:discover_packages(ignore) check parameters
[0.139s] Level 1:colcon.colcon_core.package_discovery:discover_packages(path) check parameters
[0.139s] Level 1:colcon.colcon_core.package_discovery:discover_packages(colcon_meta) discover
[0.139s] Level 1:colcon.colcon_core.package_discovery:discover_packages(recursive) discover
[0.139s] INFO:colcon.colcon_core.package_discovery:Crawling recursively for packages in '/home/qeftser/vip/vectornav/src/vectornav-ros2/vectornav'
[0.139s] Level 1:colcon.colcon_core.package_identification:_identify(.) by extensions ['ignore', 'ignore_ament_install']
[0.139s] Level 1:colcon.colcon_core.package_identification:_identify(.) by extension 'ignore'
[0.140s] Level 1:colcon.colcon_core.package_identification:_identify(.) by extension 'ignore_ament_install'
[0.140s] Level 1:colcon.colcon_core.package_identification:_identify(.) by extensions ['colcon_pkg']
[0.140s] Level 1:colcon.colcon_core.package_identification:_identify(.) by extension 'colcon_pkg'
[0.140s] Level 1:colcon.colcon_core.package_identification:_identify(.) by extensions ['colcon_meta']
[0.140s] Level 1:colcon.colcon_core.package_identification:_identify(.) by extension 'colcon_meta'
[0.140s] Level 1:colcon.colcon_core.package_identification:_identify(.) by extensions ['ros']
[0.140s] Level 1:colcon.colcon_core.package_identification:_identify(.) by extension 'ros'
[0.154s] DEBUG:colcon.colcon_core.package_identification:Package '.' with type 'ros.ament_cmake' and name 'vectornav'
[0.154s] Level 1:colcon.colcon_core.package_discovery:discover_packages(recursive) using defaults
[0.154s] Level 1:colcon.colcon_core.package_discovery:discover_packages(ignore) discover
[0.155s] Level 1:colcon.colcon_core.package_discovery:discover_packages(ignore) using defaults
[0.155s] Level 1:colcon.colcon_core.package_discovery:discover_packages(path) discover
[0.155s] Level 1:colcon.colcon_core.package_discovery:discover_packages(path) using defaults
[0.174s] Level 1:colcon.colcon_core.package_discovery:discover_packages(prefix_path) check parameters
[0.174s] Level 1:colcon.colcon_core.package_discovery:discover_packages(prefix_path) discover
[0.175s] DEBUG:colcon.colcon_installed_package_information.package_discovery:Found 355 installed packages in /opt/ros/iron
[0.176s] Level 1:colcon.colcon_core.package_discovery:discover_packages(prefix_path) using defaults
[0.199s] Level 5:colcon.colcon_core.verb:set package 'vectornav' build argument 'cmake_args' from command line to 'None'
[0.199s] Level 5:colcon.colcon_core.verb:set package 'vectornav' build argument 'cmake_target' from command line to 'None'
[0.199s] Level 5:colcon.colcon_core.verb:set package 'vectornav' build argument 'cmake_target_skip_unavailable' from command line to 'False'
[0.199s] Level 5:colcon.colcon_core.verb:set package 'vectornav' build argument 'cmake_clean_cache' from command line to 'False'
[0.199s] Level 5:colcon.colcon_core.verb:set package 'vectornav' build argument 'cmake_clean_first' from command line to 'False'
[0.199s] Level 5:colcon.colcon_core.verb:set package 'vectornav' build argument 'cmake_force_configure' from command line to 'False'
[0.199s] Level 5:colcon.colcon_core.verb:set package 'vectornav' build argument 'ament_cmake_args' from command line to 'None'
[0.199s] Level 5:colcon.colcon_core.verb:set package 'vectornav' build argument 'catkin_cmake_args' from command line to 'None'
[0.199s] Level 5:colcon.colcon_core.verb:set package 'vectornav' build argument 'catkin_skip_building_tests' from command line to 'False'
[0.199s] DEBUG:colcon.colcon_core.verb:Building package 'vectornav' with the following arguments: {'ament_cmake_args': None, 'build_base': '/home/qeftser/vip/vectornav/src/vectornav-ros2/vectornav/build/vectornav', 'catkin_cmake_args': None, 'catkin_skip_building_tests': False, 'cmake_args': None, 'cmake_clean_cache': False, 'cmake_clean_first': False, 'cmake_force_configure': False, 'cmake_target': None, 'cmake_target_skip_unavailable': False, 'install_base': '/home/qeftser/vip/vectornav/src/vectornav-ros2/vectornav/install/vectornav', 'merge_install': False, 'path': '/home/qeftser/vip/vectornav/src/vectornav-ros2/vectornav', 'symlink_install': False, 'test_result_base': None}
[0.199s] INFO:colcon.colcon_core.executor:Executing jobs using 'parallel' executor
[0.200s] DEBUG:colcon.colcon_parallel_executor.executor.parallel:run_until_complete
[0.200s] INFO:colcon.colcon_ros.task.ament_cmake.build:Building ROS package in '/home/qeftser/vip/vectornav/src/vectornav-ros2/vectornav' with build type 'ament_cmake'
[0.200s] INFO:colcon.colcon_cmake.task.cmake.build:Building CMake package in '/home/qeftser/vip/vectornav/src/vectornav-ros2/vectornav'
[0.201s] INFO:colcon.colcon_core.plugin_system:Skipping extension 'colcon_core.shell.bat': Not used on non-Windows systems
[0.202s] INFO:colcon.colcon_core.shell:Skip shell extension 'powershell' for command environment: Not usable outside of PowerShell
[0.202s] DEBUG:colcon.colcon_core.shell:Skip shell extension 'dsv' for command environment
[0.206s] DEBUG:colcon.colcon_core.event_handler.log_command:Invoking command in '/home/qeftser/vip/vectornav/src/vectornav-ros2/vectornav/build/vectornav': CMAKE_PREFIX_PATH=/opt/ros/iron /usr/bin/cmake /home/qeftser/vip/vectornav/src/vectornav-ros2/vectornav -DCMAKE_INSTALL_PREFIX=/home/qeftser/vip/vectornav/src/vectornav-ros2/vectornav/install/vectornav
[1.802s] DEBUG:colcon.colcon_core.event_handler.log_command:Invoked command in '/home/qeftser/vip/vectornav/src/vectornav-ros2/vectornav/build/vectornav' returned '1': CMAKE_PREFIX_PATH=/opt/ros/iron /usr/bin/cmake /home/qeftser/vip/vectornav/src/vectornav-ros2/vectornav -DCMAKE_INSTALL_PREFIX=/home/qeftser/vip/vectornav/src/vectornav-ros2/vectornav/install/vectornav
[1.812s] Level 1:colcon.colcon_core.environment:create_environment_scripts_only(vectornav)
[1.815s] Level 1:colcon.colcon_core.environment:checking '/home/qeftser/vip/vectornav/src/vectornav-ros2/vectornav/install/vectornav' for CMake module files
[1.816s] Level 1:colcon.colcon_core.environment:checking '/home/qeftser/vip/vectornav/src/vectornav-ros2/vectornav/install/vectornav' for CMake config files
[1.816s] Level 1:colcon.colcon_core.environment:checking '/home/qeftser/vip/vectornav/src/vectornav-ros2/vectornav/install/vectornav/bin'
[1.816s] Level 1:colcon.colcon_core.environment:checking '/home/qeftser/vip/vectornav/src/vectornav-ros2/vectornav/install/vectornav/lib/pkgconfig/vectornav.pc'
[1.816s] Level 1:colcon.colcon_core.environment:checking '/home/qeftser/vip/vectornav/src/vectornav-ros2/vectornav/install/vectornav/lib/python3.10/site-packages'
[1.816s] Level 1:colcon.colcon_core.environment:checking '/home/qeftser/vip/vectornav/src/vectornav-ros2/vectornav/install/vectornav/bin'
[1.816s] INFO:colcon.colcon_core.shell:Creating package script '/home/qeftser/vip/vectornav/src/vectornav-ros2/vectornav/install/vectornav/share/vectornav/package.ps1'
[1.817s] INFO:colcon.colcon_core.shell:Creating package descriptor '/home/qeftser/vip/vectornav/src/vectornav-ros2/vectornav/install/vectornav/share/vectornav/package.dsv'
[1.817s] INFO:colcon.colcon_core.shell:Creating package script '/home/qeftser/vip/vectornav/src/vectornav-ros2/vectornav/install/vectornav/share/vectornav/package.sh'
[1.818s] INFO:colcon.colcon_core.shell:Creating package script '/home/qeftser/vip/vectornav/src/vectornav-ros2/vectornav/install/vectornav/share/vectornav/package.bash'
[1.818s] INFO:colcon.colcon_core.shell:Creating package script '/home/qeftser/vip/vectornav/src/vectornav-ros2/vectornav/install/vectornav/share/vectornav/package.zsh'
[1.819s] Level 1:colcon.colcon_core.environment:create_file_with_runtime_dependencies(/home/qeftser/vip/vectornav/src/vectornav-ros2/vectornav/install/vectornav/share/colcon-core/packages/vectornav)
[1.829s] DEBUG:colcon.colcon_parallel_executor.executor.parallel:closing loop
[1.829s] DEBUG:colcon.colcon_parallel_executor.executor.parallel:loop closed
[1.829s] DEBUG:colcon.colcon_parallel_executor.executor.parallel:run_until_complete finished with '1'
[1.829s] DEBUG:colcon.colcon_core.event_reactor:joining thread
[1.837s] INFO:colcon.colcon_core.plugin_system:Skipping extension 'colcon_notification.desktop_notification.terminal_notifier': Not used on non-Darwin systems
[1.838s] INFO:colcon.colcon_core.plugin_system:Skipping extension 'colcon_notification.desktop_notification.win32': Not used on non-Windows systems
[1.838s] INFO:colcon.colcon_notification.desktop_notification:Sending desktop notification using 'notify2'
[1.844s] DEBUG:colcon.colcon_core.event_reactor:joined thread
[1.844s] INFO:colcon.colcon_core.shell:Creating prefix script '/home/qeftser/vip/vectornav/src/vectornav-ros2/vectornav/install/local_setup.ps1'
[1.847s] INFO:colcon.colcon_core.shell:Creating prefix util module '/home/qeftser/vip/vectornav/src/vectornav-ros2/vectornav/install/_local_setup_util_ps1.py'
[1.850s] INFO:colcon.colcon_core.shell:Creating prefix chain script '/home/qeftser/vip/vectornav/src/vectornav-ros2/vectornav/install/setup.ps1'
[1.852s] INFO:colcon.colcon_core.shell:Creating prefix script '/home/qeftser/vip/vectornav/src/vectornav-ros2/vectornav/install/local_setup.sh'
[1.853s] INFO:colcon.colcon_core.shell:Creating prefix util module '/home/qeftser/vip/vectornav/src/vectornav-ros2/vectornav/install/_local_setup_util_sh.py'
[1.854s] INFO:colcon.colcon_core.shell:Creating prefix chain script '/home/qeftser/vip/vectornav/src/vectornav-ros2/vectornav/install/setup.sh'
[1.856s] INFO:colcon.colcon_core.shell:Creating prefix script '/home/qeftser/vip/vectornav/src/vectornav-ros2/vectornav/install/local_setup.bash'
[1.857s] INFO:colcon.colcon_core.shell:Creating prefix chain script '/home/qeftser/vip/vectornav/src/vectornav-ros2/vectornav/install/setup.bash'
[1.858s] INFO:colcon.colcon_core.shell:Creating prefix script '/home/qeftser/vip/vectornav/src/vectornav-ros2/vectornav/install/local_setup.zsh'
[1.859s] INFO:colcon.colcon_core.shell:Creating prefix chain script '/home/qeftser/vip/vectornav/src/vectornav-ros2/vectornav/install/setup.zsh'
