[0.006s] Invoking command in '/home/qeftser/vip/vectornav/src/vectornav-ros2/build/vectornav_msgs': CMAKE_PREFIX_PATH=/opt/ros/iron /usr/bin/cmake /home/qeftser/vip/vectornav/src/vectornav-ros2/vectornav_msgs -DCMAKE_INSTALL_PREFIX=/home/qeftser/vip/vectornav/src/vectornav-ros2/install/vectornav_msgs
[0.061s] -- The C compiler identification is Clang 14.0.0
[0.138s] -- The CXX compiler identification is Clang 14.0.0
[0.141s] -- Detecting C compiler ABI info
[0.219s] -- Detecting C compiler ABI info - done
[0.229s] -- Check for working C compiler: /usr/bin/clang - skipped
[0.229s] -- Detecting C compile features
[0.230s] -- Detecting C compile features - done
[0.234s] -- Detecting CXX compiler ABI info
[0.336s] -- Detecting CXX compiler ABI info - done
[0.339s] -- Check for working CXX compiler: /usr/bin/clang++ - skipped
[0.340s] -- Detecting CXX compile features
[0.340s] -- Detecting CXX compile features - done
[0.341s] -- Found ament_cmake: 2.0.7 (/opt/ros/iron/share/ament_cmake/cmake)
[0.464s] -- Found Python3: /usr/bin/python3.10 (found version "3.10.12") found components: Interpreter 
[0.523s] -- Found geometry_msgs: 5.0.1 (/opt/ros/iron/share/geometry_msgs/cmake)
[0.551s] -- Found rosidl_generator_c: 4.0.1 (/opt/ros/iron/share/rosidl_generator_c/cmake)
[0.557s] -- Found rosidl_generator_cpp: 4.0.1 (/opt/ros/iron/share/rosidl_generator_cpp/cmake)
[0.566s] -- Using all available rosidl_typesupport_c: rosidl_typesupport_fastrtps_c;rosidl_typesupport_introspection_c
[0.576s] -- Using all available rosidl_typesupport_cpp: rosidl_typesupport_fastrtps_cpp;rosidl_typesupport_introspection_cpp
[0.637s] -- Found rosidl_default_generators: 1.5.0 (/opt/ros/iron/share/rosidl_default_generators/cmake)
[0.647s] -- Found rosidl_adapter: 4.0.1 (/opt/ros/iron/share/rosidl_adapter/cmake)
[0.651s] [0mGrabbing messages action/MagCal.action[0m
[0.993s] -- Found ament_cmake_ros: 0.11.2 (/opt/ros/iron/share/ament_cmake_ros/cmake)
[1.302s] -- Using all available rosidl_typesupport_c: rosidl_typesupport_fastrtps_c;rosidl_typesupport_introspection_c
[1.422s] -- Using all available rosidl_typesupport_cpp: rosidl_typesupport_fastrtps_cpp;rosidl_typesupport_introspection_cpp
[1.443s] -- Found PythonInterp: /usr/bin/python3 (found suitable version "3.10.12", minimum required is "3.6") 
[1.444s] -- Found python_cmake_module: 0.10.2 (/opt/ros/iron/share/python_cmake_module/cmake)
[1.472s] -- Found PythonLibs: /usr/lib/x86_64-linux-gnu/libpython3.10.so (found suitable version "3.10.12", minimum required is "3.5") 
[1.472s] -- Using PYTHON_EXECUTABLE: /usr/bin/python3
[1.472s] -- Using PYTHON_INCLUDE_DIRS: /usr/include/python3.10
[1.473s] -- Using PYTHON_LIBRARIES: /usr/lib/x86_64-linux-gnu/libpython3.10.so
[1.488s] -- Found PythonExtra: .so  
[1.531s] -- Configuring done
[1.564s] -- Generating done
[1.573s] -- Build files have been written to: /home/qeftser/vip/vectornav/src/vectornav-ros2/build/vectornav_msgs
[1.579s] Invoked command in '/home/qeftser/vip/vectornav/src/vectornav-ros2/build/vectornav_msgs' returned '0': CMAKE_PREFIX_PATH=/opt/ros/iron /usr/bin/cmake /home/qeftser/vip/vectornav/src/vectornav-ros2/vectornav_msgs -DCMAKE_INSTALL_PREFIX=/home/qeftser/vip/vectornav/src/vectornav-ros2/install/vectornav_msgs
[1.580s] Invoking command in '/home/qeftser/vip/vectornav/src/vectornav-ros2/build/vectornav_msgs': CMAKE_PREFIX_PATH=/opt/ros/iron /usr/bin/cmake --build /home/qeftser/vip/vectornav/src/vectornav-ros2/build/vectornav_msgs -- -j8 -l8
[1.625s] [  1%] [34m[1mGenerating type hashes for ROS interfaces[0m
[1.633s] [  1%] Built target ament_cmake_python_copy_vectornav_msgs
[1.766s] running egg_info
[1.766s] creating vectornav_msgs.egg-info
[1.767s] writing vectornav_msgs.egg-info/PKG-INFO
[1.767s] writing dependency_links to vectornav_msgs.egg-info/dependency_links.txt
[1.767s] writing top-level names to vectornav_msgs.egg-info/top_level.txt
[1.767s] writing manifest file 'vectornav_msgs.egg-info/SOURCES.txt'
[1.768s] reading manifest file 'vectornav_msgs.egg-info/SOURCES.txt'
[1.768s] writing manifest file 'vectornav_msgs.egg-info/SOURCES.txt'
[1.787s] [  1%] Built target ament_cmake_python_build_vectornav_msgs_egg
[2.258s] [  1%] Built target vectornav_msgs__rosidl_generator_type_description
[2.267s] [  2%] [34m[1mGenerating C code for ROS interfaces[0m
[2.278s] [  2%] [34m[1mGenerating C++ code for ROS interfaces[0m
[3.333s] [  2%] Built target vectornav_msgs__cpp
[3.520s] [  2%] [32mBuilding C object CMakeFiles/vectornav_msgs__rosidl_generator_c.dir/rosidl_generator_c/vectornav_msgs/msg/detail/attitude_group__description.c.o[0m
[3.520s] [  2%] [32mBuilding C object CMakeFiles/vectornav_msgs__rosidl_generator_c.dir/rosidl_generator_c/vectornav_msgs/msg/detail/common_group__description.c.o[0m
[3.520s] [  3%] [32mBuilding C object CMakeFiles/vectornav_msgs__rosidl_generator_c.dir/rosidl_generator_c/vectornav_msgs/msg/detail/common_group__type_support.c.o[0m
[3.520s] [  5%] [32mBuilding C object CMakeFiles/vectornav_msgs__rosidl_generator_c.dir/rosidl_generator_c/vectornav_msgs/msg/detail/dop__functions.c.o[0m
[3.520s] [  5%] [32mBuilding C object CMakeFiles/vectornav_msgs__rosidl_generator_c.dir/rosidl_generator_c/vectornav_msgs/msg/detail/attitude_group__functions.c.o[0m
[3.521s] [  6%] [32mBuilding C object CMakeFiles/vectornav_msgs__rosidl_generator_c.dir/rosidl_generator_c/vectornav_msgs/msg/detail/attitude_group__type_support.c.o[0m
[3.521s] [  7%] [32mBuilding C object CMakeFiles/vectornav_msgs__rosidl_generator_c.dir/rosidl_generator_c/vectornav_msgs/msg/detail/common_group__functions.c.o[0m
[3.521s] [  7%] [32mBuilding C object CMakeFiles/vectornav_msgs__rosidl_generator_c.dir/rosidl_generator_c/vectornav_msgs/msg/detail/dop__description.c.o[0m
[3.603s] [  8%] [32mBuilding C object CMakeFiles/vectornav_msgs__rosidl_generator_c.dir/rosidl_generator_c/vectornav_msgs/msg/detail/dop__type_support.c.o[0m
[3.603s] [  9%] [32mBuilding C object CMakeFiles/vectornav_msgs__rosidl_generator_c.dir/rosidl_generator_c/vectornav_msgs/msg/detail/gps_group__description.c.o[0m
[3.612s] [  9%] [32mBuilding C object CMakeFiles/vectornav_msgs__rosidl_generator_c.dir/rosidl_generator_c/vectornav_msgs/msg/detail/gps_group__functions.c.o[0m
[3.613s] [ 10%] [32mBuilding C object CMakeFiles/vectornav_msgs__rosidl_generator_c.dir/rosidl_generator_c/vectornav_msgs/msg/detail/gps_group__type_support.c.o[0m
[3.627s] [ 11%] [32mBuilding C object CMakeFiles/vectornav_msgs__rosidl_generator_c.dir/rosidl_generator_c/vectornav_msgs/msg/detail/imu_group__description.c.o[0m
[3.631s] [ 12%] [32mBuilding C object CMakeFiles/vectornav_msgs__rosidl_generator_c.dir/rosidl_generator_c/vectornav_msgs/msg/detail/imu_group__functions.c.o[0m
[3.634s] [ 12%] [32mBuilding C object CMakeFiles/vectornav_msgs__rosidl_generator_c.dir/rosidl_generator_c/vectornav_msgs/msg/detail/imu_group__type_support.c.o[0m
[3.634s] [ 13%] [32mBuilding C object CMakeFiles/vectornav_msgs__rosidl_generator_c.dir/rosidl_generator_c/vectornav_msgs/msg/detail/ins_group__description.c.o[0m
[3.664s] [ 13%] [32mBuilding C object CMakeFiles/vectornav_msgs__rosidl_generator_c.dir/rosidl_generator_c/vectornav_msgs/msg/detail/ins_group__functions.c.o[0m
[3.674s] [ 14%] [32mBuilding C object CMakeFiles/vectornav_msgs__rosidl_generator_c.dir/rosidl_generator_c/vectornav_msgs/msg/detail/ins_group__type_support.c.o[0m
[3.685s] [ 15%] [32mBuilding C object CMakeFiles/vectornav_msgs__rosidl_generator_c.dir/rosidl_generator_c/vectornav_msgs/msg/detail/ins_status__description.c.o[0m
[3.695s] [ 15%] [32mBuilding C object CMakeFiles/vectornav_msgs__rosidl_generator_c.dir/rosidl_generator_c/vectornav_msgs/msg/detail/ins_status__functions.c.o[0m
[3.697s] [ 16%] [32mBuilding C object CMakeFiles/vectornav_msgs__rosidl_generator_c.dir/rosidl_generator_c/vectornav_msgs/msg/detail/ins_status__type_support.c.o[0m
[3.698s] [ 18%] [32mBuilding C object CMakeFiles/vectornav_msgs__rosidl_generator_c.dir/rosidl_generator_c/vectornav_msgs/msg/detail/time_group__functions.c.o[0m
[3.699s] [ 18%] [32mBuilding C object CMakeFiles/vectornav_msgs__rosidl_generator_c.dir/rosidl_generator_c/vectornav_msgs/msg/detail/time_group__description.c.o[0m
[3.710s] [ 18%] [32mBuilding C object CMakeFiles/vectornav_msgs__rosidl_generator_c.dir/rosidl_generator_c/vectornav_msgs/msg/detail/time_group__type_support.c.o[0m
[3.731s] [ 19%] [32mBuilding C object CMakeFiles/vectornav_msgs__rosidl_generator_c.dir/rosidl_generator_c/vectornav_msgs/msg/detail/time_status__description.c.o[0m
[3.734s] [ 20%] [32mBuilding C object CMakeFiles/vectornav_msgs__rosidl_generator_c.dir/rosidl_generator_c/vectornav_msgs/msg/detail/time_status__functions.c.o[0m
[3.757s] [ 21%] [32mBuilding C object CMakeFiles/vectornav_msgs__rosidl_generator_c.dir/rosidl_generator_c/vectornav_msgs/msg/detail/time_status__type_support.c.o[0m
[3.761s] [ 21%] [32mBuilding C object CMakeFiles/vectornav_msgs__rosidl_generator_c.dir/rosidl_generator_c/vectornav_msgs/msg/detail/time_utc__description.c.o[0m
[3.772s] [ 22%] [32mBuilding C object CMakeFiles/vectornav_msgs__rosidl_generator_c.dir/rosidl_generator_c/vectornav_msgs/msg/detail/time_utc__functions.c.o[0m
[3.775s] [ 22%] [32mBuilding C object CMakeFiles/vectornav_msgs__rosidl_generator_c.dir/rosidl_generator_c/vectornav_msgs/msg/detail/time_utc__type_support.c.o[0m
[3.783s] [ 23%] [32mBuilding C object CMakeFiles/vectornav_msgs__rosidl_generator_c.dir/rosidl_generator_c/vectornav_msgs/msg/detail/vpe_status__functions.c.o[0m
[3.786s] [ 24%] [32mBuilding C object CMakeFiles/vectornav_msgs__rosidl_generator_c.dir/rosidl_generator_c/vectornav_msgs/msg/detail/vpe_status__description.c.o[0m
[3.793s] [ 25%] [32mBuilding C object CMakeFiles/vectornav_msgs__rosidl_generator_c.dir/rosidl_generator_c/vectornav_msgs/msg/detail/vpe_status__type_support.c.o[0m
[3.808s] [ 25%] [32mBuilding C object CMakeFiles/vectornav_msgs__rosidl_generator_c.dir/rosidl_generator_c/vectornav_msgs/action/detail/mag_cal__description.c.o[0m
[3.815s] [ 26%] [32mBuilding C object CMakeFiles/vectornav_msgs__rosidl_generator_c.dir/rosidl_generator_c/vectornav_msgs/action/detail/mag_cal__functions.c.o[0m
[3.824s] [ 27%] [32mBuilding C object CMakeFiles/vectornav_msgs__rosidl_generator_c.dir/rosidl_generator_c/vectornav_msgs/action/detail/mag_cal__type_support.c.o[0m
[3.886s] [ 27%] [32m[1mLinking C shared library libvectornav_msgs__rosidl_generator_c.so[0m
[3.934s] [ 27%] Built target vectornav_msgs__rosidl_generator_c
[3.946s] [ 28%] [34m[1mGenerating C type support dispatch for ROS interfaces[0m
[3.946s] [ 29%] [34m[1mGenerating C++ type support dispatch for ROS interfaces[0m
[3.947s] [ 30%] [34m[1mGenerating C introspection for ROS interfaces[0m
[3.947s] [ 30%] [34m[1mGenerating C++ type support for eProsima Fast-RTPS[0m
[3.947s] [ 31%] [34m[1mGenerating C type support for eProsima Fast-RTPS[0m
[3.947s] [ 31%] [34m[1mGenerating C++ introspection for ROS interfaces[0m
[4.866s] [ 34%] [32mBuilding CXX object CMakeFiles/vectornav_msgs__rosidl_typesupport_introspection_cpp.dir/rosidl_typesupport_introspection_cpp/vectornav_msgs/msg/detail/attitude_group__type_support.cpp.o[0m
[4.866s] [ 34%] [32mBuilding CXX object CMakeFiles/vectornav_msgs__rosidl_typesupport_introspection_cpp.dir/rosidl_typesupport_introspection_cpp/vectornav_msgs/msg/detail/common_group__type_support.cpp.o[0m
[4.867s] [ 34%] [32mBuilding CXX object CMakeFiles/vectornav_msgs__rosidl_typesupport_introspection_cpp.dir/rosidl_typesupport_introspection_cpp/vectornav_msgs/msg/detail/dop__type_support.cpp.o[0m
[5.075s] [ 35%] [32mBuilding C object CMakeFiles/vectornav_msgs__rosidl_typesupport_introspection_c.dir/rosidl_typesupport_introspection_c/vectornav_msgs/msg/detail/attitude_group__type_support.c.o[0m
[5.119s] [ 36%] [32mBuilding C object CMakeFiles/vectornav_msgs__rosidl_typesupport_introspection_c.dir/rosidl_typesupport_introspection_c/vectornav_msgs/msg/detail/common_group__type_support.c.o[0m
[5.169s] [ 36%] [32mBuilding C object CMakeFiles/vectornav_msgs__rosidl_typesupport_introspection_c.dir/rosidl_typesupport_introspection_c/vectornav_msgs/msg/detail/dop__type_support.c.o[0m
[5.218s] [ 37%] [32mBuilding C object CMakeFiles/vectornav_msgs__rosidl_typesupport_introspection_c.dir/rosidl_typesupport_introspection_c/vectornav_msgs/msg/detail/gps_group__type_support.c.o[0m
[5.262s] [ 38%] [32mBuilding C object CMakeFiles/vectornav_msgs__rosidl_typesupport_introspection_c.dir/rosidl_typesupport_introspection_c/vectornav_msgs/msg/detail/imu_group__type_support.c.o[0m
[5.299s] [ 38%] [32mBuilding CXX object CMakeFiles/vectornav_msgs__rosidl_typesupport_introspection_cpp.dir/rosidl_typesupport_introspection_cpp/vectornav_msgs/msg/detail/gps_group__type_support.cpp.o[0m
[5.306s] [ 39%] [32mBuilding C object CMakeFiles/vectornav_msgs__rosidl_typesupport_introspection_c.dir/rosidl_typesupport_introspection_c/vectornav_msgs/msg/detail/ins_group__type_support.c.o[0m
[5.319s] [ 39%] [32mBuilding C object CMakeFiles/vectornav_msgs__rosidl_typesupport_introspection_c.dir/rosidl_typesupport_introspection_c/vectornav_msgs/msg/detail/ins_status__type_support.c.o[0m
[5.353s] [ 40%] [32mBuilding C object CMakeFiles/vectornav_msgs__rosidl_typesupport_introspection_c.dir/rosidl_typesupport_introspection_c/vectornav_msgs/msg/detail/time_group__type_support.c.o[0m
[5.368s] [ 41%] [32mBuilding C object CMakeFiles/vectornav_msgs__rosidl_typesupport_introspection_c.dir/rosidl_typesupport_introspection_c/vectornav_msgs/msg/detail/time_status__type_support.c.o[0m
[5.393s] [ 41%] [32mBuilding C object CMakeFiles/vectornav_msgs__rosidl_typesupport_introspection_c.dir/rosidl_typesupport_introspection_c/vectornav_msgs/msg/detail/time_utc__type_support.c.o[0m
[5.415s] [ 42%] [32mBuilding C object CMakeFiles/vectornav_msgs__rosidl_typesupport_introspection_c.dir/rosidl_typesupport_introspection_c/vectornav_msgs/msg/detail/vpe_status__type_support.c.o[0m
[5.438s] [ 43%] [32mBuilding C object CMakeFiles/vectornav_msgs__rosidl_typesupport_introspection_c.dir/rosidl_typesupport_introspection_c/vectornav_msgs/action/detail/mag_cal__type_support.c.o[0m
[5.444s] [ 44%] [32mBuilding CXX object CMakeFiles/vectornav_msgs__rosidl_typesupport_introspection_cpp.dir/rosidl_typesupport_introspection_cpp/vectornav_msgs/msg/detail/imu_group__type_support.cpp.o[0m
[5.469s] [ 45%] [32mBuilding CXX object CMakeFiles/vectornav_msgs__rosidl_typesupport_introspection_cpp.dir/rosidl_typesupport_introspection_cpp/vectornav_msgs/msg/detail/ins_group__type_support.cpp.o[0m
[5.484s] [ 45%] [32mBuilding CXX object CMakeFiles/vectornav_msgs__rosidl_typesupport_c.dir/rosidl_typesupport_c/vectornav_msgs/msg/attitude_group__type_support.cpp.o[0m
[5.514s] [ 45%] [32m[1mLinking C shared library libvectornav_msgs__rosidl_typesupport_introspection_c.so[0m
[5.535s] [ 46%] [32mBuilding CXX object CMakeFiles/vectornav_msgs__rosidl_typesupport_c.dir/rosidl_typesupport_c/vectornav_msgs/msg/common_group__type_support.cpp.o[0m
[5.562s] [ 47%] [32mBuilding CXX object CMakeFiles/vectornav_msgs__rosidl_typesupport_cpp.dir/rosidl_typesupport_cpp/vectornav_msgs/msg/attitude_group__type_support.cpp.o[0m
[5.585s] [ 48%] [32mBuilding CXX object CMakeFiles/vectornav_msgs__rosidl_typesupport_c.dir/rosidl_typesupport_c/vectornav_msgs/msg/dop__type_support.cpp.o[0m
[5.585s] [ 48%] Built target vectornav_msgs__rosidl_typesupport_introspection_c
[5.594s] [ 48%] [32mBuilding CXX object CMakeFiles/vectornav_msgs__rosidl_typesupport_introspection_cpp.dir/rosidl_typesupport_introspection_cpp/vectornav_msgs/msg/detail/ins_status__type_support.cpp.o[0m
[5.631s] [ 48%] [32mBuilding CXX object CMakeFiles/vectornav_msgs__rosidl_typesupport_c.dir/rosidl_typesupport_c/vectornav_msgs/msg/gps_group__type_support.cpp.o[0m
[5.682s] [ 49%] [32mBuilding CXX object CMakeFiles/vectornav_msgs__rosidl_typesupport_c.dir/rosidl_typesupport_c/vectornav_msgs/msg/imu_group__type_support.cpp.o[0m
[5.723s] [ 50%] [32mBuilding CXX object CMakeFiles/vectornav_msgs__rosidl_typesupport_c.dir/rosidl_typesupport_c/vectornav_msgs/msg/ins_group__type_support.cpp.o[0m
[5.771s] [ 51%] [32mBuilding CXX object CMakeFiles/vectornav_msgs__rosidl_typesupport_c.dir/rosidl_typesupport_c/vectornav_msgs/msg/ins_status__type_support.cpp.o[0m
[5.816s] [ 51%] [32mBuilding CXX object CMakeFiles/vectornav_msgs__rosidl_typesupport_c.dir/rosidl_typesupport_c/vectornav_msgs/msg/time_group__type_support.cpp.o[0m
[5.851s] [ 51%] [32mBuilding CXX object CMakeFiles/vectornav_msgs__rosidl_typesupport_cpp.dir/rosidl_typesupport_cpp/vectornav_msgs/msg/common_group__type_support.cpp.o[0m
[5.882s] [ 52%] [32mBuilding CXX object CMakeFiles/vectornav_msgs__rosidl_typesupport_c.dir/rosidl_typesupport_c/vectornav_msgs/msg/time_status__type_support.cpp.o[0m
[5.886s] [ 53%] [32mBuilding CXX object CMakeFiles/vectornav_msgs__rosidl_typesupport_introspection_cpp.dir/rosidl_typesupport_introspection_cpp/vectornav_msgs/msg/detail/time_group__type_support.cpp.o[0m
[5.945s] [ 54%] [32mBuilding CXX object CMakeFiles/vectornav_msgs__rosidl_typesupport_c.dir/rosidl_typesupport_c/vectornav_msgs/msg/time_utc__type_support.cpp.o[0m
[5.969s] [ 55%] [32mBuilding CXX object CMakeFiles/vectornav_msgs__rosidl_typesupport_introspection_cpp.dir/rosidl_typesupport_introspection_cpp/vectornav_msgs/msg/detail/time_status__type_support.cpp.o[0m
[5.972s] [ 56%] [32mBuilding CXX object CMakeFiles/vectornav_msgs__rosidl_typesupport_cpp.dir/rosidl_typesupport_cpp/vectornav_msgs/msg/dop__type_support.cpp.o[0m
[5.989s] [ 56%] [32mBuilding CXX object CMakeFiles/vectornav_msgs__rosidl_typesupport_c.dir/rosidl_typesupport_c/vectornav_msgs/msg/vpe_status__type_support.cpp.o[0m
[6.017s] [ 57%] [32mBuilding CXX object CMakeFiles/vectornav_msgs__rosidl_typesupport_c.dir/rosidl_typesupport_c/vectornav_msgs/action/mag_cal__type_support.cpp.o[0m
[6.056s] [ 58%] [32mBuilding CXX object CMakeFiles/vectornav_msgs__rosidl_typesupport_cpp.dir/rosidl_typesupport_cpp/vectornav_msgs/msg/gps_group__type_support.cpp.o[0m
[6.093s] [ 59%] [32m[1mLinking CXX shared library libvectornav_msgs__rosidl_typesupport_c.so[0m
[6.093s] [ 59%] [32mBuilding CXX object CMakeFiles/vectornav_msgs__rosidl_typesupport_fastrtps_c.dir/rosidl_typesupport_fastrtps_c/vectornav_msgs/msg/detail/attitude_group__type_support_c.cpp.o[0m
[6.093s] [ 59%] [32mBuilding CXX object CMakeFiles/vectornav_msgs__rosidl_typesupport_fastrtps_cpp.dir/rosidl_typesupport_fastrtps_cpp/vectornav_msgs/msg/detail/dds_fastrtps/attitude_group__type_support.cpp.o[0m
[6.222s] [ 59%] Built target vectornav_msgs__rosidl_typesupport_c
[6.231s] [ 60%] [32mBuilding CXX object CMakeFiles/vectornav_msgs__rosidl_typesupport_fastrtps_cpp.dir/rosidl_typesupport_fastrtps_cpp/vectornav_msgs/msg/detail/dds_fastrtps/common_group__type_support.cpp.o[0m
[6.330s] [ 60%] [32mBuilding CXX object CMakeFiles/vectornav_msgs__rosidl_typesupport_introspection_cpp.dir/rosidl_typesupport_introspection_cpp/vectornav_msgs/msg/detail/time_utc__type_support.cpp.o[0m
[6.371s] [ 61%] [32mBuilding CXX object CMakeFiles/vectornav_msgs__rosidl_typesupport_fastrtps_c.dir/rosidl_typesupport_fastrtps_c/vectornav_msgs/msg/detail/common_group__type_support_c.cpp.o[0m
[6.426s] [ 62%] [32mBuilding CXX object CMakeFiles/vectornav_msgs__rosidl_typesupport_fastrtps_cpp.dir/rosidl_typesupport_fastrtps_cpp/vectornav_msgs/msg/detail/dds_fastrtps/dop__type_support.cpp.o[0m
[6.467s] [ 62%] [32mBuilding CXX object CMakeFiles/vectornav_msgs__rosidl_typesupport_fastrtps_cpp.dir/rosidl_typesupport_fastrtps_cpp/vectornav_msgs/msg/detail/dds_fastrtps/gps_group__type_support.cpp.o[0m
[6.478s] [ 63%] [32mBuilding CXX object CMakeFiles/vectornav_msgs__rosidl_typesupport_fastrtps_c.dir/rosidl_typesupport_fastrtps_c/vectornav_msgs/msg/detail/dop__type_support_c.cpp.o[0m
[6.547s] [ 63%] [32mBuilding CXX object CMakeFiles/vectornav_msgs__rosidl_typesupport_cpp.dir/rosidl_typesupport_cpp/vectornav_msgs/msg/imu_group__type_support.cpp.o[0m
[6.641s] [ 63%] [32mBuilding CXX object CMakeFiles/vectornav_msgs__rosidl_typesupport_fastrtps_c.dir/rosidl_typesupport_fastrtps_c/vectornav_msgs/msg/detail/gps_group__type_support_c.cpp.o[0m
[6.704s] [ 64%] [32mBuilding CXX object CMakeFiles/vectornav_msgs__rosidl_typesupport_introspection_cpp.dir/rosidl_typesupport_introspection_cpp/vectornav_msgs/msg/detail/vpe_status__type_support.cpp.o[0m
[6.794s] [ 65%] [32mBuilding CXX object CMakeFiles/vectornav_msgs__rosidl_typesupport_cpp.dir/rosidl_typesupport_cpp/vectornav_msgs/msg/ins_group__type_support.cpp.o[0m
[6.889s] [ 66%] [32mBuilding CXX object CMakeFiles/vectornav_msgs__rosidl_typesupport_fastrtps_cpp.dir/rosidl_typesupport_fastrtps_cpp/vectornav_msgs/msg/detail/dds_fastrtps/imu_group__type_support.cpp.o[0m
[6.901s] [ 67%] [32mBuilding CXX object CMakeFiles/vectornav_msgs__rosidl_typesupport_fastrtps_cpp.dir/rosidl_typesupport_fastrtps_cpp/vectornav_msgs/msg/detail/dds_fastrtps/ins_group__type_support.cpp.o[0m
[6.927s] [ 68%] [32mBuilding CXX object CMakeFiles/vectornav_msgs__rosidl_typesupport_fastrtps_cpp.dir/rosidl_typesupport_fastrtps_cpp/vectornav_msgs/msg/detail/dds_fastrtps/ins_status__type_support.cpp.o[0m
[6.946s] [ 69%] [32mBuilding CXX object CMakeFiles/vectornav_msgs__rosidl_typesupport_introspection_cpp.dir/rosidl_typesupport_introspection_cpp/vectornav_msgs/action/detail/mag_cal__type_support.cpp.o[0m
[6.998s] [ 70%] [32mBuilding CXX object CMakeFiles/vectornav_msgs__rosidl_typesupport_fastrtps_c.dir/rosidl_typesupport_fastrtps_c/vectornav_msgs/msg/detail/imu_group__type_support_c.cpp.o[0m
[7.080s] [ 71%] [32mBuilding CXX object CMakeFiles/vectornav_msgs__rosidl_typesupport_fastrtps_c.dir/rosidl_typesupport_fastrtps_c/vectornav_msgs/msg/detail/ins_group__type_support_c.cpp.o[0m
[7.137s] [ 72%] [32mBuilding CXX object CMakeFiles/vectornav_msgs__rosidl_typesupport_cpp.dir/rosidl_typesupport_cpp/vectornav_msgs/msg/ins_status__type_support.cpp.o[0m
[7.271s] [ 72%] [32mBuilding CXX object CMakeFiles/vectornav_msgs__rosidl_typesupport_fastrtps_c.dir/rosidl_typesupport_fastrtps_c/vectornav_msgs/msg/detail/ins_status__type_support_c.cpp.o[0m
[7.349s] [ 73%] [32mBuilding CXX object CMakeFiles/vectornav_msgs__rosidl_typesupport_fastrtps_c.dir/rosidl_typesupport_fastrtps_c/vectornav_msgs/msg/detail/time_group__type_support_c.cpp.o[0m
[7.437s] [ 73%] [32mBuilding CXX object CMakeFiles/vectornav_msgs__rosidl_typesupport_cpp.dir/rosidl_typesupport_cpp/vectornav_msgs/msg/time_group__type_support.cpp.o[0m
[7.437s] [ 74%] [32mBuilding CXX object CMakeFiles/vectornav_msgs__rosidl_typesupport_cpp.dir/rosidl_typesupport_cpp/vectornav_msgs/msg/time_status__type_support.cpp.o[0m
[7.551s] [ 74%] [32mBuilding CXX object CMakeFiles/vectornav_msgs__rosidl_typesupport_fastrtps_cpp.dir/rosidl_typesupport_fastrtps_cpp/vectornav_msgs/msg/detail/dds_fastrtps/time_group__type_support.cpp.o[0m
[7.565s] [ 75%] [32mBuilding CXX object CMakeFiles/vectornav_msgs__rosidl_typesupport_cpp.dir/rosidl_typesupport_cpp/vectornav_msgs/msg/time_utc__type_support.cpp.o[0m
[7.585s] [ 76%] [32mBuilding CXX object CMakeFiles/vectornav_msgs__rosidl_typesupport_fastrtps_cpp.dir/rosidl_typesupport_fastrtps_cpp/vectornav_msgs/msg/detail/dds_fastrtps/time_status__type_support.cpp.o[0m
[7.699s] [ 77%] [32mBuilding CXX object CMakeFiles/vectornav_msgs__rosidl_typesupport_fastrtps_cpp.dir/rosidl_typesupport_fastrtps_cpp/vectornav_msgs/msg/detail/dds_fastrtps/time_utc__type_support.cpp.o[0m
[7.713s] [ 78%] [32mBuilding CXX object CMakeFiles/vectornav_msgs__rosidl_typesupport_fastrtps_c.dir/rosidl_typesupport_fastrtps_c/vectornav_msgs/msg/detail/time_status__type_support_c.cpp.o[0m
[7.799s] [ 79%] [32m[1mLinking CXX shared library libvectornav_msgs__rosidl_typesupport_introspection_cpp.so[0m
[7.813s] [ 79%] [32mBuilding CXX object CMakeFiles/vectornav_msgs__rosidl_typesupport_fastrtps_c.dir/rosidl_typesupport_fastrtps_c/vectornav_msgs/msg/detail/time_utc__type_support_c.cpp.o[0m
[7.894s] [ 79%] [32mBuilding CXX object CMakeFiles/vectornav_msgs__rosidl_typesupport_fastrtps_cpp.dir/rosidl_typesupport_fastrtps_cpp/vectornav_msgs/msg/detail/dds_fastrtps/vpe_status__type_support.cpp.o[0m
[7.953s] [ 79%] Built target vectornav_msgs__rosidl_typesupport_introspection_cpp
[7.963s] [ 80%] [32mBuilding CXX object CMakeFiles/vectornav_msgs__rosidl_typesupport_fastrtps_c.dir/rosidl_typesupport_fastrtps_c/vectornav_msgs/msg/detail/vpe_status__type_support_c.cpp.o[0m
[7.967s] [ 80%] [32mBuilding CXX object CMakeFiles/vectornav_msgs__rosidl_typesupport_cpp.dir/rosidl_typesupport_cpp/vectornav_msgs/msg/vpe_status__type_support.cpp.o[0m
[8.088s] [ 81%] [32mBuilding CXX object CMakeFiles/vectornav_msgs__rosidl_typesupport_cpp.dir/rosidl_typesupport_cpp/vectornav_msgs/action/mag_cal__type_support.cpp.o[0m
[8.170s] [ 82%] [32mBuilding CXX object CMakeFiles/vectornav_msgs__rosidl_typesupport_fastrtps_cpp.dir/rosidl_typesupport_fastrtps_cpp/vectornav_msgs/action/detail/dds_fastrtps/mag_cal__type_support.cpp.o[0m
[8.207s] [ 83%] [32mBuilding CXX object CMakeFiles/vectornav_msgs__rosidl_typesupport_fastrtps_c.dir/rosidl_typesupport_fastrtps_c/vectornav_msgs/action/detail/mag_cal__type_support_c.cpp.o[0m
[8.580s] [ 84%] [32m[1mLinking CXX shared library libvectornav_msgs__rosidl_typesupport_cpp.so[0m
[8.655s] [ 84%] Built target vectornav_msgs__rosidl_typesupport_cpp
[8.672s] [ 85%] [32m[1mLinking CXX shared library libvectornav_msgs__rosidl_typesupport_fastrtps_c.so[0m
[8.748s] [ 85%] Built target vectornav_msgs__rosidl_typesupport_fastrtps_c
[8.771s] [ 86%] [32m[1mLinking CXX shared library libvectornav_msgs__rosidl_typesupport_fastrtps_cpp.so[0m
[8.842s] [ 86%] Built target vectornav_msgs__rosidl_typesupport_fastrtps_cpp
[8.864s] [ 86%] Built target vectornav_msgs
[8.893s] [ 87%] [34m[1mGenerating Python code for ROS interfaces[0m
[10.708s] [ 87%] Built target vectornav_msgs__py
[10.734s] [ 89%] [32mBuilding C object CMakeFiles/vectornav_msgs__rosidl_generator_py.dir/rosidl_generator_py/vectornav_msgs/msg/_attitude_group_s.c.o[0m
[10.735s] [ 89%] [32mBuilding C object CMakeFiles/vectornav_msgs__rosidl_generator_py.dir/rosidl_generator_py/vectornav_msgs/msg/_common_group_s.c.o[0m
[10.735s] [ 90%] [32mBuilding C object CMakeFiles/vectornav_msgs__rosidl_generator_py.dir/rosidl_generator_py/vectornav_msgs/msg/_dop_s.c.o[0m
[10.735s] [ 90%] [32mBuilding C object CMakeFiles/vectornav_msgs__rosidl_generator_py.dir/rosidl_generator_py/vectornav_msgs/msg/_gps_group_s.c.o[0m
[10.736s] [ 91%] [32mBuilding C object CMakeFiles/vectornav_msgs__rosidl_generator_py.dir/rosidl_generator_py/vectornav_msgs/msg/_imu_group_s.c.o[0m
[10.736s] [ 91%] [32mBuilding C object CMakeFiles/vectornav_msgs__rosidl_generator_py.dir/rosidl_generator_py/vectornav_msgs/msg/_ins_group_s.c.o[0m
[10.736s] [ 92%] [32mBuilding C object CMakeFiles/vectornav_msgs__rosidl_generator_py.dir/rosidl_generator_py/vectornav_msgs/msg/_ins_status_s.c.o[0m
[10.737s] [ 93%] [32mBuilding C object CMakeFiles/vectornav_msgs__rosidl_generator_py.dir/rosidl_generator_py/vectornav_msgs/msg/_time_group_s.c.o[0m
[10.911s] [ 94%] [32mBuilding C object CMakeFiles/vectornav_msgs__rosidl_generator_py.dir/rosidl_generator_py/vectornav_msgs/msg/_time_status_s.c.o[0m
[10.911s] [ 94%] [32mBuilding C object CMakeFiles/vectornav_msgs__rosidl_generator_py.dir/rosidl_generator_py/vectornav_msgs/msg/_time_utc_s.c.o[0m
[10.911s] [ 95%] [32mBuilding C object CMakeFiles/vectornav_msgs__rosidl_generator_py.dir/rosidl_generator_py/vectornav_msgs/msg/_vpe_status_s.c.o[0m
[10.914s] [ 96%] [32mBuilding C object CMakeFiles/vectornav_msgs__rosidl_generator_py.dir/rosidl_generator_py/vectornav_msgs/action/_mag_cal_s.c.o[0m
[11.052s] [ 96%] [32m[1mLinking C shared library rosidl_generator_py/vectornav_msgs/libvectornav_msgs__rosidl_generator_py.so[0m
[11.095s] [ 96%] Built target vectornav_msgs__rosidl_generator_py
[11.110s] [ 97%] [32mBuilding C object CMakeFiles/vectornav_msgs__rosidl_typesupport_introspection_c__pyext.dir/rosidl_generator_py/vectornav_msgs/_vectornav_msgs_s.ep.rosidl_typesupport_introspection_c.c.o[0m
[11.111s] [ 97%] [32mBuilding C object CMakeFiles/vectornav_msgs__rosidl_typesupport_c__pyext.dir/rosidl_generator_py/vectornav_msgs/_vectornav_msgs_s.ep.rosidl_typesupport_c.c.o[0m
[11.113s] [ 97%] [32mBuilding C object CMakeFiles/vectornav_msgs__rosidl_typesupport_fastrtps_c__pyext.dir/rosidl_generator_py/vectornav_msgs/_vectornav_msgs_s.ep.rosidl_typesupport_fastrtps_c.c.o[0m
[11.197s] [ 98%] [32m[1mLinking C shared library rosidl_generator_py/vectornav_msgs/vectornav_msgs_s__rosidl_typesupport_c.cpython-310-x86_64-linux-gnu.so[0m
[11.197s] [ 99%] [32m[1mLinking C shared library rosidl_generator_py/vectornav_msgs/vectornav_msgs_s__rosidl_typesupport_introspection_c.cpython-310-x86_64-linux-gnu.so[0m
[11.242s] [100%] [32m[1mLinking C shared library rosidl_generator_py/vectornav_msgs/vectornav_msgs_s__rosidl_typesupport_fastrtps_c.cpython-310-x86_64-linux-gnu.so[0m
[11.248s] [100%] Built target vectornav_msgs__rosidl_typesupport_c__pyext
[11.258s] [100%] Built target vectornav_msgs__rosidl_typesupport_introspection_c__pyext
[11.291s] [100%] Built target vectornav_msgs__rosidl_typesupport_fastrtps_c__pyext
[11.305s] Invoked command in '/home/qeftser/vip/vectornav/src/vectornav-ros2/build/vectornav_msgs' returned '0': CMAKE_PREFIX_PATH=/opt/ros/iron /usr/bin/cmake --build /home/qeftser/vip/vectornav/src/vectornav-ros2/build/vectornav_msgs -- -j8 -l8
[11.314s] Invoking command in '/home/qeftser/vip/vectornav/src/vectornav-ros2/build/vectornav_msgs': CMAKE_PREFIX_PATH=/opt/ros/iron /usr/bin/cmake --install /home/qeftser/vip/vectornav/src/vectornav-ros2/build/vectornav_msgs
[11.320s] -- Install configuration: ""
[11.320s] -- Installing: /home/qeftser/vip/vectornav/src/vectornav-ros2/install/vectornav_msgs/share/ament_index/resource_index/rosidl_interfaces/vectornav_msgs
[11.320s] -- Installing: /home/qeftser/vip/vectornav/src/vectornav-ros2/install/vectornav_msgs/share/vectornav_msgs/msg/AttitudeGroup.json
[11.320s] -- Installing: /home/qeftser/vip/vectornav/src/vectornav-ros2/install/vectornav_msgs/share/vectornav_msgs/msg/CommonGroup.json
[11.320s] -- Installing: /home/qeftser/vip/vectornav/src/vectornav-ros2/install/vectornav_msgs/share/vectornav_msgs/msg/DOP.json
[11.320s] -- Installing: /home/qeftser/vip/vectornav/src/vectornav-ros2/install/vectornav_msgs/share/vectornav_msgs/msg/GpsGroup.json
[11.321s] -- Installing: /home/qeftser/vip/vectornav/src/vectornav-ros2/install/vectornav_msgs/share/vectornav_msgs/msg/ImuGroup.json
[11.321s] -- Installing: /home/qeftser/vip/vectornav/src/vectornav-ros2/install/vectornav_msgs/share/vectornav_msgs/msg/InsGroup.json
[11.321s] -- Installing: /home/qeftser/vip/vectornav/src/vectornav-ros2/install/vectornav_msgs/share/vectornav_msgs/msg/InsStatus.json
[11.321s] -- Installing: /home/qeftser/vip/vectornav/src/vectornav-ros2/install/vectornav_msgs/share/vectornav_msgs/msg/TimeGroup.json
[11.321s] -- Installing: /home/qeftser/vip/vectornav/src/vectornav-ros2/install/vectornav_msgs/share/vectornav_msgs/msg/TimeStatus.json
[11.321s] -- Installing: /home/qeftser/vip/vectornav/src/vectornav-ros2/install/vectornav_msgs/share/vectornav_msgs/msg/TimeUTC.json
[11.321s] -- Installing: /home/qeftser/vip/vectornav/src/vectornav-ros2/install/vectornav_msgs/share/vectornav_msgs/msg/VpeStatus.json
[11.321s] -- Installing: /home/qeftser/vip/vectornav/src/vectornav-ros2/install/vectornav_msgs/share/vectornav_msgs/action/MagCal.json
[11.321s] -- Installing: /home/qeftser/vip/vectornav/src/vectornav-ros2/install/vectornav_msgs/include/vectornav_msgs/vectornav_msgs
[11.321s] -- Installing: /home/qeftser/vip/vectornav/src/vectornav-ros2/install/vectornav_msgs/include/vectornav_msgs/vectornav_msgs/msg
[11.321s] -- Installing: /home/qeftser/vip/vectornav/src/vectornav-ros2/install/vectornav_msgs/include/vectornav_msgs/vectornav_msgs/msg/time_status.h
[11.321s] -- Installing: /home/qeftser/vip/vectornav/src/vectornav-ros2/install/vectornav_msgs/include/vectornav_msgs/vectornav_msgs/msg/ins_status.h
[11.321s] -- Installing: /home/qeftser/vip/vectornav/src/vectornav-ros2/install/vectornav_msgs/include/vectornav_msgs/vectornav_msgs/msg/time_group.h
[11.321s] -- Installing: /home/qeftser/vip/vectornav/src/vectornav-ros2/install/vectornav_msgs/include/vectornav_msgs/vectornav_msgs/msg/gps_group.h
[11.321s] -- Installing: /home/qeftser/vip/vectornav/src/vectornav-ros2/install/vectornav_msgs/include/vectornav_msgs/vectornav_msgs/msg/time_utc.h
[11.321s] -- Installing: /home/qeftser/vip/vectornav/src/vectornav-ros2/install/vectornav_msgs/include/vectornav_msgs/vectornav_msgs/msg/detail
[11.321s] -- Installing: /home/qeftser/vip/vectornav/src/vectornav-ros2/install/vectornav_msgs/include/vectornav_msgs/vectornav_msgs/msg/detail/vpe_status__struct.h
[11.322s] -- Installing: /home/qeftser/vip/vectornav/src/vectornav-ros2/install/vectornav_msgs/include/vectornav_msgs/vectornav_msgs/msg/detail/imu_group__type_support.h
[11.322s] -- Installing: /home/qeftser/vip/vectornav/src/vectornav-ros2/install/vectornav_msgs/include/vectornav_msgs/vectornav_msgs/msg/detail/common_group__functions.c
[11.322s] -- Installing: /home/qeftser/vip/vectornav/src/vectornav-ros2/install/vectornav_msgs/include/vectornav_msgs/vectornav_msgs/msg/detail/imu_group__functions.h
[11.322s] -- Installing: /home/qeftser/vip/vectornav/src/vectornav-ros2/install/vectornav_msgs/include/vectornav_msgs/vectornav_msgs/msg/detail/ins_group__type_support.h
[11.322s] -- Installing: /home/qeftser/vip/vectornav/src/vectornav-ros2/install/vectornav_msgs/include/vectornav_msgs/vectornav_msgs/msg/detail/vpe_status__description.c
[11.322s] -- Installing: /home/qeftser/vip/vectornav/src/vectornav-ros2/install/vectornav_msgs/include/vectornav_msgs/vectornav_msgs/msg/detail/dop__type_support.c
[11.322s] -- Installing: /home/qeftser/vip/vectornav/src/vectornav-ros2/install/vectornav_msgs/include/vectornav_msgs/vectornav_msgs/msg/detail/vpe_status__functions.c
[11.322s] -- Installing: /home/qeftser/vip/vectornav/src/vectornav-ros2/install/vectornav_msgs/include/vectornav_msgs/vectornav_msgs/msg/detail/attitude_group__struct.h
[11.322s] -- Installing: /home/qeftser/vip/vectornav/src/vectornav-ros2/install/vectornav_msgs/include/vectornav_msgs/vectornav_msgs/msg/detail/dop__type_support.h
[11.322s] -- Installing: /home/qeftser/vip/vectornav/src/vectornav-ros2/install/vectornav_msgs/include/vectornav_msgs/vectornav_msgs/msg/detail/ins_group__description.c
[11.322s] -- Installing: /home/qeftser/vip/vectornav/src/vectornav-ros2/install/vectornav_msgs/include/vectornav_msgs/vectornav_msgs/msg/detail/ins_status__functions.h
[11.322s] -- Installing: /home/qeftser/vip/vectornav/src/vectornav-ros2/install/vectornav_msgs/include/vectornav_msgs/vectornav_msgs/msg/detail/time_group__description.c
[11.322s] -- Installing: /home/qeftser/vip/vectornav/src/vectornav-ros2/install/vectornav_msgs/include/vectornav_msgs/vectornav_msgs/msg/detail/gps_group__type_support.h
[11.322s] -- Installing: /home/qeftser/vip/vectornav/src/vectornav-ros2/install/vectornav_msgs/include/vectornav_msgs/vectornav_msgs/msg/detail/time_utc__functions.c
[11.322s] -- Installing: /home/qeftser/vip/vectornav/src/vectornav-ros2/install/vectornav_msgs/include/vectornav_msgs/vectornav_msgs/msg/detail/dop__description.c
[11.322s] -- Installing: /home/qeftser/vip/vectornav/src/vectornav-ros2/install/vectornav_msgs/include/vectornav_msgs/vectornav_msgs/msg/detail/time_status__description.c
[11.322s] -- Installing: /home/qeftser/vip/vectornav/src/vectornav-ros2/install/vectornav_msgs/include/vectornav_msgs/vectornav_msgs/msg/detail/ins_group__functions.c
[11.323s] -- Installing: /home/qeftser/vip/vectornav/src/vectornav-ros2/install/vectornav_msgs/include/vectornav_msgs/vectornav_msgs/msg/detail/imu_group__type_support.c
[11.323s] -- Installing: /home/qeftser/vip/vectornav/src/vectornav-ros2/install/vectornav_msgs/include/vectornav_msgs/vectornav_msgs/msg/detail/ins_status__type_support.c
[11.323s] -- Installing: /home/qeftser/vip/vectornav/src/vectornav-ros2/install/vectornav_msgs/include/vectornav_msgs/vectornav_msgs/msg/detail/time_status__functions.h
[11.323s] -- Installing: /home/qeftser/vip/vectornav/src/vectornav-ros2/install/vectornav_msgs/include/vectornav_msgs/vectornav_msgs/msg/detail/attitude_group__description.c
[11.323s] -- Installing: /home/qeftser/vip/vectornav/src/vectornav-ros2/install/vectornav_msgs/include/vectornav_msgs/vectornav_msgs/msg/detail/time_status__struct.h
[11.323s] -- Installing: /home/qeftser/vip/vectornav/src/vectornav-ros2/install/vectornav_msgs/include/vectornav_msgs/vectornav_msgs/msg/detail/gps_group__type_support.c
[11.323s] -- Installing: /home/qeftser/vip/vectornav/src/vectornav-ros2/install/vectornav_msgs/include/vectornav_msgs/vectornav_msgs/msg/detail/gps_group__struct.h
[11.323s] -- Installing: /home/qeftser/vip/vectornav/src/vectornav-ros2/install/vectornav_msgs/include/vectornav_msgs/vectornav_msgs/msg/detail/attitude_group__functions.h
[11.323s] -- Installing: /home/qeftser/vip/vectornav/src/vectornav-ros2/install/vectornav_msgs/include/vectornav_msgs/vectornav_msgs/msg/detail/ins_group__struct.h
[11.323s] -- Installing: /home/qeftser/vip/vectornav/src/vectornav-ros2/install/vectornav_msgs/include/vectornav_msgs/vectornav_msgs/msg/detail/vpe_status__type_support.c
[11.323s] -- Installing: /home/qeftser/vip/vectornav/src/vectornav-ros2/install/vectornav_msgs/include/vectornav_msgs/vectornav_msgs/msg/detail/common_group__description.c
[11.323s] -- Installing: /home/qeftser/vip/vectornav/src/vectornav-ros2/install/vectornav_msgs/include/vectornav_msgs/vectornav_msgs/msg/detail/time_group__struct.h
[11.323s] -- Installing: /home/qeftser/vip/vectornav/src/vectornav-ros2/install/vectornav_msgs/include/vectornav_msgs/vectornav_msgs/msg/detail/ins_status__struct.h
[11.323s] -- Installing: /home/qeftser/vip/vectornav/src/vectornav-ros2/install/vectornav_msgs/include/vectornav_msgs/vectornav_msgs/msg/detail/vpe_status__type_support.h
[11.323s] -- Installing: /home/qeftser/vip/vectornav/src/vectornav-ros2/install/vectornav_msgs/include/vectornav_msgs/vectornav_msgs/msg/detail/time_utc__description.c
[11.323s] -- Installing: /home/qeftser/vip/vectornav/src/vectornav-ros2/install/vectornav_msgs/include/vectornav_msgs/vectornav_msgs/msg/detail/common_group__type_support.h
[11.323s] -- Installing: /home/qeftser/vip/vectornav/src/vectornav-ros2/install/vectornav_msgs/include/vectornav_msgs/vectornav_msgs/msg/detail/common_group__struct.h
[11.324s] -- Installing: /home/qeftser/vip/vectornav/src/vectornav-ros2/install/vectornav_msgs/include/vectornav_msgs/vectornav_msgs/msg/detail/vpe_status__functions.h
[11.324s] -- Installing: /home/qeftser/vip/vectornav/src/vectornav-ros2/install/vectornav_msgs/include/vectornav_msgs/vectornav_msgs/msg/detail/common_group__functions.h
[11.324s] -- Installing: /home/qeftser/vip/vectornav/src/vectornav-ros2/install/vectornav_msgs/include/vectornav_msgs/vectornav_msgs/msg/detail/attitude_group__type_support.c
[11.324s] -- Installing: /home/qeftser/vip/vectornav/src/vectornav-ros2/install/vectornav_msgs/include/vectornav_msgs/vectornav_msgs/msg/detail/ins_status__description.c
[11.324s] -- Installing: /home/qeftser/vip/vectornav/src/vectornav-ros2/install/vectornav_msgs/include/vectornav_msgs/vectornav_msgs/msg/detail/time_utc__type_support.c
[11.324s] -- Installing: /home/qeftser/vip/vectornav/src/vectornav-ros2/install/vectornav_msgs/include/vectornav_msgs/vectornav_msgs/msg/detail/dop__functions.c
[11.324s] -- Installing: /home/qeftser/vip/vectornav/src/vectornav-ros2/install/vectornav_msgs/include/vectornav_msgs/vectornav_msgs/msg/detail/time_utc__type_support.h
[11.324s] -- Installing: /home/qeftser/vip/vectornav/src/vectornav-ros2/install/vectornav_msgs/include/vectornav_msgs/vectornav_msgs/msg/detail/imu_group__functions.c
[11.324s] -- Installing: /home/qeftser/vip/vectornav/src/vectornav-ros2/install/vectornav_msgs/include/vectornav_msgs/vectornav_msgs/msg/detail/ins_group__type_support.c
[11.324s] -- Installing: /home/qeftser/vip/vectornav/src/vectornav-ros2/install/vectornav_msgs/include/vectornav_msgs/vectornav_msgs/msg/detail/attitude_group__functions.c
[11.324s] -- Installing: /home/qeftser/vip/vectornav/src/vectornav-ros2/install/vectornav_msgs/include/vectornav_msgs/vectornav_msgs/msg/detail/ins_group__functions.h
[11.324s] -- Installing: /home/qeftser/vip/vectornav/src/vectornav-ros2/install/vectornav_msgs/include/vectornav_msgs/vectornav_msgs/msg/detail/imu_group__struct.h
[11.324s] -- Installing: /home/qeftser/vip/vectornav/src/vectornav-ros2/install/vectornav_msgs/include/vectornav_msgs/vectornav_msgs/msg/detail/time_group__type_support.c
[11.324s] -- Installing: /home/qeftser/vip/vectornav/src/vectornav-ros2/install/vectornav_msgs/include/vectornav_msgs/vectornav_msgs/msg/detail/gps_group__functions.h
[11.324s] -- Installing: /home/qeftser/vip/vectornav/src/vectornav-ros2/install/vectornav_msgs/include/vectornav_msgs/vectornav_msgs/msg/detail/time_utc__functions.h
[11.324s] -- Installing: /home/qeftser/vip/vectornav/src/vectornav-ros2/install/vectornav_msgs/include/vectornav_msgs/vectornav_msgs/msg/detail/gps_group__description.c
[11.324s] -- Installing: /home/qeftser/vip/vectornav/src/vectornav-ros2/install/vectornav_msgs/include/vectornav_msgs/vectornav_msgs/msg/detail/time_status__functions.c
[11.325s] -- Installing: /home/qeftser/vip/vectornav/src/vectornav-ros2/install/vectornav_msgs/include/vectornav_msgs/vectornav_msgs/msg/detail/dop__struct.h
[11.325s] -- Installing: /home/qeftser/vip/vectornav/src/vectornav-ros2/install/vectornav_msgs/include/vectornav_msgs/vectornav_msgs/msg/detail/time_status__type_support.c
[11.325s] -- Installing: /home/qeftser/vip/vectornav/src/vectornav-ros2/install/vectornav_msgs/include/vectornav_msgs/vectornav_msgs/msg/detail/common_group__type_support.c
[11.325s] -- Installing: /home/qeftser/vip/vectornav/src/vectornav-ros2/install/vectornav_msgs/include/vectornav_msgs/vectornav_msgs/msg/detail/gps_group__functions.c
[11.325s] -- Installing: /home/qeftser/vip/vectornav/src/vectornav-ros2/install/vectornav_msgs/include/vectornav_msgs/vectornav_msgs/msg/detail/time_group__functions.h
[11.325s] -- Installing: /home/qeftser/vip/vectornav/src/vectornav-ros2/install/vectornav_msgs/include/vectornav_msgs/vectornav_msgs/msg/detail/time_utc__struct.h
[11.325s] -- Installing: /home/qeftser/vip/vectornav/src/vectornav-ros2/install/vectornav_msgs/include/vectornav_msgs/vectornav_msgs/msg/detail/ins_status__functions.c
[11.325s] -- Installing: /home/qeftser/vip/vectornav/src/vectornav-ros2/install/vectornav_msgs/include/vectornav_msgs/vectornav_msgs/msg/detail/time_status__type_support.h
[11.325s] -- Installing: /home/qeftser/vip/vectornav/src/vectornav-ros2/install/vectornav_msgs/include/vectornav_msgs/vectornav_msgs/msg/detail/time_group__functions.c
[11.325s] -- Installing: /home/qeftser/vip/vectornav/src/vectornav-ros2/install/vectornav_msgs/include/vectornav_msgs/vectornav_msgs/msg/detail/time_group__type_support.h
[11.325s] -- Installing: /home/qeftser/vip/vectornav/src/vectornav-ros2/install/vectornav_msgs/include/vectornav_msgs/vectornav_msgs/msg/detail/attitude_group__type_support.h
[11.325s] -- Installing: /home/qeftser/vip/vectornav/src/vectornav-ros2/install/vectornav_msgs/include/vectornav_msgs/vectornav_msgs/msg/detail/dop__functions.h
[11.325s] -- Installing: /home/qeftser/vip/vectornav/src/vectornav-ros2/install/vectornav_msgs/include/vectornav_msgs/vectornav_msgs/msg/detail/imu_group__description.c
[11.325s] -- Installing: /home/qeftser/vip/vectornav/src/vectornav-ros2/install/vectornav_msgs/include/vectornav_msgs/vectornav_msgs/msg/detail/ins_status__type_support.h
[11.325s] -- Installing: /home/qeftser/vip/vectornav/src/vectornav-ros2/install/vectornav_msgs/include/vectornav_msgs/vectornav_msgs/msg/common_group.h
[11.325s] -- Installing: /home/qeftser/vip/vectornav/src/vectornav-ros2/install/vectornav_msgs/include/vectornav_msgs/vectornav_msgs/msg/vpe_status.h
[11.325s] -- Installing: /home/qeftser/vip/vectornav/src/vectornav-ros2/install/vectornav_msgs/include/vectornav_msgs/vectornav_msgs/msg/ins_group.h
[11.326s] -- Installing: /home/qeftser/vip/vectornav/src/vectornav-ros2/install/vectornav_msgs/include/vectornav_msgs/vectornav_msgs/msg/rosidl_generator_c__visibility_control.h
[11.326s] -- Installing: /home/qeftser/vip/vectornav/src/vectornav-ros2/install/vectornav_msgs/include/vectornav_msgs/vectornav_msgs/msg/attitude_group.h
[11.326s] -- Installing: /home/qeftser/vip/vectornav/src/vectornav-ros2/install/vectornav_msgs/include/vectornav_msgs/vectornav_msgs/msg/imu_group.h
[11.326s] -- Installing: /home/qeftser/vip/vectornav/src/vectornav-ros2/install/vectornav_msgs/include/vectornav_msgs/vectornav_msgs/msg/dop.h
[11.326s] -- Installing: /home/qeftser/vip/vectornav/src/vectornav-ros2/install/vectornav_msgs/include/vectornav_msgs/vectornav_msgs/action
[11.326s] -- Installing: /home/qeftser/vip/vectornav/src/vectornav-ros2/install/vectornav_msgs/include/vectornav_msgs/vectornav_msgs/action/detail
[11.326s] -- Installing: /home/qeftser/vip/vectornav/src/vectornav-ros2/install/vectornav_msgs/include/vectornav_msgs/vectornav_msgs/action/detail/mag_cal__functions.h
[11.326s] -- Installing: /home/qeftser/vip/vectornav/src/vectornav-ros2/install/vectornav_msgs/include/vectornav_msgs/vectornav_msgs/action/detail/mag_cal__functions.c
[11.326s] -- Installing: /home/qeftser/vip/vectornav/src/vectornav-ros2/install/vectornav_msgs/include/vectornav_msgs/vectornav_msgs/action/detail/mag_cal__type_support.c
[11.326s] -- Installing: /home/qeftser/vip/vectornav/src/vectornav-ros2/install/vectornav_msgs/include/vectornav_msgs/vectornav_msgs/action/detail/mag_cal__struct.h
[11.326s] -- Installing: /home/qeftser/vip/vectornav/src/vectornav-ros2/install/vectornav_msgs/include/vectornav_msgs/vectornav_msgs/action/detail/mag_cal__description.c
[11.326s] -- Installing: /home/qeftser/vip/vectornav/src/vectornav-ros2/install/vectornav_msgs/include/vectornav_msgs/vectornav_msgs/action/detail/mag_cal__type_support.h
[11.326s] -- Installing: /home/qeftser/vip/vectornav/src/vectornav-ros2/install/vectornav_msgs/include/vectornav_msgs/vectornav_msgs/action/mag_cal.h
[11.326s] -- Installing: /home/qeftser/vip/vectornav/src/vectornav-ros2/install/vectornav_msgs/share/vectornav_msgs/environment/library_path.sh
[11.326s] -- Installing: /home/qeftser/vip/vectornav/src/vectornav-ros2/install/vectornav_msgs/share/vectornav_msgs/environment/library_path.dsv
[11.327s] -- Installing: /home/qeftser/vip/vectornav/src/vectornav-ros2/install/vectornav_msgs/lib/libvectornav_msgs__rosidl_generator_c.so
[11.327s] -- Set runtime path of "/home/qeftser/vip/vectornav/src/vectornav-ros2/install/vectornav_msgs/lib/libvectornav_msgs__rosidl_generator_c.so" to ""
[11.327s] -- Up-to-date: /home/qeftser/vip/vectornav/src/vectornav-ros2/install/vectornav_msgs/include/vectornav_msgs/vectornav_msgs
[11.327s] -- Up-to-date: /home/qeftser/vip/vectornav/src/vectornav-ros2/install/vectornav_msgs/include/vectornav_msgs/vectornav_msgs/msg
[11.327s] -- Up-to-date: /home/qeftser/vip/vectornav/src/vectornav-ros2/install/vectornav_msgs/include/vectornav_msgs/vectornav_msgs/msg/detail
[11.327s] -- Installing: /home/qeftser/vip/vectornav/src/vectornav-ros2/install/vectornav_msgs/include/vectornav_msgs/vectornav_msgs/msg/detail/dop__rosidl_typesupport_fastrtps_c.h
[11.327s] -- Installing: /home/qeftser/vip/vectornav/src/vectornav-ros2/install/vectornav_msgs/include/vectornav_msgs/vectornav_msgs/msg/detail/gps_group__rosidl_typesupport_fastrtps_c.h
[11.327s] -- Installing: /home/qeftser/vip/vectornav/src/vectornav-ros2/install/vectornav_msgs/include/vectornav_msgs/vectornav_msgs/msg/detail/common_group__rosidl_typesupport_fastrtps_c.h
[11.327s] -- Installing: /home/qeftser/vip/vectornav/src/vectornav-ros2/install/vectornav_msgs/include/vectornav_msgs/vectornav_msgs/msg/detail/ins_group__rosidl_typesupport_fastrtps_c.h
[11.327s] -- Installing: /home/qeftser/vip/vectornav/src/vectornav-ros2/install/vectornav_msgs/include/vectornav_msgs/vectornav_msgs/msg/detail/time_status__rosidl_typesupport_fastrtps_c.h
[11.327s] -- Installing: /home/qeftser/vip/vectornav/src/vectornav-ros2/install/vectornav_msgs/include/vectornav_msgs/vectornav_msgs/msg/detail/attitude_group__rosidl_typesupport_fastrtps_c.h
[11.328s] -- Installing: /home/qeftser/vip/vectornav/src/vectornav-ros2/install/vectornav_msgs/include/vectornav_msgs/vectornav_msgs/msg/detail/imu_group__rosidl_typesupport_fastrtps_c.h
[11.328s] -- Installing: /home/qeftser/vip/vectornav/src/vectornav-ros2/install/vectornav_msgs/include/vectornav_msgs/vectornav_msgs/msg/detail/vpe_status__rosidl_typesupport_fastrtps_c.h
[11.328s] -- Installing: /home/qeftser/vip/vectornav/src/vectornav-ros2/install/vectornav_msgs/include/vectornav_msgs/vectornav_msgs/msg/detail/ins_status__rosidl_typesupport_fastrtps_c.h
[11.328s] -- Installing: /home/qeftser/vip/vectornav/src/vectornav-ros2/install/vectornav_msgs/include/vectornav_msgs/vectornav_msgs/msg/detail/time_group__rosidl_typesupport_fastrtps_c.h
[11.328s] -- Installing: /home/qeftser/vip/vectornav/src/vectornav-ros2/install/vectornav_msgs/include/vectornav_msgs/vectornav_msgs/msg/detail/time_utc__rosidl_typesupport_fastrtps_c.h
[11.328s] -- Installing: /home/qeftser/vip/vectornav/src/vectornav-ros2/install/vectornav_msgs/include/vectornav_msgs/vectornav_msgs/msg/rosidl_typesupport_fastrtps_c__visibility_control.h
[11.328s] -- Up-to-date: /home/qeftser/vip/vectornav/src/vectornav-ros2/install/vectornav_msgs/include/vectornav_msgs/vectornav_msgs/action
[11.328s] -- Up-to-date: /home/qeftser/vip/vectornav/src/vectornav-ros2/install/vectornav_msgs/include/vectornav_msgs/vectornav_msgs/action/detail
[11.328s] -- Installing: /home/qeftser/vip/vectornav/src/vectornav-ros2/install/vectornav_msgs/include/vectornav_msgs/vectornav_msgs/action/detail/mag_cal__rosidl_typesupport_fastrtps_c.h
[11.328s] -- Installing: /home/qeftser/vip/vectornav/src/vectornav-ros2/install/vectornav_msgs/lib/libvectornav_msgs__rosidl_typesupport_fastrtps_c.so
[11.328s] -- Set runtime path of "/home/qeftser/vip/vectornav/src/vectornav-ros2/install/vectornav_msgs/lib/libvectornav_msgs__rosidl_typesupport_fastrtps_c.so" to ""
[11.329s] -- Up-to-date: /home/qeftser/vip/vectornav/src/vectornav-ros2/install/vectornav_msgs/include/vectornav_msgs/vectornav_msgs
[11.329s] -- Up-to-date: /home/qeftser/vip/vectornav/src/vectornav-ros2/install/vectornav_msgs/include/vectornav_msgs/vectornav_msgs/msg
[11.329s] -- Installing: /home/qeftser/vip/vectornav/src/vectornav-ros2/install/vectornav_msgs/include/vectornav_msgs/vectornav_msgs/msg/attitude_group.hpp
[11.329s] -- Installing: /home/qeftser/vip/vectornav/src/vectornav-ros2/install/vectornav_msgs/include/vectornav_msgs/vectornav_msgs/msg/imu_group.hpp
[11.329s] -- Installing: /home/qeftser/vip/vectornav/src/vectornav-ros2/install/vectornav_msgs/include/vectornav_msgs/vectornav_msgs/msg/gps_group.hpp
[11.329s] -- Installing: /home/qeftser/vip/vectornav/src/vectornav-ros2/install/vectornav_msgs/include/vectornav_msgs/vectornav_msgs/msg/time_utc.hpp
[11.329s] -- Installing: /home/qeftser/vip/vectornav/src/vectornav-ros2/install/vectornav_msgs/include/vectornav_msgs/vectornav_msgs/msg/common_group.hpp
[11.329s] -- Installing: /home/qeftser/vip/vectornav/src/vectornav-ros2/install/vectornav_msgs/include/vectornav_msgs/vectornav_msgs/msg/ins_status.hpp
[11.329s] -- Installing: /home/qeftser/vip/vectornav/src/vectornav-ros2/install/vectornav_msgs/include/vectornav_msgs/vectornav_msgs/msg/ins_group.hpp
[11.329s] -- Installing: /home/qeftser/vip/vectornav/src/vectornav-ros2/install/vectornav_msgs/include/vectornav_msgs/vectornav_msgs/msg/time_group.hpp
[11.329s] -- Installing: /home/qeftser/vip/vectornav/src/vectornav-ros2/install/vectornav_msgs/include/vectornav_msgs/vectornav_msgs/msg/vpe_status.hpp
[11.329s] -- Installing: /home/qeftser/vip/vectornav/src/vectornav-ros2/install/vectornav_msgs/include/vectornav_msgs/vectornav_msgs/msg/dop.hpp
[11.329s] -- Installing: /home/qeftser/vip/vectornav/src/vectornav-ros2/install/vectornav_msgs/include/vectornav_msgs/vectornav_msgs/msg/time_status.hpp
[11.329s] -- Up-to-date: /home/qeftser/vip/vectornav/src/vectornav-ros2/install/vectornav_msgs/include/vectornav_msgs/vectornav_msgs/msg/detail
[11.329s] -- Installing: /home/qeftser/vip/vectornav/src/vectornav-ros2/install/vectornav_msgs/include/vectornav_msgs/vectornav_msgs/msg/detail/attitude_group__builder.hpp
[11.329s] -- Installing: /home/qeftser/vip/vectornav/src/vectornav-ros2/install/vectornav_msgs/include/vectornav_msgs/vectornav_msgs/msg/detail/common_group__struct.hpp
[11.329s] -- Installing: /home/qeftser/vip/vectornav/src/vectornav-ros2/install/vectornav_msgs/include/vectornav_msgs/vectornav_msgs/msg/detail/ins_status__traits.hpp
[11.329s] -- Installing: /home/qeftser/vip/vectornav/src/vectornav-ros2/install/vectornav_msgs/include/vectornav_msgs/vectornav_msgs/msg/detail/ins_group__builder.hpp
[11.330s] -- Installing: /home/qeftser/vip/vectornav/src/vectornav-ros2/install/vectornav_msgs/include/vectornav_msgs/vectornav_msgs/msg/detail/common_group__traits.hpp
[11.330s] -- Installing: /home/qeftser/vip/vectornav/src/vectornav-ros2/install/vectornav_msgs/include/vectornav_msgs/vectornav_msgs/msg/detail/ins_group__traits.hpp
[11.330s] -- Installing: /home/qeftser/vip/vectornav/src/vectornav-ros2/install/vectornav_msgs/include/vectornav_msgs/vectornav_msgs/msg/detail/time_group__traits.hpp
[11.330s] -- Installing: /home/qeftser/vip/vectornav/src/vectornav-ros2/install/vectornav_msgs/include/vectornav_msgs/vectornav_msgs/msg/detail/ins_status__builder.hpp
[11.330s] -- Installing: /home/qeftser/vip/vectornav/src/vectornav-ros2/install/vectornav_msgs/include/vectornav_msgs/vectornav_msgs/msg/detail/attitude_group__struct.hpp
[11.330s] -- Installing: /home/qeftser/vip/vectornav/src/vectornav-ros2/install/vectornav_msgs/include/vectornav_msgs/vectornav_msgs/msg/detail/ins_group__struct.hpp
[11.330s] -- Installing: /home/qeftser/vip/vectornav/src/vectornav-ros2/install/vectornav_msgs/include/vectornav_msgs/vectornav_msgs/msg/detail/time_group__builder.hpp
[11.330s] -- Installing: /home/qeftser/vip/vectornav/src/vectornav-ros2/install/vectornav_msgs/include/vectornav_msgs/vectornav_msgs/msg/detail/time_utc__builder.hpp
[11.330s] -- Installing: /home/qeftser/vip/vectornav/src/vectornav-ros2/install/vectornav_msgs/include/vectornav_msgs/vectornav_msgs/msg/detail/dop__builder.hpp
[11.330s] -- Installing: /home/qeftser/vip/vectornav/src/vectornav-ros2/install/vectornav_msgs/include/vectornav_msgs/vectornav_msgs/msg/detail/imu_group__struct.hpp
[11.330s] -- Installing: /home/qeftser/vip/vectornav/src/vectornav-ros2/install/vectornav_msgs/include/vectornav_msgs/vectornav_msgs/msg/detail/gps_group__struct.hpp
[11.330s] -- Installing: /home/qeftser/vip/vectornav/src/vectornav-ros2/install/vectornav_msgs/include/vectornav_msgs/vectornav_msgs/msg/detail/time_utc__struct.hpp
[11.331s] -- Installing: /home/qeftser/vip/vectornav/src/vectornav-ros2/install/vectornav_msgs/include/vectornav_msgs/vectornav_msgs/msg/detail/time_group__struct.hpp
[11.331s] -- Installing: /home/qeftser/vip/vectornav/src/vectornav-ros2/install/vectornav_msgs/include/vectornav_msgs/vectornav_msgs/msg/detail/time_utc__traits.hpp
[11.331s] -- Installing: /home/qeftser/vip/vectornav/src/vectornav-ros2/install/vectornav_msgs/include/vectornav_msgs/vectornav_msgs/msg/detail/vpe_status__traits.hpp
[11.331s] -- Installing: /home/qeftser/vip/vectornav/src/vectornav-ros2/install/vectornav_msgs/include/vectornav_msgs/vectornav_msgs/msg/detail/vpe_status__struct.hpp
[11.331s] -- Installing: /home/qeftser/vip/vectornav/src/vectornav-ros2/install/vectornav_msgs/include/vectornav_msgs/vectornav_msgs/msg/detail/dop__struct.hpp
[11.331s] -- Installing: /home/qeftser/vip/vectornav/src/vectornav-ros2/install/vectornav_msgs/include/vectornav_msgs/vectornav_msgs/msg/detail/vpe_status__builder.hpp
[11.331s] -- Installing: /home/qeftser/vip/vectornav/src/vectornav-ros2/install/vectornav_msgs/include/vectornav_msgs/vectornav_msgs/msg/detail/attitude_group__traits.hpp
[11.331s] -- Installing: /home/qeftser/vip/vectornav/src/vectornav-ros2/install/vectornav_msgs/include/vectornav_msgs/vectornav_msgs/msg/detail/ins_status__struct.hpp
[11.331s] -- Installing: /home/qeftser/vip/vectornav/src/vectornav-ros2/install/vectornav_msgs/include/vectornav_msgs/vectornav_msgs/msg/detail/common_group__builder.hpp
[11.331s] -- Installing: /home/qeftser/vip/vectornav/src/vectornav-ros2/install/vectornav_msgs/include/vectornav_msgs/vectornav_msgs/msg/detail/imu_group__builder.hpp
[11.331s] -- Installing: /home/qeftser/vip/vectornav/src/vectornav-ros2/install/vectornav_msgs/include/vectornav_msgs/vectornav_msgs/msg/detail/time_status__traits.hpp
[11.332s] -- Installing: /home/qeftser/vip/vectornav/src/vectornav-ros2/install/vectornav_msgs/include/vectornav_msgs/vectornav_msgs/msg/detail/time_status__struct.hpp
[11.332s] -- Installing: /home/qeftser/vip/vectornav/src/vectornav-ros2/install/vectornav_msgs/include/vectornav_msgs/vectornav_msgs/msg/detail/dop__traits.hpp
[11.332s] -- Installing: /home/qeftser/vip/vectornav/src/vectornav-ros2/install/vectornav_msgs/include/vectornav_msgs/vectornav_msgs/msg/detail/time_status__builder.hpp
[11.332s] -- Installing: /home/qeftser/vip/vectornav/src/vectornav-ros2/install/vectornav_msgs/include/vectornav_msgs/vectornav_msgs/msg/detail/gps_group__builder.hpp
[11.332s] -- Installing: /home/qeftser/vip/vectornav/src/vectornav-ros2/install/vectornav_msgs/include/vectornav_msgs/vectornav_msgs/msg/detail/imu_group__traits.hpp
[11.332s] -- Installing: /home/qeftser/vip/vectornav/src/vectornav-ros2/install/vectornav_msgs/include/vectornav_msgs/vectornav_msgs/msg/detail/gps_group__traits.hpp
[11.332s] -- Up-to-date: /home/qeftser/vip/vectornav/src/vectornav-ros2/install/vectornav_msgs/include/vectornav_msgs/vectornav_msgs/action
[11.332s] -- Up-to-date: /home/qeftser/vip/vectornav/src/vectornav-ros2/install/vectornav_msgs/include/vectornav_msgs/vectornav_msgs/action/detail
[11.332s] -- Installing: /home/qeftser/vip/vectornav/src/vectornav-ros2/install/vectornav_msgs/include/vectornav_msgs/vectornav_msgs/action/detail/mag_cal__builder.hpp
[11.332s] -- Installing: /home/qeftser/vip/vectornav/src/vectornav-ros2/install/vectornav_msgs/include/vectornav_msgs/vectornav_msgs/action/detail/mag_cal__traits.hpp
[11.332s] -- Installing: /home/qeftser/vip/vectornav/src/vectornav-ros2/install/vectornav_msgs/include/vectornav_msgs/vectornav_msgs/action/detail/mag_cal__struct.hpp
[11.332s] -- Installing: /home/qeftser/vip/vectornav/src/vectornav-ros2/install/vectornav_msgs/include/vectornav_msgs/vectornav_msgs/action/mag_cal.hpp
[11.332s] -- Up-to-date: /home/qeftser/vip/vectornav/src/vectornav-ros2/install/vectornav_msgs/include/vectornav_msgs/vectornav_msgs
[11.332s] -- Up-to-date: /home/qeftser/vip/vectornav/src/vectornav-ros2/install/vectornav_msgs/include/vectornav_msgs/vectornav_msgs/msg
[11.332s] -- Installing: /home/qeftser/vip/vectornav/src/vectornav-ros2/install/vectornav_msgs/include/vectornav_msgs/vectornav_msgs/msg/rosidl_typesupport_fastrtps_cpp__visibility_control.h
[11.332s] -- Up-to-date: /home/qeftser/vip/vectornav/src/vectornav-ros2/install/vectornav_msgs/include/vectornav_msgs/vectornav_msgs/msg/detail
[11.333s] -- Installing: /home/qeftser/vip/vectornav/src/vectornav-ros2/install/vectornav_msgs/include/vectornav_msgs/vectornav_msgs/msg/detail/attitude_group__rosidl_typesupport_fastrtps_cpp.hpp
[11.333s] -- Installing: /home/qeftser/vip/vectornav/src/vectornav-ros2/install/vectornav_msgs/include/vectornav_msgs/vectornav_msgs/msg/detail/gps_group__rosidl_typesupport_fastrtps_cpp.hpp
[11.333s] -- Installing: /home/qeftser/vip/vectornav/src/vectornav-ros2/install/vectornav_msgs/include/vectornav_msgs/vectornav_msgs/msg/detail/common_group__rosidl_typesupport_fastrtps_cpp.hpp
[11.333s] -- Installing: /home/qeftser/vip/vectornav/src/vectornav-ros2/install/vectornav_msgs/include/vectornav_msgs/vectornav_msgs/msg/detail/ins_group__rosidl_typesupport_fastrtps_cpp.hpp
[11.333s] -- Installing: /home/qeftser/vip/vectornav/src/vectornav-ros2/install/vectornav_msgs/include/vectornav_msgs/vectornav_msgs/msg/detail/dop__rosidl_typesupport_fastrtps_cpp.hpp
[11.333s] -- Installing: /home/qeftser/vip/vectornav/src/vectornav-ros2/install/vectornav_msgs/include/vectornav_msgs/vectornav_msgs/msg/detail/dds_fastrtps
[11.333s] -- Installing: /home/qeftser/vip/vectornav/src/vectornav-ros2/install/vectornav_msgs/include/vectornav_msgs/vectornav_msgs/msg/detail/imu_group__rosidl_typesupport_fastrtps_cpp.hpp
[11.333s] -- Installing: /home/qeftser/vip/vectornav/src/vectornav-ros2/install/vectornav_msgs/include/vectornav_msgs/vectornav_msgs/msg/detail/time_status__rosidl_typesupport_fastrtps_cpp.hpp
[11.333s] -- Installing: /home/qeftser/vip/vectornav/src/vectornav-ros2/install/vectornav_msgs/include/vectornav_msgs/vectornav_msgs/msg/detail/time_group__rosidl_typesupport_fastrtps_cpp.hpp
[11.333s] -- Installing: /home/qeftser/vip/vectornav/src/vectornav-ros2/install/vectornav_msgs/include/vectornav_msgs/vectornav_msgs/msg/detail/ins_status__rosidl_typesupport_fastrtps_cpp.hpp
[11.333s] -- Installing: /home/qeftser/vip/vectornav/src/vectornav-ros2/install/vectornav_msgs/include/vectornav_msgs/vectornav_msgs/msg/detail/vpe_status__rosidl_typesupport_fastrtps_cpp.hpp
[11.333s] -- Installing: /home/qeftser/vip/vectornav/src/vectornav-ros2/install/vectornav_msgs/include/vectornav_msgs/vectornav_msgs/msg/detail/time_utc__rosidl_typesupport_fastrtps_cpp.hpp
[11.333s] -- Up-to-date: /home/qeftser/vip/vectornav/src/vectornav-ros2/install/vectornav_msgs/include/vectornav_msgs/vectornav_msgs/action
[11.333s] -- Up-to-date: /home/qeftser/vip/vectornav/src/vectornav-ros2/install/vectornav_msgs/include/vectornav_msgs/vectornav_msgs/action/detail
[11.333s] -- Installing: /home/qeftser/vip/vectornav/src/vectornav-ros2/install/vectornav_msgs/include/vectornav_msgs/vectornav_msgs/action/detail/dds_fastrtps
[11.333s] -- Installing: /home/qeftser/vip/vectornav/src/vectornav-ros2/install/vectornav_msgs/include/vectornav_msgs/vectornav_msgs/action/detail/mag_cal__rosidl_typesupport_fastrtps_cpp.hpp
[11.333s] -- Installing: /home/qeftser/vip/vectornav/src/vectornav-ros2/install/vectornav_msgs/lib/libvectornav_msgs__rosidl_typesupport_fastrtps_cpp.so
[11.333s] -- Set runtime path of "/home/qeftser/vip/vectornav/src/vectornav-ros2/install/vectornav_msgs/lib/libvectornav_msgs__rosidl_typesupport_fastrtps_cpp.so" to ""
[11.333s] -- Up-to-date: /home/qeftser/vip/vectornav/src/vectornav-ros2/install/vectornav_msgs/include/vectornav_msgs/vectornav_msgs
[11.334s] -- Up-to-date: /home/qeftser/vip/vectornav/src/vectornav-ros2/install/vectornav_msgs/include/vectornav_msgs/vectornav_msgs/msg
[11.334s] -- Installing: /home/qeftser/vip/vectornav/src/vectornav-ros2/install/vectornav_msgs/include/vectornav_msgs/vectornav_msgs/msg/rosidl_typesupport_introspection_c__visibility_control.h
[11.334s] -- Up-to-date: /home/qeftser/vip/vectornav/src/vectornav-ros2/install/vectornav_msgs/include/vectornav_msgs/vectornav_msgs/msg/detail
[11.334s] -- Installing: /home/qeftser/vip/vectornav/src/vectornav-ros2/install/vectornav_msgs/include/vectornav_msgs/vectornav_msgs/msg/detail/ins_status__rosidl_typesupport_introspection_c.h
[11.334s] -- Installing: /home/qeftser/vip/vectornav/src/vectornav-ros2/install/vectornav_msgs/include/vectornav_msgs/vectornav_msgs/msg/detail/gps_group__rosidl_typesupport_introspection_c.h
[11.334s] -- Installing: /home/qeftser/vip/vectornav/src/vectornav-ros2/install/vectornav_msgs/include/vectornav_msgs/vectornav_msgs/msg/detail/attitude_group__rosidl_typesupport_introspection_c.h
[11.334s] -- Installing: /home/qeftser/vip/vectornav/src/vectornav-ros2/install/vectornav_msgs/include/vectornav_msgs/vectornav_msgs/msg/detail/dop__type_support.c
[11.334s] -- Installing: /home/qeftser/vip/vectornav/src/vectornav-ros2/install/vectornav_msgs/include/vectornav_msgs/vectornav_msgs/msg/detail/imu_group__rosidl_typesupport_introspection_c.h
[11.334s] -- Installing: /home/qeftser/vip/vectornav/src/vectornav-ros2/install/vectornav_msgs/include/vectornav_msgs/vectornav_msgs/msg/detail/imu_group__type_support.c
[11.334s] -- Installing: /home/qeftser/vip/vectornav/src/vectornav-ros2/install/vectornav_msgs/include/vectornav_msgs/vectornav_msgs/msg/detail/ins_status__type_support.c
[11.334s] -- Installing: /home/qeftser/vip/vectornav/src/vectornav-ros2/install/vectornav_msgs/include/vectornav_msgs/vectornav_msgs/msg/detail/common_group__rosidl_typesupport_introspection_c.h
[11.334s] -- Installing: /home/qeftser/vip/vectornav/src/vectornav-ros2/install/vectornav_msgs/include/vectornav_msgs/vectornav_msgs/msg/detail/gps_group__type_support.c
[11.334s] -- Installing: /home/qeftser/vip/vectornav/src/vectornav-ros2/install/vectornav_msgs/include/vectornav_msgs/vectornav_msgs/msg/detail/time_group__rosidl_typesupport_introspection_c.h
[11.334s] -- Installing: /home/qeftser/vip/vectornav/src/vectornav-ros2/install/vectornav_msgs/include/vectornav_msgs/vectornav_msgs/msg/detail/vpe_status__type_support.c
[11.334s] -- Installing: /home/qeftser/vip/vectornav/src/vectornav-ros2/install/vectornav_msgs/include/vectornav_msgs/vectornav_msgs/msg/detail/vpe_status__rosidl_typesupport_introspection_c.h
[11.334s] -- Installing: /home/qeftser/vip/vectornav/src/vectornav-ros2/install/vectornav_msgs/include/vectornav_msgs/vectornav_msgs/msg/detail/attitude_group__type_support.c
[11.334s] -- Installing: /home/qeftser/vip/vectornav/src/vectornav-ros2/install/vectornav_msgs/include/vectornav_msgs/vectornav_msgs/msg/detail/time_utc__type_support.c
[11.334s] -- Installing: /home/qeftser/vip/vectornav/src/vectornav-ros2/install/vectornav_msgs/include/vectornav_msgs/vectornav_msgs/msg/detail/ins_group__type_support.c
[11.334s] -- Installing: /home/qeftser/vip/vectornav/src/vectornav-ros2/install/vectornav_msgs/include/vectornav_msgs/vectornav_msgs/msg/detail/time_group__type_support.c
[11.334s] -- Installing: /home/qeftser/vip/vectornav/src/vectornav-ros2/install/vectornav_msgs/include/vectornav_msgs/vectornav_msgs/msg/detail/time_status__type_support.c
[11.334s] -- Installing: /home/qeftser/vip/vectornav/src/vectornav-ros2/install/vectornav_msgs/include/vectornav_msgs/vectornav_msgs/msg/detail/common_group__type_support.c
[11.334s] -- Installing: /home/qeftser/vip/vectornav/src/vectornav-ros2/install/vectornav_msgs/include/vectornav_msgs/vectornav_msgs/msg/detail/time_utc__rosidl_typesupport_introspection_c.h
[11.334s] -- Installing: /home/qeftser/vip/vectornav/src/vectornav-ros2/install/vectornav_msgs/include/vectornav_msgs/vectornav_msgs/msg/detail/ins_group__rosidl_typesupport_introspection_c.h
[11.334s] -- Installing: /home/qeftser/vip/vectornav/src/vectornav-ros2/install/vectornav_msgs/include/vectornav_msgs/vectornav_msgs/msg/detail/dop__rosidl_typesupport_introspection_c.h
[11.334s] -- Installing: /home/qeftser/vip/vectornav/src/vectornav-ros2/install/vectornav_msgs/include/vectornav_msgs/vectornav_msgs/msg/detail/time_status__rosidl_typesupport_introspection_c.h
[11.334s] -- Up-to-date: /home/qeftser/vip/vectornav/src/vectornav-ros2/install/vectornav_msgs/include/vectornav_msgs/vectornav_msgs/action
[11.334s] -- Up-to-date: /home/qeftser/vip/vectornav/src/vectornav-ros2/install/vectornav_msgs/include/vectornav_msgs/vectornav_msgs/action/detail
[11.335s] -- Installing: /home/qeftser/vip/vectornav/src/vectornav-ros2/install/vectornav_msgs/include/vectornav_msgs/vectornav_msgs/action/detail/mag_cal__rosidl_typesupport_introspection_c.h
[11.335s] -- Installing: /home/qeftser/vip/vectornav/src/vectornav-ros2/install/vectornav_msgs/include/vectornav_msgs/vectornav_msgs/action/detail/mag_cal__type_support.c
[11.335s] -- Installing: /home/qeftser/vip/vectornav/src/vectornav-ros2/install/vectornav_msgs/lib/libvectornav_msgs__rosidl_typesupport_introspection_c.so
[11.335s] -- Set runtime path of "/home/qeftser/vip/vectornav/src/vectornav-ros2/install/vectornav_msgs/lib/libvectornav_msgs__rosidl_typesupport_introspection_c.so" to ""
[11.335s] -- Installing: /home/qeftser/vip/vectornav/src/vectornav-ros2/install/vectornav_msgs/lib/libvectornav_msgs__rosidl_typesupport_c.so
[11.335s] -- Set runtime path of "/home/qeftser/vip/vectornav/src/vectornav-ros2/install/vectornav_msgs/lib/libvectornav_msgs__rosidl_typesupport_c.so" to ""
[11.335s] -- Up-to-date: /home/qeftser/vip/vectornav/src/vectornav-ros2/install/vectornav_msgs/include/vectornav_msgs/vectornav_msgs
[11.335s] -- Up-to-date: /home/qeftser/vip/vectornav/src/vectornav-ros2/install/vectornav_msgs/include/vectornav_msgs/vectornav_msgs/msg
[11.335s] -- Up-to-date: /home/qeftser/vip/vectornav/src/vectornav-ros2/install/vectornav_msgs/include/vectornav_msgs/vectornav_msgs/msg/detail
[11.335s] -- Installing: /home/qeftser/vip/vectornav/src/vectornav-ros2/install/vectornav_msgs/include/vectornav_msgs/vectornav_msgs/msg/detail/time_group__type_support.cpp
[11.335s] -- Installing: /home/qeftser/vip/vectornav/src/vectornav-ros2/install/vectornav_msgs/include/vectornav_msgs/vectornav_msgs/msg/detail/vpe_status__rosidl_typesupport_introspection_cpp.hpp
[11.335s] -- Installing: /home/qeftser/vip/vectornav/src/vectornav-ros2/install/vectornav_msgs/include/vectornav_msgs/vectornav_msgs/msg/detail/dop__type_support.cpp
[11.335s] -- Installing: /home/qeftser/vip/vectornav/src/vectornav-ros2/install/vectornav_msgs/include/vectornav_msgs/vectornav_msgs/msg/detail/common_group__rosidl_typesupport_introspection_cpp.hpp
[11.335s] -- Installing: /home/qeftser/vip/vectornav/src/vectornav-ros2/install/vectornav_msgs/include/vectornav_msgs/vectornav_msgs/msg/detail/ins_group__rosidl_typesupport_introspection_cpp.hpp
[11.335s] -- Installing: /home/qeftser/vip/vectornav/src/vectornav-ros2/install/vectornav_msgs/include/vectornav_msgs/vectornav_msgs/msg/detail/time_utc__type_support.cpp
[11.335s] -- Installing: /home/qeftser/vip/vectornav/src/vectornav-ros2/install/vectornav_msgs/include/vectornav_msgs/vectornav_msgs/msg/detail/attitude_group__type_support.cpp
[11.335s] -- Installing: /home/qeftser/vip/vectornav/src/vectornav-ros2/install/vectornav_msgs/include/vectornav_msgs/vectornav_msgs/msg/detail/vpe_status__type_support.cpp
[11.335s] -- Installing: /home/qeftser/vip/vectornav/src/vectornav-ros2/install/vectornav_msgs/include/vectornav_msgs/vectornav_msgs/msg/detail/dop__rosidl_typesupport_introspection_cpp.hpp
[11.335s] -- Installing: /home/qeftser/vip/vectornav/src/vectornav-ros2/install/vectornav_msgs/include/vectornav_msgs/vectornav_msgs/msg/detail/ins_group__type_support.cpp
[11.336s] -- Installing: /home/qeftser/vip/vectornav/src/vectornav-ros2/install/vectornav_msgs/include/vectornav_msgs/vectornav_msgs/msg/detail/time_status__rosidl_typesupport_introspection_cpp.hpp
[11.336s] -- Installing: /home/qeftser/vip/vectornav/src/vectornav-ros2/install/vectornav_msgs/include/vectornav_msgs/vectornav_msgs/msg/detail/gps_group__type_support.cpp
[11.336s] -- Installing: /home/qeftser/vip/vectornav/src/vectornav-ros2/install/vectornav_msgs/include/vectornav_msgs/vectornav_msgs/msg/detail/time_group__rosidl_typesupport_introspection_cpp.hpp
[11.336s] -- Installing: /home/qeftser/vip/vectornav/src/vectornav-ros2/install/vectornav_msgs/include/vectornav_msgs/vectornav_msgs/msg/detail/imu_group__type_support.cpp
[11.336s] -- Installing: /home/qeftser/vip/vectornav/src/vectornav-ros2/install/vectornav_msgs/include/vectornav_msgs/vectornav_msgs/msg/detail/common_group__type_support.cpp
[11.336s] -- Installing: /home/qeftser/vip/vectornav/src/vectornav-ros2/install/vectornav_msgs/include/vectornav_msgs/vectornav_msgs/msg/detail/time_utc__rosidl_typesupport_introspection_cpp.hpp
[11.336s] -- Installing: /home/qeftser/vip/vectornav/src/vectornav-ros2/install/vectornav_msgs/include/vectornav_msgs/vectornav_msgs/msg/detail/imu_group__rosidl_typesupport_introspection_cpp.hpp
[11.336s] -- Installing: /home/qeftser/vip/vectornav/src/vectornav-ros2/install/vectornav_msgs/include/vectornav_msgs/vectornav_msgs/msg/detail/ins_status__rosidl_typesupport_introspection_cpp.hpp
[11.336s] -- Installing: /home/qeftser/vip/vectornav/src/vectornav-ros2/install/vectornav_msgs/include/vectornav_msgs/vectornav_msgs/msg/detail/time_status__type_support.cpp
[11.336s] -- Installing: /home/qeftser/vip/vectornav/src/vectornav-ros2/install/vectornav_msgs/include/vectornav_msgs/vectornav_msgs/msg/detail/gps_group__rosidl_typesupport_introspection_cpp.hpp
[11.336s] -- Installing: /home/qeftser/vip/vectornav/src/vectornav-ros2/install/vectornav_msgs/include/vectornav_msgs/vectornav_msgs/msg/detail/ins_status__type_support.cpp
[11.336s] -- Installing: /home/qeftser/vip/vectornav/src/vectornav-ros2/install/vectornav_msgs/include/vectornav_msgs/vectornav_msgs/msg/detail/attitude_group__rosidl_typesupport_introspection_cpp.hpp
[11.336s] -- Up-to-date: /home/qeftser/vip/vectornav/src/vectornav-ros2/install/vectornav_msgs/include/vectornav_msgs/vectornav_msgs/action
[11.336s] -- Up-to-date: /home/qeftser/vip/vectornav/src/vectornav-ros2/install/vectornav_msgs/include/vectornav_msgs/vectornav_msgs/action/detail
[11.336s] -- Installing: /home/qeftser/vip/vectornav/src/vectornav-ros2/install/vectornav_msgs/include/vectornav_msgs/vectornav_msgs/action/detail/mag_cal__type_support.cpp
[11.336s] -- Installing: /home/qeftser/vip/vectornav/src/vectornav-ros2/install/vectornav_msgs/include/vectornav_msgs/vectornav_msgs/action/detail/mag_cal__rosidl_typesupport_introspection_cpp.hpp
[11.336s] -- Installing: /home/qeftser/vip/vectornav/src/vectornav-ros2/install/vectornav_msgs/lib/libvectornav_msgs__rosidl_typesupport_introspection_cpp.so
[11.336s] -- Set runtime path of "/home/qeftser/vip/vectornav/src/vectornav-ros2/install/vectornav_msgs/lib/libvectornav_msgs__rosidl_typesupport_introspection_cpp.so" to ""
[11.336s] -- Installing: /home/qeftser/vip/vectornav/src/vectornav-ros2/install/vectornav_msgs/lib/libvectornav_msgs__rosidl_typesupport_cpp.so
[11.337s] -- Set runtime path of "/home/qeftser/vip/vectornav/src/vectornav-ros2/install/vectornav_msgs/lib/libvectornav_msgs__rosidl_typesupport_cpp.so" to ""
[11.337s] -- Installing: /home/qeftser/vip/vectornav/src/vectornav-ros2/install/vectornav_msgs/share/vectornav_msgs/environment/pythonpath.sh
[11.337s] -- Installing: /home/qeftser/vip/vectornav/src/vectornav-ros2/install/vectornav_msgs/share/vectornav_msgs/environment/pythonpath.dsv
[11.337s] -- Installing: /home/qeftser/vip/vectornav/src/vectornav-ros2/install/vectornav_msgs/lib/python3.10/site-packages/vectornav_msgs-3.0.0-py3.10.egg-info
[11.337s] -- Installing: /home/qeftser/vip/vectornav/src/vectornav-ros2/install/vectornav_msgs/lib/python3.10/site-packages/vectornav_msgs-3.0.0-py3.10.egg-info/dependency_links.txt
[11.337s] -- Installing: /home/qeftser/vip/vectornav/src/vectornav-ros2/install/vectornav_msgs/lib/python3.10/site-packages/vectornav_msgs-3.0.0-py3.10.egg-info/SOURCES.txt
[11.337s] -- Installing: /home/qeftser/vip/vectornav/src/vectornav-ros2/install/vectornav_msgs/lib/python3.10/site-packages/vectornav_msgs-3.0.0-py3.10.egg-info/top_level.txt
[11.337s] -- Installing: /home/qeftser/vip/vectornav/src/vectornav-ros2/install/vectornav_msgs/lib/python3.10/site-packages/vectornav_msgs-3.0.0-py3.10.egg-info/PKG-INFO
[11.337s] -- Installing: /home/qeftser/vip/vectornav/src/vectornav-ros2/install/vectornav_msgs/lib/python3.10/site-packages/vectornav_msgs
[11.337s] -- Installing: /home/qeftser/vip/vectornav/src/vectornav-ros2/install/vectornav_msgs/lib/python3.10/site-packages/vectornav_msgs/msg
[11.337s] -- Installing: /home/qeftser/vip/vectornav/src/vectornav-ros2/install/vectornav_msgs/lib/python3.10/site-packages/vectornav_msgs/msg/_gps_group.py
[11.337s] -- Installing: /home/qeftser/vip/vectornav/src/vectornav-ros2/install/vectornav_msgs/lib/python3.10/site-packages/vectornav_msgs/msg/_vpe_status.py
[11.337s] -- Installing: /home/qeftser/vip/vectornav/src/vectornav-ros2/install/vectornav_msgs/lib/python3.10/site-packages/vectornav_msgs/msg/_time_group_s.c
[11.337s] -- Installing: /home/qeftser/vip/vectornav/src/vectornav-ros2/install/vectornav_msgs/lib/python3.10/site-packages/vectornav_msgs/msg/_ins_status_s.c
[11.337s] -- Installing: /home/qeftser/vip/vectornav/src/vectornav-ros2/install/vectornav_msgs/lib/python3.10/site-packages/vectornav_msgs/msg/_imu_group.py
[11.337s] -- Installing: /home/qeftser/vip/vectornav/src/vectornav-ros2/install/vectornav_msgs/lib/python3.10/site-packages/vectornav_msgs/msg/_time_status_s.c
[11.337s] -- Installing: /home/qeftser/vip/vectornav/src/vectornav-ros2/install/vectornav_msgs/lib/python3.10/site-packages/vectornav_msgs/msg/_common_group.py
[11.337s] -- Installing: /home/qeftser/vip/vectornav/src/vectornav-ros2/install/vectornav_msgs/lib/python3.10/site-packages/vectornav_msgs/msg/_common_group_s.c
[11.337s] -- Installing: /home/qeftser/vip/vectornav/src/vectornav-ros2/install/vectornav_msgs/lib/python3.10/site-packages/vectornav_msgs/msg/_ins_group_s.c
[11.337s] -- Installing: /home/qeftser/vip/vectornav/src/vectornav-ros2/install/vectornav_msgs/lib/python3.10/site-packages/vectornav_msgs/msg/_ins_status.py
[11.337s] -- Installing: /home/qeftser/vip/vectornav/src/vectornav-ros2/install/vectornav_msgs/lib/python3.10/site-packages/vectornav_msgs/msg/_time_group.py
[11.337s] -- Installing: /home/qeftser/vip/vectornav/src/vectornav-ros2/install/vectornav_msgs/lib/python3.10/site-packages/vectornav_msgs/msg/_time_utc_s.c
[11.338s] -- Installing: /home/qeftser/vip/vectornav/src/vectornav-ros2/install/vectornav_msgs/lib/python3.10/site-packages/vectornav_msgs/msg/_attitude_group_s.c
[11.338s] -- Installing: /home/qeftser/vip/vectornav/src/vectornav-ros2/install/vectornav_msgs/lib/python3.10/site-packages/vectornav_msgs/msg/_dop_s.c
[11.338s] -- Installing: /home/qeftser/vip/vectornav/src/vectornav-ros2/install/vectornav_msgs/lib/python3.10/site-packages/vectornav_msgs/msg/_time_utc.py
[11.338s] -- Installing: /home/qeftser/vip/vectornav/src/vectornav-ros2/install/vectornav_msgs/lib/python3.10/site-packages/vectornav_msgs/msg/_ins_group.py
[11.338s] -- Installing: /home/qeftser/vip/vectornav/src/vectornav-ros2/install/vectornav_msgs/lib/python3.10/site-packages/vectornav_msgs/msg/_gps_group_s.c
[11.338s] -- Installing: /home/qeftser/vip/vectornav/src/vectornav-ros2/install/vectornav_msgs/lib/python3.10/site-packages/vectornav_msgs/msg/_attitude_group.py
[11.338s] -- Installing: /home/qeftser/vip/vectornav/src/vectornav-ros2/install/vectornav_msgs/lib/python3.10/site-packages/vectornav_msgs/msg/_imu_group_s.c
[11.338s] -- Installing: /home/qeftser/vip/vectornav/src/vectornav-ros2/install/vectornav_msgs/lib/python3.10/site-packages/vectornav_msgs/msg/_time_status.py
[11.338s] -- Installing: /home/qeftser/vip/vectornav/src/vectornav-ros2/install/vectornav_msgs/lib/python3.10/site-packages/vectornav_msgs/msg/__init__.py
[11.338s] -- Installing: /home/qeftser/vip/vectornav/src/vectornav-ros2/install/vectornav_msgs/lib/python3.10/site-packages/vectornav_msgs/msg/_dop.py
[11.338s] -- Installing: /home/qeftser/vip/vectornav/src/vectornav-ros2/install/vectornav_msgs/lib/python3.10/site-packages/vectornav_msgs/msg/_vpe_status_s.c
[11.338s] -- Installing: /home/qeftser/vip/vectornav/src/vectornav-ros2/install/vectornav_msgs/lib/python3.10/site-packages/vectornav_msgs/vectornav_msgs_s__rosidl_typesupport_fastrtps_c.cpython-310-x86_64-linux-gnu.so
[11.338s] -- Installing: /home/qeftser/vip/vectornav/src/vectornav-ros2/install/vectornav_msgs/lib/python3.10/site-packages/vectornav_msgs/vectornav_msgs_s__rosidl_typesupport_introspection_c.cpython-310-x86_64-linux-gnu.so
[11.338s] -- Installing: /home/qeftser/vip/vectornav/src/vectornav-ros2/install/vectornav_msgs/lib/python3.10/site-packages/vectornav_msgs/vectornav_msgs_s__rosidl_typesupport_c.cpython-310-x86_64-linux-gnu.so
[11.338s] -- Installing: /home/qeftser/vip/vectornav/src/vectornav-ros2/install/vectornav_msgs/lib/python3.10/site-packages/vectornav_msgs/libvectornav_msgs__rosidl_generator_py.so
[11.338s] -- Installing: /home/qeftser/vip/vectornav/src/vectornav-ros2/install/vectornav_msgs/lib/python3.10/site-packages/vectornav_msgs/_vectornav_msgs_s.ep.rosidl_typesupport_c.c
[11.338s] -- Installing: /home/qeftser/vip/vectornav/src/vectornav-ros2/install/vectornav_msgs/lib/python3.10/site-packages/vectornav_msgs/_vectornav_msgs_s.ep.rosidl_typesupport_introspection_c.c
[11.338s] -- Installing: /home/qeftser/vip/vectornav/src/vectornav-ros2/install/vectornav_msgs/lib/python3.10/site-packages/vectornav_msgs/__init__.py
[11.338s] -- Installing: /home/qeftser/vip/vectornav/src/vectornav-ros2/install/vectornav_msgs/lib/python3.10/site-packages/vectornav_msgs/action
[11.338s] -- Installing: /home/qeftser/vip/vectornav/src/vectornav-ros2/install/vectornav_msgs/lib/python3.10/site-packages/vectornav_msgs/action/_mag_cal_s.c
[11.339s] -- Installing: /home/qeftser/vip/vectornav/src/vectornav-ros2/install/vectornav_msgs/lib/python3.10/site-packages/vectornav_msgs/action/_mag_cal.py
[11.339s] -- Installing: /home/qeftser/vip/vectornav/src/vectornav-ros2/install/vectornav_msgs/lib/python3.10/site-packages/vectornav_msgs/action/__init__.py
[11.339s] -- Installing: /home/qeftser/vip/vectornav/src/vectornav-ros2/install/vectornav_msgs/lib/python3.10/site-packages/vectornav_msgs/_vectornav_msgs_s.ep.rosidl_typesupport_fastrtps_c.c
[11.375s] Listing '/home/qeftser/vip/vectornav/src/vectornav-ros2/install/vectornav_msgs/lib/python3.10/site-packages/vectornav_msgs'...
[11.375s] Compiling '/home/qeftser/vip/vectornav/src/vectornav-ros2/install/vectornav_msgs/lib/python3.10/site-packages/vectornav_msgs/__init__.py'...
[11.375s] Listing '/home/qeftser/vip/vectornav/src/vectornav-ros2/install/vectornav_msgs/lib/python3.10/site-packages/vectornav_msgs/action'...
[11.375s] Compiling '/home/qeftser/vip/vectornav/src/vectornav-ros2/install/vectornav_msgs/lib/python3.10/site-packages/vectornav_msgs/action/__init__.py'...
[11.375s] Compiling '/home/qeftser/vip/vectornav/src/vectornav-ros2/install/vectornav_msgs/lib/python3.10/site-packages/vectornav_msgs/action/_mag_cal.py'...
[11.375s] Listing '/home/qeftser/vip/vectornav/src/vectornav-ros2/install/vectornav_msgs/lib/python3.10/site-packages/vectornav_msgs/msg'...
[11.375s] Compiling '/home/qeftser/vip/vectornav/src/vectornav-ros2/install/vectornav_msgs/lib/python3.10/site-packages/vectornav_msgs/msg/__init__.py'...
[11.375s] Compiling '/home/qeftser/vip/vectornav/src/vectornav-ros2/install/vectornav_msgs/lib/python3.10/site-packages/vectornav_msgs/msg/_attitude_group.py'...
[11.375s] Compiling '/home/qeftser/vip/vectornav/src/vectornav-ros2/install/vectornav_msgs/lib/python3.10/site-packages/vectornav_msgs/msg/_common_group.py'...
[11.375s] Compiling '/home/qeftser/vip/vectornav/src/vectornav-ros2/install/vectornav_msgs/lib/python3.10/site-packages/vectornav_msgs/msg/_dop.py'...
[11.375s] Compiling '/home/qeftser/vip/vectornav/src/vectornav-ros2/install/vectornav_msgs/lib/python3.10/site-packages/vectornav_msgs/msg/_gps_group.py'...
[11.375s] Compiling '/home/qeftser/vip/vectornav/src/vectornav-ros2/install/vectornav_msgs/lib/python3.10/site-packages/vectornav_msgs/msg/_imu_group.py'...
[11.375s] Compiling '/home/qeftser/vip/vectornav/src/vectornav-ros2/install/vectornav_msgs/lib/python3.10/site-packages/vectornav_msgs/msg/_ins_group.py'...
[11.375s] Compiling '/home/qeftser/vip/vectornav/src/vectornav-ros2/install/vectornav_msgs/lib/python3.10/site-packages/vectornav_msgs/msg/_ins_status.py'...
[11.375s] Compiling '/home/qeftser/vip/vectornav/src/vectornav-ros2/install/vectornav_msgs/lib/python3.10/site-packages/vectornav_msgs/msg/_time_group.py'...
[11.375s] Compiling '/home/qeftser/vip/vectornav/src/vectornav-ros2/install/vectornav_msgs/lib/python3.10/site-packages/vectornav_msgs/msg/_time_status.py'...
[11.375s] Compiling '/home/qeftser/vip/vectornav/src/vectornav-ros2/install/vectornav_msgs/lib/python3.10/site-packages/vectornav_msgs/msg/_time_utc.py'...
[11.375s] Compiling '/home/qeftser/vip/vectornav/src/vectornav-ros2/install/vectornav_msgs/lib/python3.10/site-packages/vectornav_msgs/msg/_vpe_status.py'...
[11.378s] -- Installing: /home/qeftser/vip/vectornav/src/vectornav-ros2/install/vectornav_msgs/lib/python3.10/site-packages/vectornav_msgs/vectornav_msgs_s__rosidl_typesupport_fastrtps_c.cpython-310-x86_64-linux-gnu.so
[11.378s] -- Set runtime path of "/home/qeftser/vip/vectornav/src/vectornav-ros2/install/vectornav_msgs/lib/python3.10/site-packages/vectornav_msgs/vectornav_msgs_s__rosidl_typesupport_fastrtps_c.cpython-310-x86_64-linux-gnu.so" to ""
[11.378s] -- Installing: /home/qeftser/vip/vectornav/src/vectornav-ros2/install/vectornav_msgs/lib/python3.10/site-packages/vectornav_msgs/vectornav_msgs_s__rosidl_typesupport_introspection_c.cpython-310-x86_64-linux-gnu.so
[11.379s] -- Set runtime path of "/home/qeftser/vip/vectornav/src/vectornav-ros2/install/vectornav_msgs/lib/python3.10/site-packages/vectornav_msgs/vectornav_msgs_s__rosidl_typesupport_introspection_c.cpython-310-x86_64-linux-gnu.so" to ""
[11.379s] -- Installing: /home/qeftser/vip/vectornav/src/vectornav-ros2/install/vectornav_msgs/lib/python3.10/site-packages/vectornav_msgs/vectornav_msgs_s__rosidl_typesupport_c.cpython-310-x86_64-linux-gnu.so
[11.379s] -- Set runtime path of "/home/qeftser/vip/vectornav/src/vectornav-ros2/install/vectornav_msgs/lib/python3.10/site-packages/vectornav_msgs/vectornav_msgs_s__rosidl_typesupport_c.cpython-310-x86_64-linux-gnu.so" to ""
[11.379s] -- Installing: /home/qeftser/vip/vectornav/src/vectornav-ros2/install/vectornav_msgs/lib/libvectornav_msgs__rosidl_generator_py.so
[11.379s] -- Set runtime path of "/home/qeftser/vip/vectornav/src/vectornav-ros2/install/vectornav_msgs/lib/libvectornav_msgs__rosidl_generator_py.so" to ""
[11.379s] -- Installing: /home/qeftser/vip/vectornav/src/vectornav-ros2/install/vectornav_msgs/share/vectornav_msgs/msg/AttitudeGroup.idl
[11.379s] -- Installing: /home/qeftser/vip/vectornav/src/vectornav-ros2/install/vectornav_msgs/share/vectornav_msgs/msg/CommonGroup.idl
[11.379s] -- Installing: /home/qeftser/vip/vectornav/src/vectornav-ros2/install/vectornav_msgs/share/vectornav_msgs/msg/DOP.idl
[11.379s] -- Installing: /home/qeftser/vip/vectornav/src/vectornav-ros2/install/vectornav_msgs/share/vectornav_msgs/msg/GpsGroup.idl
[11.380s] -- Installing: /home/qeftser/vip/vectornav/src/vectornav-ros2/install/vectornav_msgs/share/vectornav_msgs/msg/ImuGroup.idl
[11.380s] -- Installing: /home/qeftser/vip/vectornav/src/vectornav-ros2/install/vectornav_msgs/share/vectornav_msgs/msg/InsGroup.idl
[11.380s] -- Installing: /home/qeftser/vip/vectornav/src/vectornav-ros2/install/vectornav_msgs/share/vectornav_msgs/msg/InsStatus.idl
[11.380s] -- Installing: /home/qeftser/vip/vectornav/src/vectornav-ros2/install/vectornav_msgs/share/vectornav_msgs/msg/TimeGroup.idl
[11.380s] -- Installing: /home/qeftser/vip/vectornav/src/vectornav-ros2/install/vectornav_msgs/share/vectornav_msgs/msg/TimeStatus.idl
[11.380s] -- Installing: /home/qeftser/vip/vectornav/src/vectornav-ros2/install/vectornav_msgs/share/vectornav_msgs/msg/TimeUTC.idl
[11.380s] -- Installing: /home/qeftser/vip/vectornav/src/vectornav-ros2/install/vectornav_msgs/share/vectornav_msgs/msg/VpeStatus.idl
[11.380s] -- Installing: /home/qeftser/vip/vectornav/src/vectornav-ros2/install/vectornav_msgs/share/vectornav_msgs/action/MagCal.idl
[11.380s] -- Installing: /home/qeftser/vip/vectornav/src/vectornav-ros2/install/vectornav_msgs/share/vectornav_msgs/msg/AttitudeGroup.msg
[11.380s] -- Installing: /home/qeftser/vip/vectornav/src/vectornav-ros2/install/vectornav_msgs/share/vectornav_msgs/msg/CommonGroup.msg
[11.380s] -- Installing: /home/qeftser/vip/vectornav/src/vectornav-ros2/install/vectornav_msgs/share/vectornav_msgs/msg/DOP.msg
[11.380s] -- Installing: /home/qeftser/vip/vectornav/src/vectornav-ros2/install/vectornav_msgs/share/vectornav_msgs/msg/GpsGroup.msg
[11.380s] -- Installing: /home/qeftser/vip/vectornav/src/vectornav-ros2/install/vectornav_msgs/share/vectornav_msgs/msg/ImuGroup.msg
[11.380s] -- Installing: /home/qeftser/vip/vectornav/src/vectornav-ros2/install/vectornav_msgs/share/vectornav_msgs/msg/InsGroup.msg
[11.380s] -- Installing: /home/qeftser/vip/vectornav/src/vectornav-ros2/install/vectornav_msgs/share/vectornav_msgs/msg/InsStatus.msg
[11.380s] -- Installing: /home/qeftser/vip/vectornav/src/vectornav-ros2/install/vectornav_msgs/share/vectornav_msgs/msg/TimeGroup.msg
[11.380s] -- Installing: /home/qeftser/vip/vectornav/src/vectornav-ros2/install/vectornav_msgs/share/vectornav_msgs/msg/TimeStatus.msg
[11.380s] -- Installing: /home/qeftser/vip/vectornav/src/vectornav-ros2/install/vectornav_msgs/share/vectornav_msgs/msg/TimeUTC.msg
[11.380s] -- Installing: /home/qeftser/vip/vectornav/src/vectornav-ros2/install/vectornav_msgs/share/vectornav_msgs/msg/VpeStatus.msg
[11.380s] -- Installing: /home/qeftser/vip/vectornav/src/vectornav-ros2/install/vectornav_msgs/share/vectornav_msgs/action/MagCal.action
[11.380s] -- Installing: /home/qeftser/vip/vectornav/src/vectornav-ros2/install/vectornav_msgs/share/ament_index/resource_index/package_run_dependencies/vectornav_msgs
[11.380s] -- Installing: /home/qeftser/vip/vectornav/src/vectornav-ros2/install/vectornav_msgs/share/ament_index/resource_index/parent_prefix_path/vectornav_msgs
[11.380s] -- Installing: /home/qeftser/vip/vectornav/src/vectornav-ros2/install/vectornav_msgs/share/vectornav_msgs/environment/ament_prefix_path.sh
[11.381s] -- Installing: /home/qeftser/vip/vectornav/src/vectornav-ros2/install/vectornav_msgs/share/vectornav_msgs/environment/ament_prefix_path.dsv
[11.381s] -- Installing: /home/qeftser/vip/vectornav/src/vectornav-ros2/install/vectornav_msgs/share/vectornav_msgs/environment/path.sh
[11.381s] -- Installing: /home/qeftser/vip/vectornav/src/vectornav-ros2/install/vectornav_msgs/share/vectornav_msgs/environment/path.dsv
[11.381s] -- Installing: /home/qeftser/vip/vectornav/src/vectornav-ros2/install/vectornav_msgs/share/vectornav_msgs/local_setup.bash
[11.381s] -- Installing: /home/qeftser/vip/vectornav/src/vectornav-ros2/install/vectornav_msgs/share/vectornav_msgs/local_setup.sh
[11.381s] -- Installing: /home/qeftser/vip/vectornav/src/vectornav-ros2/install/vectornav_msgs/share/vectornav_msgs/local_setup.zsh
[11.381s] -- Installing: /home/qeftser/vip/vectornav/src/vectornav-ros2/install/vectornav_msgs/share/vectornav_msgs/local_setup.dsv
[11.381s] -- Installing: /home/qeftser/vip/vectornav/src/vectornav-ros2/install/vectornav_msgs/share/vectornav_msgs/package.dsv
[11.381s] -- Installing: /home/qeftser/vip/vectornav/src/vectornav-ros2/install/vectornav_msgs/share/ament_index/resource_index/packages/vectornav_msgs
[11.381s] -- Installing: /home/qeftser/vip/vectornav/src/vectornav-ros2/install/vectornav_msgs/share/vectornav_msgs/cmake/export_vectornav_msgs__rosidl_generator_cExport.cmake
[11.381s] -- Installing: /home/qeftser/vip/vectornav/src/vectornav-ros2/install/vectornav_msgs/share/vectornav_msgs/cmake/export_vectornav_msgs__rosidl_generator_cExport-noconfig.cmake
[11.381s] -- Installing: /home/qeftser/vip/vectornav/src/vectornav-ros2/install/vectornav_msgs/share/vectornav_msgs/cmake/export_vectornav_msgs__rosidl_typesupport_fastrtps_cExport.cmake
[11.381s] -- Installing: /home/qeftser/vip/vectornav/src/vectornav-ros2/install/vectornav_msgs/share/vectornav_msgs/cmake/export_vectornav_msgs__rosidl_typesupport_fastrtps_cExport-noconfig.cmake
[11.381s] -- Installing: /home/qeftser/vip/vectornav/src/vectornav-ros2/install/vectornav_msgs/share/vectornav_msgs/cmake/export_vectornav_msgs__rosidl_generator_cppExport.cmake
[11.381s] -- Installing: /home/qeftser/vip/vectornav/src/vectornav-ros2/install/vectornav_msgs/share/vectornav_msgs/cmake/export_vectornav_msgs__rosidl_typesupport_fastrtps_cppExport.cmake
[11.381s] -- Installing: /home/qeftser/vip/vectornav/src/vectornav-ros2/install/vectornav_msgs/share/vectornav_msgs/cmake/export_vectornav_msgs__rosidl_typesupport_fastrtps_cppExport-noconfig.cmake
[11.381s] -- Installing: /home/qeftser/vip/vectornav/src/vectornav-ros2/install/vectornav_msgs/share/vectornav_msgs/cmake/vectornav_msgs__rosidl_typesupport_introspection_cExport.cmake
[11.381s] -- Installing: /home/qeftser/vip/vectornav/src/vectornav-ros2/install/vectornav_msgs/share/vectornav_msgs/cmake/vectornav_msgs__rosidl_typesupport_introspection_cExport-noconfig.cmake
[11.382s] -- Installing: /home/qeftser/vip/vectornav/src/vectornav-ros2/install/vectornav_msgs/share/vectornav_msgs/cmake/vectornav_msgs__rosidl_typesupport_cExport.cmake
[11.382s] -- Installing: /home/qeftser/vip/vectornav/src/vectornav-ros2/install/vectornav_msgs/share/vectornav_msgs/cmake/vectornav_msgs__rosidl_typesupport_cExport-noconfig.cmake
[11.382s] -- Installing: /home/qeftser/vip/vectornav/src/vectornav-ros2/install/vectornav_msgs/share/vectornav_msgs/cmake/vectornav_msgs__rosidl_typesupport_introspection_cppExport.cmake
[11.382s] -- Installing: /home/qeftser/vip/vectornav/src/vectornav-ros2/install/vectornav_msgs/share/vectornav_msgs/cmake/vectornav_msgs__rosidl_typesupport_introspection_cppExport-noconfig.cmake
[11.382s] -- Installing: /home/qeftser/vip/vectornav/src/vectornav-ros2/install/vectornav_msgs/share/vectornav_msgs/cmake/vectornav_msgs__rosidl_typesupport_cppExport.cmake
[11.382s] -- Installing: /home/qeftser/vip/vectornav/src/vectornav-ros2/install/vectornav_msgs/share/vectornav_msgs/cmake/vectornav_msgs__rosidl_typesupport_cppExport-noconfig.cmake
[11.382s] -- Installing: /home/qeftser/vip/vectornav/src/vectornav-ros2/install/vectornav_msgs/share/vectornav_msgs/cmake/export_vectornav_msgs__rosidl_generator_pyExport.cmake
[11.382s] -- Installing: /home/qeftser/vip/vectornav/src/vectornav-ros2/install/vectornav_msgs/share/vectornav_msgs/cmake/export_vectornav_msgs__rosidl_generator_pyExport-noconfig.cmake
[11.382s] -- Installing: /home/qeftser/vip/vectornav/src/vectornav-ros2/install/vectornav_msgs/share/vectornav_msgs/cmake/rosidl_cmake-extras.cmake
[11.382s] -- Installing: /home/qeftser/vip/vectornav/src/vectornav-ros2/install/vectornav_msgs/share/vectornav_msgs/cmake/ament_cmake_export_dependencies-extras.cmake
[11.382s] -- Installing: /home/qeftser/vip/vectornav/src/vectornav-ros2/install/vectornav_msgs/share/vectornav_msgs/cmake/ament_cmake_export_include_directories-extras.cmake
[11.382s] -- Installing: /home/qeftser/vip/vectornav/src/vectornav-ros2/install/vectornav_msgs/share/vectornav_msgs/cmake/ament_cmake_export_libraries-extras.cmake
[11.382s] -- Installing: /home/qeftser/vip/vectornav/src/vectornav-ros2/install/vectornav_msgs/share/vectornav_msgs/cmake/ament_cmake_export_targets-extras.cmake
[11.382s] -- Installing: /home/qeftser/vip/vectornav/src/vectornav-ros2/install/vectornav_msgs/share/vectornav_msgs/cmake/rosidl_cmake_export_typesupport_targets-extras.cmake
[11.382s] -- Installing: /home/qeftser/vip/vectornav/src/vectornav-ros2/install/vectornav_msgs/share/vectornav_msgs/cmake/rosidl_cmake_export_typesupport_libraries-extras.cmake
[11.382s] -- Installing: /home/qeftser/vip/vectornav/src/vectornav-ros2/install/vectornav_msgs/share/vectornav_msgs/cmake/vectornav_msgsConfig.cmake
[11.382s] -- Installing: /home/qeftser/vip/vectornav/src/vectornav-ros2/install/vectornav_msgs/share/vectornav_msgs/cmake/vectornav_msgsConfig-version.cmake
[11.382s] -- Installing: /home/qeftser/vip/vectornav/src/vectornav-ros2/install/vectornav_msgs/share/vectornav_msgs/package.xml
[11.384s] Invoked command in '/home/qeftser/vip/vectornav/src/vectornav-ros2/build/vectornav_msgs' returned '0': CMAKE_PREFIX_PATH=/opt/ros/iron /usr/bin/cmake --install /home/qeftser/vip/vectornav/src/vectornav-ros2/build/vectornav_msgs
