-- Found ament_cmake: 2.0.7 (/opt/ros/iron/share/ament_cmake/cmake)
-- Found rclcpp: 21.0.8 (/opt/ros/iron/share/rclcpp/cmake)
-- Found rosidl_generator_c: 4.0.1 (/opt/ros/iron/share/rosidl_generator_c/cmake)
-- Found rosidl_generator_cpp: 4.0.1 (/opt/ros/iron/share/rosidl_generator_cpp/cmake)
-- Using all available rosidl_typesupport_c: rosidl_typesupport_fastrtps_c;rosidl_typesupport_introspection_c
-- Using all available rosidl_typesupport_cpp: rosidl_typesupport_fastrtps_cpp;rosidl_typesupport_introspection_cpp
-- Found rmw_implementation_cmake: 7.1.0 (/opt/ros/iron/share/rmw_implementation_cmake/cmake)
-- Found rmw_fastrtps_cpp: 7.1.4 (/opt/ros/iron/share/rmw_fastrtps_cpp/cmake)
-- Using RMW implementation 'rmw_fastrtps_cpp' as default
-- Found std_msgs: 5.0.1 (/opt/ros/iron/share/std_msgs/cmake)
-- Found sensor_msgs: 5.0.1 (/opt/ros/iron/share/sensor_msgs/cmake)
-- Found pcl_conversions: 2.5.4 (/opt/ros/iron/share/pcl_conversions/cmake)
-- Eigen found (include: /usr/include/eigen3, version: 3.4.0)
-- FLANN found (include: /usr/include, lib: /usr/lib/aarch64-linux-gnu/libflann_cpp.so)
-- OpenNI found (version: 1.5.4.0, include: /usr/include/ni, lib: /usr/lib/libOpenNI.so;libusb::libusb)
-- OpenNI2 found (version: 2.2.0.33, include: /usr/include/openni2, lib: /usr/lib/aarch64-linux-gnu/libOpenNI2.so;libusb::libusb)
-- Eigen found (include: /usr/include/eigen3, version: 3.4.0)
-- OpenNI found (version: 1.5.4.0, include: /usr/include/ni, lib: /usr/lib/libOpenNI.so;libusb::libusb)
-- OpenNI2 found (version: 2.2.0.33, include: /usr/include/openni2, lib: /usr/lib/aarch64-linux-gnu/libOpenNI2.so;libusb::libusb)
-- Found Qhull version 8.0.2
-- OpenNI found (version: 1.5.4.0, include: /usr/include/ni, lib: /usr/lib/libOpenNI.so;libusb::libusb)
-- Configuring done
-- Generating done
-- Build files have been written to: /home/bender/bender-2025/src/sensors/jetson/unitree_ws/build/unitree_lidar_ros2
[35m[1mConsolidate compiler generated dependencies of target unitree_lidar_ros2_node[0m
[ 50%] [32mBuilding CXX object CMakeFiles/unitree_lidar_ros2_node.dir/src/unitree_lidar_ros2_node.cpp.o[0m
[100%] [32m[1mLinking CXX executable unitree_lidar_ros2_node[0m
[100%] Built target unitree_lidar_ros2_node
-- Install configuration: ""
-- Installing: /home/bender/bender-2025/src/sensors/jetson/unitree_ws/install/unitree_lidar_ros2/lib/unitree_lidar_ros2/unitree_lidar_ros2_node
-- Set runtime path of "/home/bender/bender-2025/src/sensors/jetson/unitree_ws/install/unitree_lidar_ros2/lib/unitree_lidar_ros2/unitree_lidar_ros2_node" to ""
-- Up-to-date: /home/bender/bender-2025/src/sensors/jetson/unitree_ws/install/unitree_lidar_ros2/share/unitree_lidar_ros2/view.rviz
-- Up-to-date: /home/bender/bender-2025/src/sensors/jetson/unitree_ws/install/unitree_lidar_ros2/share/unitree_lidar_ros2/launch.py
-- Up-to-date: /home/bender/bender-2025/src/sensors/jetson/unitree_ws/install/unitree_lidar_ros2/share/ament_index/resource_index/package_run_dependencies/unitree_lidar_ros2
-- Up-to-date: /home/bender/bender-2025/src/sensors/jetson/unitree_ws/install/unitree_lidar_ros2/share/ament_index/resource_index/parent_prefix_path/unitree_lidar_ros2
-- Up-to-date: /home/bender/bender-2025/src/sensors/jetson/unitree_ws/install/unitree_lidar_ros2/share/unitree_lidar_ros2/environment/ament_prefix_path.sh
-- Up-to-date: /home/bender/bender-2025/src/sensors/jetson/unitree_ws/install/unitree_lidar_ros2/share/unitree_lidar_ros2/environment/ament_prefix_path.dsv
-- Up-to-date: /home/bender/bender-2025/src/sensors/jetson/unitree_ws/install/unitree_lidar_ros2/share/unitree_lidar_ros2/environment/path.sh
-- Up-to-date: /home/bender/bender-2025/src/sensors/jetson/unitree_ws/install/unitree_lidar_ros2/share/unitree_lidar_ros2/environment/path.dsv
-- Up-to-date: /home/bender/bender-2025/src/sensors/jetson/unitree_ws/install/unitree_lidar_ros2/share/unitree_lidar_ros2/local_setup.bash
-- Up-to-date: /home/bender/bender-2025/src/sensors/jetson/unitree_ws/install/unitree_lidar_ros2/share/unitree_lidar_ros2/local_setup.sh
-- Up-to-date: /home/bender/bender-2025/src/sensors/jetson/unitree_ws/install/unitree_lidar_ros2/share/unitree_lidar_ros2/local_setup.zsh
-- Up-to-date: /home/bender/bender-2025/src/sensors/jetson/unitree_ws/install/unitree_lidar_ros2/share/unitree_lidar_ros2/local_setup.dsv
-- Installing: /home/bender/bender-2025/src/sensors/jetson/unitree_ws/install/unitree_lidar_ros2/share/unitree_lidar_ros2/package.dsv
-- Up-to-date: /home/bender/bender-2025/src/sensors/jetson/unitree_ws/install/unitree_lidar_ros2/share/ament_index/resource_index/packages/unitree_lidar_ros2
-- Up-to-date: /home/bender/bender-2025/src/sensors/jetson/unitree_ws/install/unitree_lidar_ros2/share/unitree_lidar_ros2/cmake/unitree_lidar_ros2Config.cmake
-- Up-to-date: /home/bender/bender-2025/src/sensors/jetson/unitree_ws/install/unitree_lidar_ros2/share/unitree_lidar_ros2/cmake/unitree_lidar_ros2Config-version.cmake
-- Up-to-date: /home/bender/bender-2025/src/sensors/jetson/unitree_ws/install/unitree_lidar_ros2/share/unitree_lidar_ros2/package.xml
