[0.023s] Invoking command in '/home/bender/bender-2025/src/sensors/jetson/unitree_ws/build/unitree_lidar_ros2': CMAKE_PREFIX_PATH=${CMAKE_PREFIX_PATH}:/opt/ros/iron /usr/bin/cmake --build /home/bender/bender-2025/src/sensors/jetson/unitree_ws/build/unitree_lidar_ros2 -- -j6 -l6
[0.077s] -- Found ament_cmake: 2.0.7 (/opt/ros/iron/share/ament_cmake/cmake)
[0.399s] -- Found rclcpp: 21.0.8 (/opt/ros/iron/share/rclcpp/cmake)
[0.481s] -- Found rosidl_generator_c: 4.0.1 (/opt/ros/iron/share/rosidl_generator_c/cmake)
[0.496s] -- Found rosidl_generator_cpp: 4.0.1 (/opt/ros/iron/share/rosidl_generator_cpp/cmake)
[0.519s] -- Using all available rosidl_typesupport_c: rosidl_typesupport_fastrtps_c;rosidl_typesupport_introspection_c
[0.549s] -- Using all available rosidl_typesupport_cpp: rosidl_typesupport_fastrtps_cpp;rosidl_typesupport_introspection_cpp
[0.828s] -- Found rmw_implementation_cmake: 7.1.0 (/opt/ros/iron/share/rmw_implementation_cmake/cmake)
[0.831s] -- Found rmw_fastrtps_cpp: 7.1.4 (/opt/ros/iron/share/rmw_fastrtps_cpp/cmake)
[1.047s] -- Using RMW implementation 'rmw_fastrtps_cpp' as default
[1.354s] -- Found std_msgs: 5.0.1 (/opt/ros/iron/share/std_msgs/cmake)
[1.410s] -- Found sensor_msgs: 5.0.1 (/opt/ros/iron/share/sensor_msgs/cmake)
[1.669s] -- Found pcl_conversions: 2.5.4 (/opt/ros/iron/share/pcl_conversions/cmake)
[1.998s] -- Eigen found (include: /usr/include/eigen3, version: 3.4.0)
[2.054s] -- FLANN found (include: /usr/include, lib: /usr/lib/aarch64-linux-gnu/libflann_cpp.so)
[2.621s] -- OpenNI found (version: 1.5.4.0, include: /usr/include/ni, lib: /usr/lib/libOpenNI.so;libusb::libusb)
[2.631s] -- OpenNI2 found (version: 2.2.0.33, include: /usr/include/openni2, lib: /usr/lib/aarch64-linux-gnu/libOpenNI2.so;libusb::libusb)
[2.890s] -- Eigen found (include: /usr/include/eigen3, version: 3.4.0)
[2.900s] -- OpenNI found (version: 1.5.4.0, include: /usr/include/ni, lib: /usr/lib/libOpenNI.so;libusb::libusb)
[2.910s] -- OpenNI2 found (version: 2.2.0.33, include: /usr/include/openni2, lib: /usr/lib/aarch64-linux-gnu/libOpenNI2.so;libusb::libusb)
[3.153s] -- Found Qhull version 8.0.2
[3.408s] -- OpenNI found (version: 1.5.4.0, include: /usr/include/ni, lib: /usr/lib/libOpenNI.so;libusb::libusb)
[3.695s] [33mCMake Warning (dev) at CMakeLists.txt:23 (find_package):
[3.695s]   Policy CMP0074 is not set: find_package uses <PackageName>_ROOT variables.
[3.696s]   Run "cmake --help-policy CMP0074" for policy details.  Use the cmake_policy
[3.696s]   command to set the policy and suppress this warning.
[3.696s] 
[3.696s]   CMake variable PCL_ROOT is set to:
[3.696s] 
[3.696s]     /usr
[3.696s] 
[3.696s]   For compatibility, CMake is ignoring the variable.
[3.697s] This warning is for project developers.  Use -Wno-dev to suppress it.
[3.697s] [0m
[4.079s] -- Configuring done
[4.146s] -- Generating done
[4.168s] -- Build files have been written to: /home/bender/bender-2025/src/sensors/jetson/unitree_ws/build/unitree_lidar_ros2
[4.247s] [35m[1mConsolidate compiler generated dependencies of target unitree_lidar_ros2_node[0m
[4.319s] [ 50%] [32mBuilding CXX object CMakeFiles/unitree_lidar_ros2_node.dir/src/unitree_lidar_ros2_node.cpp.o[0m
[7.174s] In file included from [01m[K/home/bender/bender-2025/src/sensors/jetson/unitree_ws/src/unitree_lidar_ros2/src/unitree_lidar_ros2_node.cpp:5[m[K:
[7.174s] [01m[K/home/bender/bender-2025/src/sensors/jetson/unitree_ws/src/unitree_lidar_ros2/include/unitree_lidar_ros2.h:28:10:[m[K [01;31m[Kfatal error: [m[Kunitree_lidar_sdk_pcl.h: No such file or directory
[7.175s]    28 | #include [01;31m[K"unitree_lidar_sdk_pcl.h"[m[K
[7.175s]       |          [01;31m[K^~~~~~~~~~~~~~~~~~~~~~~~~[m[K
[7.175s] compilation terminated.
[7.200s] gmake[2]: *** [CMakeFiles/unitree_lidar_ros2_node.dir/build.make:76: CMakeFiles/unitree_lidar_ros2_node.dir/src/unitree_lidar_ros2_node.cpp.o] Error 1
[7.200s] gmake[1]: *** [CMakeFiles/Makefile2:137: CMakeFiles/unitree_lidar_ros2_node.dir/all] Error 2
[7.201s] gmake: *** [Makefile:146: all] Error 2
[7.208s] Invoked command in '/home/bender/bender-2025/src/sensors/jetson/unitree_ws/build/unitree_lidar_ros2' returned '2': CMAKE_PREFIX_PATH=${CMAKE_PREFIX_PATH}:/opt/ros/iron /usr/bin/cmake --build /home/bender/bender-2025/src/sensors/jetson/unitree_ws/build/unitree_lidar_ros2 -- -j6 -l6
