[0.015s] Invoking command in '/home/bender/bender-2025/src/sensors/jetson/ydlidar_ws/build/ydlidar_ros2_driver': CMAKE_PREFIX_PATH=${CMAKE_PREFIX_PATH}:/opt/ros/iron /usr/bin/cmake /home/bender/bender-2025/src/sensors/jetson/ydlidar_ws/src/ydlidar_ros2_driver -DCMAKE_INSTALL_PREFIX=/home/bender/bender-2025/src/sensors/jetson/ydlidar_ws/install/ydlidar_ros2_driver
[0.118s] -- The C compiler identification is GNU 11.4.0
[0.238s] -- The CXX compiler identification is GNU 11.4.0
[0.260s] -- Detecting C compiler ABI info
[0.411s] -- Detecting C compiler ABI info - done
[0.435s] -- Check for working C compiler: /usr/bin/cc - skipped
[0.436s] -- Detecting C compile features
[0.437s] -- Detecting C compile features - done
[0.448s] -- Detecting CXX compiler ABI info
[0.604s] -- Detecting CXX compiler ABI info - done
[0.630s] -- Check for working CXX compiler: /usr/bin/c++ - skipped
[0.631s] -- Detecting CXX compile features
[0.633s] -- Detecting CXX compile features - done
[0.642s] -- Found ament_cmake: 2.0.7 (/opt/ros/iron/share/ament_cmake/cmake)
[1.029s] -- Found Python3: /usr/bin/python3.10 (found version "3.10.12") found components: Interpreter 
[1.238s] -- Found rclcpp: 21.0.8 (/opt/ros/iron/share/rclcpp/cmake)
[1.329s] -- Found rosidl_generator_c: 4.0.1 (/opt/ros/iron/share/rosidl_generator_c/cmake)
[1.352s] -- Found rosidl_generator_cpp: 4.0.1 (/opt/ros/iron/share/rosidl_generator_cpp/cmake)
[1.380s] -- Using all available rosidl_typesupport_c: rosidl_typesupport_fastrtps_c;rosidl_typesupport_introspection_c
[1.415s] -- Using all available rosidl_typesupport_cpp: rosidl_typesupport_fastrtps_cpp;rosidl_typesupport_introspection_cpp
[1.721s] -- Found rmw_implementation_cmake: 7.1.0 (/opt/ros/iron/share/rmw_implementation_cmake/cmake)
[1.725s] -- Found rmw_fastrtps_cpp: 7.1.4 (/opt/ros/iron/share/rmw_fastrtps_cpp/cmake)
[1.899s] -- Found OpenSSL: /usr/lib/aarch64-linux-gnu/libcrypto.so (found version "3.0.2")  
[1.957s] -- Found FastRTPS: /opt/ros/iron/include  
[2.037s] -- Using RMW implementation 'rmw_fastrtps_cpp' as default
[2.356s] -- Found sensor_msgs: 5.0.1 (/opt/ros/iron/share/sensor_msgs/cmake)
[2.753s] -- Found visualization_msgs: 5.0.1 (/opt/ros/iron/share/visualization_msgs/cmake)
[3.046s] -- Found std_srvs: 5.0.1 (/opt/ros/iron/share/std_srvs/cmake)
[3.149s] [31mCMake Error at CMakeLists.txt:25 (find_package):
[3.149s]   By not providing "Findydlidar_sdk.cmake" in CMAKE_MODULE_PATH this project
[3.150s]   has asked CMake to find a package configuration file provided by
[3.150s]   "ydlidar_sdk", but CMake did not find one.
[3.150s] 
[3.150s]   Could not find a package configuration file provided by "ydlidar_sdk" with
[3.150s]   any of the following names:
[3.150s] 
[3.150s]     ydlidar_sdkConfig.cmake
[3.150s]     ydlidar_sdk-config.cmake
[3.151s] 
[3.151s]   Add the installation prefix of "ydlidar_sdk" to CMAKE_PREFIX_PATH or set
[3.151s]   "ydlidar_sdk_DIR" to a directory containing one of the above files.  If
[3.151s]   "ydlidar_sdk" provides a separate development package or SDK, be sure it
[3.151s]   has been installed.
[3.151s] 
[3.151s] [0m
[3.151s] -- Configuring incomplete, errors occurred!
[3.151s] See also "/home/bender/bender-2025/src/sensors/jetson/ydlidar_ws/build/ydlidar_ros2_driver/CMakeFiles/CMakeOutput.log".
[3.171s] Invoked command in '/home/bender/bender-2025/src/sensors/jetson/ydlidar_ws/build/ydlidar_ros2_driver' returned '1': CMAKE_PREFIX_PATH=${CMAKE_PREFIX_PATH}:/opt/ros/iron /usr/bin/cmake /home/bender/bender-2025/src/sensors/jetson/ydlidar_ws/src/ydlidar_ros2_driver -DCMAKE_INSTALL_PREFIX=/home/bender/bender-2025/src/sensors/jetson/ydlidar_ws/install/ydlidar_ros2_driver
