[0.016s] Invoking command in '/home/bender/bender-2025/src/sensors/jetson/unitree_ws/build/unitree_lidar_ros2': CMAKE_PREFIX_PATH=${CMAKE_PREFIX_PATH}:/opt/ros/iron /usr/bin/cmake /home/bender/bender-2025/src/sensors/jetson/unitree_ws/src/unitree_lidar_ros2 -DCMAKE_INSTALL_PREFIX=/home/bender/bender-2025/src/sensors/jetson/unitree_ws/install/unitree_lidar_ros2
[0.124s] -- The C compiler identification is GNU 11.4.0
[0.248s] -- The CXX compiler identification is GNU 11.4.0
[0.270s] -- Detecting C compiler ABI info
[0.419s] -- Detecting C compiler ABI info - done
[0.444s] -- Check for working C compiler: /usr/bin/cc - skipped
[0.445s] -- Detecting C compile features
[0.446s] -- Detecting C compile features - done
[0.457s] -- Detecting CXX compiler ABI info
[0.615s] -- Detecting CXX compiler ABI info - done
[0.641s] -- Check for working CXX compiler: /usr/bin/c++ - skipped
[0.641s] -- Detecting CXX compile features
[0.643s] -- Detecting CXX compile features - done
[0.651s] -- Found ament_cmake: 2.0.7 (/opt/ros/iron/share/ament_cmake/cmake)
[1.044s] -- Found Python3: /usr/bin/python3.10 (found version "3.10.12") found components: Interpreter 
[1.256s] -- Found rclcpp: 21.0.8 (/opt/ros/iron/share/rclcpp/cmake)
[1.350s] -- Found rosidl_generator_c: 4.0.1 (/opt/ros/iron/share/rosidl_generator_c/cmake)
[1.370s] -- Found rosidl_generator_cpp: 4.0.1 (/opt/ros/iron/share/rosidl_generator_cpp/cmake)
[1.399s] -- Using all available rosidl_typesupport_c: rosidl_typesupport_fastrtps_c;rosidl_typesupport_introspection_c
[1.433s] -- Using all available rosidl_typesupport_cpp: rosidl_typesupport_fastrtps_cpp;rosidl_typesupport_introspection_cpp
[1.732s] -- Found rmw_implementation_cmake: 7.1.0 (/opt/ros/iron/share/rmw_implementation_cmake/cmake)
[1.736s] -- Found rmw_fastrtps_cpp: 7.1.4 (/opt/ros/iron/share/rmw_fastrtps_cpp/cmake)
[1.909s] -- Found OpenSSL: /usr/lib/aarch64-linux-gnu/libcrypto.so (found version "3.0.2")  
[1.968s] -- Found FastRTPS: /opt/ros/iron/include  
[2.049s] -- Using RMW implementation 'rmw_fastrtps_cpp' as default
[2.367s] -- Found std_msgs: 5.0.1 (/opt/ros/iron/share/std_msgs/cmake)
[2.426s] -- Found sensor_msgs: 5.0.1 (/opt/ros/iron/share/sensor_msgs/cmake)
[2.691s] -- Found pcl_conversions: 2.5.4 (/opt/ros/iron/share/pcl_conversions/cmake)
[3.029s] -- Checking for module 'eigen3'
[3.053s] --   Found eigen3, version 3.4.0
[3.106s] -- Found Eigen: /usr/include/eigen3 (Required is at least version "3.1") 
[3.106s] -- Eigen found (include: /usr/include/eigen3, version: 3.4.0)
[3.177s] -- Checking for module 'flann'
[3.199s] --   Found flann, version 1.9.1
[3.284s] -- Found FLANN: /usr/lib/aarch64-linux-gnu/libflann_cpp.so  
[3.285s] -- FLANN found (include: /usr/include, lib: /usr/lib/aarch64-linux-gnu/libflann_cpp.so)
[5.630s] -- Checking for module 'libusb-1.0'
[5.661s] --   Found libusb-1.0, version 1.0.25
[5.739s] -- Found libusb: /usr/lib/aarch64-linux-gnu/libusb-1.0.so  
[5.743s] -- OpenNI found (version: 1.5.4.0, include: /usr/include/ni, lib: /usr/lib/libOpenNI.so;libusb::libusb)
[5.869s] -- OpenNI2 found (version: 2.2.0.33, include: /usr/include/openni2, lib: /usr/lib/aarch64-linux-gnu/libOpenNI2.so;libusb::libusb)
[6.160s] -- Eigen found (include: /usr/include/eigen3, version: 3.4.0)
[6.170s] -- OpenNI found (version: 1.5.4.0, include: /usr/include/ni, lib: /usr/lib/libOpenNI.so;libusb::libusb)
[6.179s] -- OpenNI2 found (version: 2.2.0.33, include: /usr/include/openni2, lib: /usr/lib/aarch64-linux-gnu/libOpenNI2.so;libusb::libusb)
[6.429s] -- Found Qhull version 8.0.2
[6.686s] -- OpenNI found (version: 1.5.4.0, include: /usr/include/ni, lib: /usr/lib/libOpenNI.so;libusb::libusb)
[6.935s] -- Found PCL_COMMON: /usr/lib/aarch64-linux-gnu/libpcl_common.so  
[6.937s] -- Found PCL_KDTREE: /usr/lib/aarch64-linux-gnu/libpcl_kdtree.so  
[6.939s] -- Found PCL_OCTREE: /usr/lib/aarch64-linux-gnu/libpcl_octree.so  
[6.940s] -- Found PCL_SEARCH: /usr/lib/aarch64-linux-gnu/libpcl_search.so  
[6.941s] -- Found PCL_SAMPLE_CONSENSUS: /usr/lib/aarch64-linux-gnu/libpcl_sample_consensus.so  
[6.943s] -- Found PCL_FILTERS: /usr/lib/aarch64-linux-gnu/libpcl_filters.so  
[6.944s] -- Found PCL_2D: /usr/include/pcl-1.12  
[6.944s] -- Found PCL_GEOMETRY: /usr/include/pcl-1.12  
[6.946s] -- Found PCL_IO: /usr/lib/aarch64-linux-gnu/libpcl_io.so  
[6.948s] -- Found PCL_FEATURES: /usr/lib/aarch64-linux-gnu/libpcl_features.so  
[6.949s] -- Found PCL_ML: /usr/lib/aarch64-linux-gnu/libpcl_ml.so  
[6.951s] -- Found PCL_SEGMENTATION: /usr/lib/aarch64-linux-gnu/libpcl_segmentation.so  
[6.953s] -- Found PCL_VISUALIZATION: /usr/lib/aarch64-linux-gnu/libpcl_visualization.so  
[6.954s] -- Found PCL_SURFACE: /usr/lib/aarch64-linux-gnu/libpcl_surface.so  
[6.956s] -- Found PCL_REGISTRATION: /usr/lib/aarch64-linux-gnu/libpcl_registration.so  
[6.958s] -- Found PCL_KEYPOINTS: /usr/lib/aarch64-linux-gnu/libpcl_keypoints.so  
[6.960s] -- Found PCL_TRACKING: /usr/lib/aarch64-linux-gnu/libpcl_tracking.so  
[6.961s] -- Found PCL_RECOGNITION: /usr/lib/aarch64-linux-gnu/libpcl_recognition.so  
[6.963s] -- Found PCL_STEREO: /usr/lib/aarch64-linux-gnu/libpcl_stereo.so  
[6.965s] -- Found PCL_APPS: /usr/lib/aarch64-linux-gnu/libpcl_apps.so  
[6.966s] -- Found PCL_IN_HAND_SCANNER: /usr/include/pcl-1.12  
[6.967s] -- Found PCL_MODELER: /usr/include/pcl-1.12  
[6.967s] -- Found PCL_POINT_CLOUD_EDITOR: /usr/include/pcl-1.12  
[6.969s] -- Found PCL_OUTOFCORE: /usr/lib/aarch64-linux-gnu/libpcl_outofcore.so  
[6.971s] -- Found PCL_PEOPLE: /usr/lib/aarch64-linux-gnu/libpcl_people.so  
[6.998s] [33mCMake Warning (dev) at CMakeLists.txt:23 (find_package):
[6.999s]   Policy CMP0074 is not set: find_package uses <PackageName>_ROOT variables.
[6.999s]   Run "cmake --help-policy CMP0074" for policy details.  Use the cmake_policy
[6.999s]   command to set the policy and suppress this warning.
[6.999s] 
[7.000s]   CMake variable PCL_ROOT is set to:
[7.000s] 
[7.000s]     /usr
[7.000s] 
[7.001s]   For compatibility, CMake is ignoring the variable.
[7.001s] This warning is for project developers.  Use -Wno-dev to suppress it.
[7.001s] [0m
[7.387s] -- Configuring done
[7.458s] -- Generating done
[7.480s] -- Build files have been written to: /home/bender/bender-2025/src/sensors/jetson/unitree_ws/build/unitree_lidar_ros2
[7.527s] Invoked command in '/home/bender/bender-2025/src/sensors/jetson/unitree_ws/build/unitree_lidar_ros2' returned '0': CMAKE_PREFIX_PATH=${CMAKE_PREFIX_PATH}:/opt/ros/iron /usr/bin/cmake /home/bender/bender-2025/src/sensors/jetson/unitree_ws/src/unitree_lidar_ros2 -DCMAKE_INSTALL_PREFIX=/home/bender/bender-2025/src/sensors/jetson/unitree_ws/install/unitree_lidar_ros2
[7.533s] Invoking command in '/home/bender/bender-2025/src/sensors/jetson/unitree_ws/build/unitree_lidar_ros2': CMAKE_PREFIX_PATH=${CMAKE_PREFIX_PATH}:/opt/ros/iron /usr/bin/cmake --build /home/bender/bender-2025/src/sensors/jetson/unitree_ws/build/unitree_lidar_ros2 -- -j6 -l6
[7.641s] [ 50%] [32mBuilding CXX object CMakeFiles/unitree_lidar_ros2_node.dir/src/unitree_lidar_ros2_node.cpp.o[0m
[35.355s] [100%] [32m[1mLinking CXX executable unitree_lidar_ros2_node[0m
[36.360s] [100%] Built target unitree_lidar_ros2_node
[36.388s] Invoked command in '/home/bender/bender-2025/src/sensors/jetson/unitree_ws/build/unitree_lidar_ros2' returned '0': CMAKE_PREFIX_PATH=${CMAKE_PREFIX_PATH}:/opt/ros/iron /usr/bin/cmake --build /home/bender/bender-2025/src/sensors/jetson/unitree_ws/build/unitree_lidar_ros2 -- -j6 -l6
[36.411s] Invoking command in '/home/bender/bender-2025/src/sensors/jetson/unitree_ws/build/unitree_lidar_ros2': CMAKE_PREFIX_PATH=${CMAKE_PREFIX_PATH}:/opt/ros/iron /usr/bin/cmake --install /home/bender/bender-2025/src/sensors/jetson/unitree_ws/build/unitree_lidar_ros2
[36.427s] -- Install configuration: ""
[36.427s] -- Installing: /home/bender/bender-2025/src/sensors/jetson/unitree_ws/install/unitree_lidar_ros2/lib/unitree_lidar_ros2/unitree_lidar_ros2_node
[36.433s] -- Set runtime path of "/home/bender/bender-2025/src/sensors/jetson/unitree_ws/install/unitree_lidar_ros2/lib/unitree_lidar_ros2/unitree_lidar_ros2_node" to ""
[36.433s] -- Installing: /home/bender/bender-2025/src/sensors/jetson/unitree_ws/install/unitree_lidar_ros2/share/unitree_lidar_ros2/view.rviz
[36.433s] -- Installing: /home/bender/bender-2025/src/sensors/jetson/unitree_ws/install/unitree_lidar_ros2/share/unitree_lidar_ros2/launch.py
[36.434s] -- Installing: /home/bender/bender-2025/src/sensors/jetson/unitree_ws/install/unitree_lidar_ros2/share/ament_index/resource_index/package_run_dependencies/unitree_lidar_ros2
[36.435s] -- Installing: /home/bender/bender-2025/src/sensors/jetson/unitree_ws/install/unitree_lidar_ros2/share/ament_index/resource_index/parent_prefix_path/unitree_lidar_ros2
[36.435s] -- Installing: /home/bender/bender-2025/src/sensors/jetson/unitree_ws/install/unitree_lidar_ros2/share/unitree_lidar_ros2/environment/ament_prefix_path.sh
[36.435s] -- Installing: /home/bender/bender-2025/src/sensors/jetson/unitree_ws/install/unitree_lidar_ros2/share/unitree_lidar_ros2/environment/ament_prefix_path.dsv
[36.436s] -- Installing: /home/bender/bender-2025/src/sensors/jetson/unitree_ws/install/unitree_lidar_ros2/share/unitree_lidar_ros2/environment/path.sh
[36.436s] -- Installing: /home/bender/bender-2025/src/sensors/jetson/unitree_ws/install/unitree_lidar_ros2/share/unitree_lidar_ros2/environment/path.dsv
[36.436s] -- Installing: /home/bender/bender-2025/src/sensors/jetson/unitree_ws/install/unitree_lidar_ros2/share/unitree_lidar_ros2/local_setup.bash
[36.437s] -- Installing: /home/bender/bender-2025/src/sensors/jetson/unitree_ws/install/unitree_lidar_ros2/share/unitree_lidar_ros2/local_setup.sh
[36.437s] -- Installing: /home/bender/bender-2025/src/sensors/jetson/unitree_ws/install/unitree_lidar_ros2/share/unitree_lidar_ros2/local_setup.zsh
[36.437s] -- Installing: /home/bender/bender-2025/src/sensors/jetson/unitree_ws/install/unitree_lidar_ros2/share/unitree_lidar_ros2/local_setup.dsv
[36.438s] -- Installing: /home/bender/bender-2025/src/sensors/jetson/unitree_ws/install/unitree_lidar_ros2/share/unitree_lidar_ros2/package.dsv
[36.438s] -- Installing: /home/bender/bender-2025/src/sensors/jetson/unitree_ws/install/unitree_lidar_ros2/share/ament_index/resource_index/packages/unitree_lidar_ros2
[36.439s] -- Installing: /home/bender/bender-2025/src/sensors/jetson/unitree_ws/install/unitree_lidar_ros2/share/unitree_lidar_ros2/cmake/unitree_lidar_ros2Config.cmake
[36.439s] -- Installing: /home/bender/bender-2025/src/sensors/jetson/unitree_ws/install/unitree_lidar_ros2/share/unitree_lidar_ros2/cmake/unitree_lidar_ros2Config-version.cmake
[36.439s] -- Installing: /home/bender/bender-2025/src/sensors/jetson/unitree_ws/install/unitree_lidar_ros2/share/unitree_lidar_ros2/package.xml
[36.444s] Invoked command in '/home/bender/bender-2025/src/sensors/jetson/unitree_ws/build/unitree_lidar_ros2' returned '0': CMAKE_PREFIX_PATH=${CMAKE_PREFIX_PATH}:/opt/ros/iron /usr/bin/cmake --install /home/bender/bender-2025/src/sensors/jetson/unitree_ws/build/unitree_lidar_ros2
