[0.228s] DEBUG:colcon:Command line arguments: ['/usr/bin/colcon', 'build']
[0.228s] DEBUG:colcon:Parsed command line arguments: Namespace(log_base=None, log_level=None, verb_name='build', build_base='build', install_base='install', merge_install=False, symlink_install=False, test_result_base=None, continue_on_error=False, executor='parallel', parallel_workers=6, event_handlers=None, ignore_user_meta=False, metas=['./colcon.meta'], base_paths=['.'], packages_ignore=None, packages_ignore_regex=None, paths=None, packages_up_to=None, packages_up_to_regex=None, packages_above=None, packages_above_and_dependencies=None, packages_above_depth=None, packages_select_by_dep=None, packages_skip_by_dep=None, packages_skip_up_to=None, packages_select_build_failed=False, packages_skip_build_finished=False, packages_select_test_failures=False, packages_skip_test_passed=False, packages_select=None, packages_skip=None, packages_select_regex=None, packages_skip_regex=None, packages_start=None, packages_end=None, allow_overriding=[], cmake_args=None, cmake_target=None, cmake_target_skip_unavailable=False, cmake_clean_cache=False, cmake_clean_first=False, cmake_force_configure=False, ament_cmake_args=None, catkin_cmake_args=None, catkin_skip_building_tests=False, mixin_files=None, mixin=None, verb_parser=<colcon_mixin.mixin.mixin_argument.MixinArgumentDecorator object at 0xffff9904e3e0>, verb_extension=<colcon_core.verb.build.BuildVerb object at 0xffff9904de70>, main=<bound method BuildVerb.main of <colcon_core.verb.build.BuildVerb object at 0xffff9904de70>>, mixin_verb=('build',))
[0.582s] Level 1:colcon.colcon_core.package_discovery:discover_packages(colcon_meta) check parameters
[0.582s] Level 1:colcon.colcon_core.package_discovery:discover_packages(recursive) check parameters
[0.582s] Level 1:colcon.colcon_core.package_discovery:discover_packages(ignore) check parameters
[0.582s] Level 1:colcon.colcon_core.package_discovery:discover_packages(path) check parameters
[0.582s] Level 1:colcon.colcon_core.package_discovery:discover_packages(colcon_meta) discover
[0.583s] Level 1:colcon.colcon_core.package_discovery:discover_packages(recursive) discover
[0.583s] INFO:colcon.colcon_core.package_discovery:Crawling recursively for packages in '/home/bender/bender-2025/src/sensors/jetson/rplidar_ws'
[0.583s] Level 1:colcon.colcon_core.package_identification:_identify(.) by extensions ['ignore', 'ignore_ament_install']
[0.583s] Level 1:colcon.colcon_core.package_identification:_identify(.) by extension 'ignore'
[0.583s] Level 1:colcon.colcon_core.package_identification:_identify(.) by extension 'ignore_ament_install'
[0.583s] Level 1:colcon.colcon_core.package_identification:_identify(.) by extensions ['colcon_pkg']
[0.583s] Level 1:colcon.colcon_core.package_identification:_identify(.) by extension 'colcon_pkg'
[0.584s] Level 1:colcon.colcon_core.package_identification:_identify(.) by extensions ['colcon_meta']
[0.584s] Level 1:colcon.colcon_core.package_identification:_identify(.) by extension 'colcon_meta'
[0.584s] Level 1:colcon.colcon_core.package_identification:_identify(.) by extensions ['ros']
[0.584s] Level 1:colcon.colcon_core.package_identification:_identify(.) by extension 'ros'
[0.605s] Level 1:colcon.colcon_core.package_identification:_identify(.) by extensions ['cmake', 'python']
[0.605s] Level 1:colcon.colcon_core.package_identification:_identify(.) by extension 'cmake'
[0.605s] Level 1:colcon.colcon_core.package_identification:_identify(.) by extension 'python'
[0.606s] Level 1:colcon.colcon_core.package_identification:_identify(.) by extensions ['python_setup_py']
[0.606s] Level 1:colcon.colcon_core.package_identification:_identify(.) by extension 'python_setup_py'
[0.606s] Level 1:colcon.colcon_core.package_identification:_identify(build) by extensions ['ignore', 'ignore_ament_install']
[0.606s] Level 1:colcon.colcon_core.package_identification:_identify(build) by extension 'ignore'
[0.606s] Level 1:colcon.colcon_core.package_identification:_identify(build) ignored
[0.607s] Level 1:colcon.colcon_core.package_identification:_identify(install) by extensions ['ignore', 'ignore_ament_install']
[0.607s] Level 1:colcon.colcon_core.package_identification:_identify(install) by extension 'ignore'
[0.607s] Level 1:colcon.colcon_core.package_identification:_identify(install) ignored
[0.607s] Level 1:colcon.colcon_core.package_identification:_identify(log) by extensions ['ignore', 'ignore_ament_install']
[0.607s] Level 1:colcon.colcon_core.package_identification:_identify(log) by extension 'ignore'
[0.607s] Level 1:colcon.colcon_core.package_identification:_identify(log) ignored
[0.614s] Level 1:colcon.colcon_core.package_identification:_identify(src) by extensions ['ignore', 'ignore_ament_install']
[0.614s] Level 1:colcon.colcon_core.package_identification:_identify(src) by extension 'ignore'
[0.614s] Level 1:colcon.colcon_core.package_identification:_identify(src) by extension 'ignore_ament_install'
[0.615s] Level 1:colcon.colcon_core.package_identification:_identify(src) by extensions ['colcon_pkg']
[0.615s] Level 1:colcon.colcon_core.package_identification:_identify(src) by extension 'colcon_pkg'
[0.615s] Level 1:colcon.colcon_core.package_identification:_identify(src) by extensions ['colcon_meta']
[0.615s] Level 1:colcon.colcon_core.package_identification:_identify(src) by extension 'colcon_meta'
[0.615s] Level 1:colcon.colcon_core.package_identification:_identify(src) by extensions ['ros']
[0.615s] Level 1:colcon.colcon_core.package_identification:_identify(src) by extension 'ros'
[0.615s] Level 1:colcon.colcon_core.package_identification:_identify(src) by extensions ['cmake', 'python']
[0.615s] Level 1:colcon.colcon_core.package_identification:_identify(src) by extension 'cmake'
[0.615s] Level 1:colcon.colcon_core.package_identification:_identify(src) by extension 'python'
[0.615s] Level 1:colcon.colcon_core.package_identification:_identify(src) by extensions ['python_setup_py']
[0.616s] Level 1:colcon.colcon_core.package_identification:_identify(src) by extension 'python_setup_py'
[0.616s] Level 1:colcon.colcon_core.package_identification:_identify(src/rplidar_ros) by extensions ['ignore', 'ignore_ament_install']
[0.616s] Level 1:colcon.colcon_core.package_identification:_identify(src/rplidar_ros) by extension 'ignore'
[0.616s] Level 1:colcon.colcon_core.package_identification:_identify(src/rplidar_ros) by extension 'ignore_ament_install'
[0.617s] Level 1:colcon.colcon_core.package_identification:_identify(src/rplidar_ros) by extensions ['colcon_pkg']
[0.617s] Level 1:colcon.colcon_core.package_identification:_identify(src/rplidar_ros) by extension 'colcon_pkg'
[0.617s] Level 1:colcon.colcon_core.package_identification:_identify(src/rplidar_ros) by extensions ['colcon_meta']
[0.617s] Level 1:colcon.colcon_core.package_identification:_identify(src/rplidar_ros) by extension 'colcon_meta'
[0.617s] Level 1:colcon.colcon_core.package_identification:_identify(src/rplidar_ros) by extensions ['ros']
[0.617s] Level 1:colcon.colcon_core.package_identification:_identify(src/rplidar_ros) by extension 'ros'
[0.622s] DEBUG:colcon.colcon_core.package_identification:Package 'src/rplidar_ros' with type 'ros.ament_cmake' and name 'rplidar_ros'
[0.622s] Level 1:colcon.colcon_core.package_discovery:discover_packages(recursive) using defaults
[0.623s] Level 1:colcon.colcon_core.package_discovery:discover_packages(ignore) discover
[0.623s] Level 1:colcon.colcon_core.package_discovery:discover_packages(ignore) using defaults
[0.623s] Level 1:colcon.colcon_core.package_discovery:discover_packages(path) discover
[0.623s] Level 1:colcon.colcon_core.package_discovery:discover_packages(path) using defaults
[0.690s] Level 1:colcon.colcon_core.package_discovery:discover_packages(prefix_path) check parameters
[0.690s] Level 1:colcon.colcon_core.package_discovery:discover_packages(prefix_path) discover
[0.695s] DEBUG:colcon.colcon_installed_package_information.package_discovery:Found 281 installed packages in /opt/ros/iron
[0.698s] Level 1:colcon.colcon_core.package_discovery:discover_packages(prefix_path) using defaults
[0.781s] Level 5:colcon.colcon_core.verb:set package 'rplidar_ros' build argument 'cmake_args' from command line to 'None'
[0.781s] Level 5:colcon.colcon_core.verb:set package 'rplidar_ros' build argument 'cmake_target' from command line to 'None'
[0.782s] Level 5:colcon.colcon_core.verb:set package 'rplidar_ros' build argument 'cmake_target_skip_unavailable' from command line to 'False'
[0.782s] Level 5:colcon.colcon_core.verb:set package 'rplidar_ros' build argument 'cmake_clean_cache' from command line to 'False'
[0.782s] Level 5:colcon.colcon_core.verb:set package 'rplidar_ros' build argument 'cmake_clean_first' from command line to 'False'
[0.782s] Level 5:colcon.colcon_core.verb:set package 'rplidar_ros' build argument 'cmake_force_configure' from command line to 'False'
[0.782s] Level 5:colcon.colcon_core.verb:set package 'rplidar_ros' build argument 'ament_cmake_args' from command line to 'None'
[0.782s] Level 5:colcon.colcon_core.verb:set package 'rplidar_ros' build argument 'catkin_cmake_args' from command line to 'None'
[0.782s] Level 5:colcon.colcon_core.verb:set package 'rplidar_ros' build argument 'catkin_skip_building_tests' from command line to 'False'
[0.782s] DEBUG:colcon.colcon_core.verb:Building package 'rplidar_ros' with the following arguments: {'ament_cmake_args': None, 'build_base': '/home/bender/bender-2025/src/sensors/jetson/rplidar_ws/build/rplidar_ros', 'catkin_cmake_args': None, 'catkin_skip_building_tests': False, 'cmake_args': None, 'cmake_clean_cache': False, 'cmake_clean_first': False, 'cmake_force_configure': False, 'cmake_target': None, 'cmake_target_skip_unavailable': False, 'install_base': '/home/bender/bender-2025/src/sensors/jetson/rplidar_ws/install/rplidar_ros', 'merge_install': False, 'path': '/home/bender/bender-2025/src/sensors/jetson/rplidar_ws/src/rplidar_ros', 'symlink_install': False, 'test_result_base': None}
[0.782s] INFO:colcon.colcon_core.executor:Executing jobs using 'parallel' executor
[0.785s] DEBUG:colcon.colcon_parallel_executor.executor.parallel:run_until_complete
[0.786s] INFO:colcon.colcon_ros.task.ament_cmake.build:Building ROS package in '/home/bender/bender-2025/src/sensors/jetson/rplidar_ws/src/rplidar_ros' with build type 'ament_cmake'
[0.786s] INFO:colcon.colcon_cmake.task.cmake.build:Building CMake package in '/home/bender/bender-2025/src/sensors/jetson/rplidar_ws/src/rplidar_ros'
[0.790s] INFO:colcon.colcon_core.plugin_system:Skipping extension 'colcon_core.shell.bat': Not used on non-Windows systems
[0.790s] INFO:colcon.colcon_core.shell:Skip shell extension 'powershell' for command environment: Not usable outside of PowerShell
[0.790s] DEBUG:colcon.colcon_core.shell:Skip shell extension 'dsv' for command environment
[0.806s] DEBUG:colcon.colcon_core.event_handler.log_command:Invoking command in '/home/bender/bender-2025/src/sensors/jetson/rplidar_ws/build/rplidar_ros': CMAKE_PREFIX_PATH=/opt/ros/iron /usr/bin/cmake /home/bender/bender-2025/src/sensors/jetson/rplidar_ws/src/rplidar_ros -DCMAKE_INSTALL_PREFIX=/home/bender/bender-2025/src/sensors/jetson/rplidar_ws/install/rplidar_ros
[3.928s] DEBUG:colcon.colcon_core.event_handler.log_command:Invoked command in '/home/bender/bender-2025/src/sensors/jetson/rplidar_ws/build/rplidar_ros' returned '0': CMAKE_PREFIX_PATH=/opt/ros/iron /usr/bin/cmake /home/bender/bender-2025/src/sensors/jetson/rplidar_ws/src/rplidar_ros -DCMAKE_INSTALL_PREFIX=/home/bender/bender-2025/src/sensors/jetson/rplidar_ws/install/rplidar_ros
[3.933s] DEBUG:colcon.colcon_core.event_handler.log_command:Invoking command in '/home/bender/bender-2025/src/sensors/jetson/rplidar_ws/build/rplidar_ros': CMAKE_PREFIX_PATH=/opt/ros/iron /usr/bin/cmake --build /home/bender/bender-2025/src/sensors/jetson/rplidar_ws/build/rplidar_ros -- -j6 -l6
[22.615s] DEBUG:colcon.colcon_core.event_handler.log_command:Invoked command in '/home/bender/bender-2025/src/sensors/jetson/rplidar_ws/build/rplidar_ros' returned '0': CMAKE_PREFIX_PATH=/opt/ros/iron /usr/bin/cmake --build /home/bender/bender-2025/src/sensors/jetson/rplidar_ws/build/rplidar_ros -- -j6 -l6
[22.637s] DEBUG:colcon.colcon_core.event_handler.log_command:Invoking command in '/home/bender/bender-2025/src/sensors/jetson/rplidar_ws/build/rplidar_ros': CMAKE_PREFIX_PATH=/opt/ros/iron /usr/bin/cmake --install /home/bender/bender-2025/src/sensors/jetson/rplidar_ws/build/rplidar_ros
[22.698s] Level 1:colcon.colcon_core.environment:create_environment_scripts_only(rplidar_ros)
[22.699s] DEBUG:colcon.colcon_core.event_handler.log_command:Invoked command in '/home/bender/bender-2025/src/sensors/jetson/rplidar_ws/build/rplidar_ros' returned '0': CMAKE_PREFIX_PATH=/opt/ros/iron /usr/bin/cmake --install /home/bender/bender-2025/src/sensors/jetson/rplidar_ws/build/rplidar_ros
[22.707s] Level 1:colcon.colcon_core.environment:checking '/home/bender/bender-2025/src/sensors/jetson/rplidar_ws/install/rplidar_ros' for CMake module files
[22.709s] Level 1:colcon.colcon_core.environment:checking '/home/bender/bender-2025/src/sensors/jetson/rplidar_ws/install/rplidar_ros' for CMake config files
[22.710s] Level 1:colcon.colcon_core.shell:create_environment_hook('rplidar_ros', 'cmake_prefix_path')
[22.711s] INFO:colcon.colcon_core.shell:Creating environment hook '/home/bender/bender-2025/src/sensors/jetson/rplidar_ws/install/rplidar_ros/share/rplidar_ros/hook/cmake_prefix_path.ps1'
[22.713s] INFO:colcon.colcon_core.shell:Creating environment descriptor '/home/bender/bender-2025/src/sensors/jetson/rplidar_ws/install/rplidar_ros/share/rplidar_ros/hook/cmake_prefix_path.dsv'
[22.715s] INFO:colcon.colcon_core.shell:Creating environment hook '/home/bender/bender-2025/src/sensors/jetson/rplidar_ws/install/rplidar_ros/share/rplidar_ros/hook/cmake_prefix_path.sh'
[22.718s] Level 1:colcon.colcon_core.environment:checking '/home/bender/bender-2025/src/sensors/jetson/rplidar_ws/install/rplidar_ros/lib'
[22.719s] Level 1:colcon.colcon_core.environment:checking '/home/bender/bender-2025/src/sensors/jetson/rplidar_ws/install/rplidar_ros/bin'
[22.719s] Level 1:colcon.colcon_core.environment:checking '/home/bender/bender-2025/src/sensors/jetson/rplidar_ws/install/rplidar_ros/lib/pkgconfig/rplidar_ros.pc'
[22.720s] Level 1:colcon.colcon_core.environment:checking '/home/bender/bender-2025/src/sensors/jetson/rplidar_ws/install/rplidar_ros/lib/python3.10/site-packages'
[22.721s] Level 1:colcon.colcon_core.environment:checking '/home/bender/bender-2025/src/sensors/jetson/rplidar_ws/install/rplidar_ros/bin'
[22.722s] INFO:colcon.colcon_core.shell:Creating package script '/home/bender/bender-2025/src/sensors/jetson/rplidar_ws/install/rplidar_ros/share/rplidar_ros/package.ps1'
[22.725s] INFO:colcon.colcon_core.shell:Creating package descriptor '/home/bender/bender-2025/src/sensors/jetson/rplidar_ws/install/rplidar_ros/share/rplidar_ros/package.dsv'
[22.727s] INFO:colcon.colcon_core.shell:Creating package script '/home/bender/bender-2025/src/sensors/jetson/rplidar_ws/install/rplidar_ros/share/rplidar_ros/package.sh'
[22.730s] INFO:colcon.colcon_core.shell:Creating package script '/home/bender/bender-2025/src/sensors/jetson/rplidar_ws/install/rplidar_ros/share/rplidar_ros/package.bash'
[22.732s] INFO:colcon.colcon_core.shell:Creating package script '/home/bender/bender-2025/src/sensors/jetson/rplidar_ws/install/rplidar_ros/share/rplidar_ros/package.zsh'
[22.734s] Level 1:colcon.colcon_core.environment:create_file_with_runtime_dependencies(/home/bender/bender-2025/src/sensors/jetson/rplidar_ws/install/rplidar_ros/share/colcon-core/packages/rplidar_ros)
[22.737s] Level 1:colcon.colcon_core.environment:create_environment_scripts_only(rplidar_ros)
[22.738s] Level 1:colcon.colcon_core.environment:checking '/home/bender/bender-2025/src/sensors/jetson/rplidar_ws/install/rplidar_ros' for CMake module files
[22.739s] Level 1:colcon.colcon_core.environment:checking '/home/bender/bender-2025/src/sensors/jetson/rplidar_ws/install/rplidar_ros' for CMake config files
[22.740s] Level 1:colcon.colcon_core.shell:create_environment_hook('rplidar_ros', 'cmake_prefix_path')
[22.741s] INFO:colcon.colcon_core.shell:Creating environment hook '/home/bender/bender-2025/src/sensors/jetson/rplidar_ws/install/rplidar_ros/share/rplidar_ros/hook/cmake_prefix_path.ps1'
[22.743s] INFO:colcon.colcon_core.shell:Creating environment descriptor '/home/bender/bender-2025/src/sensors/jetson/rplidar_ws/install/rplidar_ros/share/rplidar_ros/hook/cmake_prefix_path.dsv'
[22.744s] INFO:colcon.colcon_core.shell:Creating environment hook '/home/bender/bender-2025/src/sensors/jetson/rplidar_ws/install/rplidar_ros/share/rplidar_ros/hook/cmake_prefix_path.sh'
[22.746s] Level 1:colcon.colcon_core.environment:checking '/home/bender/bender-2025/src/sensors/jetson/rplidar_ws/install/rplidar_ros/lib'
[22.746s] Level 1:colcon.colcon_core.environment:checking '/home/bender/bender-2025/src/sensors/jetson/rplidar_ws/install/rplidar_ros/bin'
[22.746s] Level 1:colcon.colcon_core.environment:checking '/home/bender/bender-2025/src/sensors/jetson/rplidar_ws/install/rplidar_ros/lib/pkgconfig/rplidar_ros.pc'
[22.747s] Level 1:colcon.colcon_core.environment:checking '/home/bender/bender-2025/src/sensors/jetson/rplidar_ws/install/rplidar_ros/lib/python3.10/site-packages'
[22.748s] Level 1:colcon.colcon_core.environment:checking '/home/bender/bender-2025/src/sensors/jetson/rplidar_ws/install/rplidar_ros/bin'
[22.749s] INFO:colcon.colcon_core.shell:Creating package script '/home/bender/bender-2025/src/sensors/jetson/rplidar_ws/install/rplidar_ros/share/rplidar_ros/package.ps1'
[22.750s] INFO:colcon.colcon_core.shell:Creating package descriptor '/home/bender/bender-2025/src/sensors/jetson/rplidar_ws/install/rplidar_ros/share/rplidar_ros/package.dsv'
[22.752s] INFO:colcon.colcon_core.shell:Creating package script '/home/bender/bender-2025/src/sensors/jetson/rplidar_ws/install/rplidar_ros/share/rplidar_ros/package.sh'
[22.753s] INFO:colcon.colcon_core.shell:Creating package script '/home/bender/bender-2025/src/sensors/jetson/rplidar_ws/install/rplidar_ros/share/rplidar_ros/package.bash'
[22.755s] INFO:colcon.colcon_core.shell:Creating package script '/home/bender/bender-2025/src/sensors/jetson/rplidar_ws/install/rplidar_ros/share/rplidar_ros/package.zsh'
[22.756s] Level 1:colcon.colcon_core.environment:create_file_with_runtime_dependencies(/home/bender/bender-2025/src/sensors/jetson/rplidar_ws/install/rplidar_ros/share/colcon-core/packages/rplidar_ros)
[22.757s] DEBUG:colcon.colcon_parallel_executor.executor.parallel:closing loop
[22.758s] DEBUG:colcon.colcon_parallel_executor.executor.parallel:loop closed
[22.759s] DEBUG:colcon.colcon_parallel_executor.executor.parallel:run_until_complete finished with '0'
[22.760s] DEBUG:colcon.colcon_core.event_reactor:joining thread
[22.798s] INFO:colcon.colcon_core.plugin_system:Skipping extension 'colcon_notification.desktop_notification.terminal_notifier': Not used on non-Darwin systems
[22.798s] INFO:colcon.colcon_core.plugin_system:Skipping extension 'colcon_notification.desktop_notification.win32': Not used on non-Windows systems
[22.799s] INFO:colcon.colcon_notification.desktop_notification:Sending desktop notification using 'notify2'
[22.938s] DEBUG:colcon.colcon_core.event_reactor:joined thread
[22.939s] INFO:colcon.colcon_core.shell:Creating prefix script '/home/bender/bender-2025/src/sensors/jetson/rplidar_ws/install/local_setup.ps1'
[22.942s] INFO:colcon.colcon_core.shell:Creating prefix util module '/home/bender/bender-2025/src/sensors/jetson/rplidar_ws/install/_local_setup_util_ps1.py'
[22.946s] INFO:colcon.colcon_core.shell:Creating prefix chain script '/home/bender/bender-2025/src/sensors/jetson/rplidar_ws/install/setup.ps1'
[22.949s] INFO:colcon.colcon_core.shell:Creating prefix script '/home/bender/bender-2025/src/sensors/jetson/rplidar_ws/install/local_setup.sh'
[22.950s] INFO:colcon.colcon_core.shell:Creating prefix util module '/home/bender/bender-2025/src/sensors/jetson/rplidar_ws/install/_local_setup_util_sh.py'
[22.952s] INFO:colcon.colcon_core.shell:Creating prefix chain script '/home/bender/bender-2025/src/sensors/jetson/rplidar_ws/install/setup.sh'
[22.954s] INFO:colcon.colcon_core.shell:Creating prefix script '/home/bender/bender-2025/src/sensors/jetson/rplidar_ws/install/local_setup.bash'
[22.955s] INFO:colcon.colcon_core.shell:Creating prefix chain script '/home/bender/bender-2025/src/sensors/jetson/rplidar_ws/install/setup.bash'
[22.958s] INFO:colcon.colcon_core.shell:Creating prefix script '/home/bender/bender-2025/src/sensors/jetson/rplidar_ws/install/local_setup.zsh'
[22.959s] INFO:colcon.colcon_core.shell:Creating prefix chain script '/home/bender/bender-2025/src/sensors/jetson/rplidar_ws/install/setup.zsh'
