[0.006s] Invoking command in '/home/qeftser/vip/vectornav/src/vectornav-ros2/build/vectornav': AMENT_PREFIX_PATH=/home/qeftser/vip/vectornav/src/vectornav-ros2/install/vectornav_msgs:${AMENT_PREFIX_PATH} CMAKE_PREFIX_PATH=/home/qeftser/vip/vectornav/src/vectornav-ros2/install/vectornav_msgs:/opt/ros/iron LD_LIBRARY_PATH=/home/qeftser/vip/vectornav/src/vectornav-ros2/install/vectornav_msgs/lib:${LD_LIBRARY_PATH} PYTHONPATH=/home/qeftser/vip/vectornav/src/vectornav-ros2/install/vectornav_msgs/lib/python3.10/site-packages:${PYTHONPATH} /usr/bin/cmake /home/qeftser/vip/vectornav/src/vectornav-ros2/vectornav -DCMAKE_INSTALL_PREFIX=/home/qeftser/vip/vectornav/src/vectornav-ros2/install/vectornav
[0.069s] -- The C compiler identification is Clang 14.0.0
[0.143s] -- The CXX compiler identification is Clang 14.0.0
[0.146s] -- Detecting C compiler ABI info
[0.222s] -- Detecting C compiler ABI info - done
[0.231s] -- Check for working C compiler: /usr/bin/clang - skipped
[0.232s] -- Detecting C compile features
[0.232s] -- Detecting C compile features - done
[0.236s] -- Detecting CXX compiler ABI info
[0.344s] -- Detecting CXX compiler ABI info - done
[0.350s] -- Check for working CXX compiler: /usr/bin/clang++ - skipped
[0.351s] -- Detecting CXX compile features
[0.351s] -- Detecting CXX compile features - done
[0.353s] -- Found ament_cmake: 2.0.7 (/opt/ros/iron/share/ament_cmake/cmake)
[0.463s] -- Found Python3: /usr/bin/python3.10 (found version "3.10.12") found components: Interpreter 
[0.515s] -- Found rclcpp: 21.0.8 (/opt/ros/iron/share/rclcpp/cmake)
[0.541s] -- Found rosidl_generator_c: 4.0.1 (/opt/ros/iron/share/rosidl_generator_c/cmake)
[0.547s] -- Found rosidl_generator_cpp: 4.0.1 (/opt/ros/iron/share/rosidl_generator_cpp/cmake)
[0.556s] -- Using all available rosidl_typesupport_c: rosidl_typesupport_fastrtps_c;rosidl_typesupport_introspection_c
[0.567s] -- Using all available rosidl_typesupport_cpp: rosidl_typesupport_fastrtps_cpp;rosidl_typesupport_introspection_cpp
[0.660s] -- Found rmw_implementation_cmake: 7.1.0 (/opt/ros/iron/share/rmw_implementation_cmake/cmake)
[0.661s] -- Found rmw_fastrtps_cpp: 7.1.4 (/opt/ros/iron/share/rmw_fastrtps_cpp/cmake)
[0.738s] -- Found OpenSSL: /usr/lib/x86_64-linux-gnu/libcrypto.so (found version "3.0.2")  
[0.763s] -- Found FastRTPS: /opt/ros/iron/include  
[0.793s] -- Using RMW implementation 'rmw_fastrtps_cpp' as default
[0.891s] -- Found rclcpp_action: 21.0.8 (/opt/ros/iron/share/rclcpp_action/cmake)
[0.968s] -- Found sensor_msgs: 5.0.1 (/opt/ros/iron/share/sensor_msgs/cmake)
[1.094s] -- Found vectornav_msgs: 3.0.0 (/home/qeftser/vip/vectornav/src/vectornav-ros2/install/vectornav_msgs/share/vectornav_msgs/cmake)
[1.164s] -- Found tf2_geometry_msgs: 0.31.8 (/opt/ros/iron/share/tf2_geometry_msgs/cmake)
[1.178s] -- Found eigen3_cmake_module: 0.2.2 (/opt/ros/iron/share/eigen3_cmake_module/cmake)
[1.180s] -- Found Eigen3: TRUE (found version "3.4.0") 
[1.180s] -- Ensuring Eigen3 include directory is part of orocos-kdl CMake target
[1.390s] -- Found ament_lint_auto: 0.14.4 (/opt/ros/iron/share/ament_lint_auto/cmake)
[1.442s] -- Added test 'cppcheck' to perform static code analysis on C / C++ code
[1.442s] -- Configured cppcheck include dirs: 
[1.442s] -- Configured cppcheck exclude dirs and/or files: 
[1.445s] -- Added test 'cpplint' to check C / C++ code against the Google style
[1.445s] -- Configured cpplint exclude dirs and/or files: 
[1.446s] -- Added test 'flake8' to check Python code syntax and style conventions
[1.446s] -- Configured 'flake8' exclude dirs and/or files: 
[1.447s] -- Added test 'lint_cmake' to check CMake code style
[1.447s] -- Added test 'pep257' to check Python code against some of the docstring style conventions in PEP 257
[1.450s] -- Added test 'uncrustify' to check C / C++ code style
[1.450s] -- Configured uncrustify additional arguments: 
[1.451s] -- Added test 'xmllint' to check XML markup files
[1.452s] -- Configuring done
[1.464s] -- Generating done
[1.468s] -- Build files have been written to: /home/qeftser/vip/vectornav/src/vectornav-ros2/build/vectornav
[1.476s] Invoked command in '/home/qeftser/vip/vectornav/src/vectornav-ros2/build/vectornav' returned '0': AMENT_PREFIX_PATH=/home/qeftser/vip/vectornav/src/vectornav-ros2/install/vectornav_msgs:${AMENT_PREFIX_PATH} CMAKE_PREFIX_PATH=/home/qeftser/vip/vectornav/src/vectornav-ros2/install/vectornav_msgs:/opt/ros/iron LD_LIBRARY_PATH=/home/qeftser/vip/vectornav/src/vectornav-ros2/install/vectornav_msgs/lib:${LD_LIBRARY_PATH} PYTHONPATH=/home/qeftser/vip/vectornav/src/vectornav-ros2/install/vectornav_msgs/lib/python3.10/site-packages:${PYTHONPATH} /usr/bin/cmake /home/qeftser/vip/vectornav/src/vectornav-ros2/vectornav -DCMAKE_INSTALL_PREFIX=/home/qeftser/vip/vectornav/src/vectornav-ros2/install/vectornav
[1.476s] Invoking command in '/home/qeftser/vip/vectornav/src/vectornav-ros2/build/vectornav': AMENT_PREFIX_PATH=/home/qeftser/vip/vectornav/src/vectornav-ros2/install/vectornav_msgs:${AMENT_PREFIX_PATH} CMAKE_PREFIX_PATH=/home/qeftser/vip/vectornav/src/vectornav-ros2/install/vectornav_msgs:/opt/ros/iron LD_LIBRARY_PATH=/home/qeftser/vip/vectornav/src/vectornav-ros2/install/vectornav_msgs/lib:${LD_LIBRARY_PATH} PYTHONPATH=/home/qeftser/vip/vectornav/src/vectornav-ros2/install/vectornav_msgs/lib/python3.10/site-packages:${PYTHONPATH} /usr/bin/cmake --build /home/qeftser/vip/vectornav/src/vectornav-ros2/build/vectornav -- -j8 -l8
[1.539s] [  7%] [32mBuilding CXX object vnproglib-1.2.0.0/cpp/CMakeFiles/vncxx.dir/src/compositedata.cpp.o[0m
[1.540s] [ 10%] [32mBuilding CXX object vnproglib-1.2.0.0/cpp/CMakeFiles/vncxx.dir/src/attitude.cpp.o[0m
[1.540s] [ 10%] [32mBuilding CXX object CMakeFiles/vn_sensor_msgs.dir/src/vn_sensor_msgs.cc.o[0m
[1.540s] [ 14%] [32mBuilding CXX object vnproglib-1.2.0.0/cpp/CMakeFiles/vncxx.dir/src/conversions.cpp.o[0m
[1.541s] [ 17%] [32mBuilding CXX object vnproglib-1.2.0.0/cpp/CMakeFiles/vncxx.dir/src/criticalsection.cpp.o[0m
[1.541s] [ 21%] [32mBuilding CXX object vnproglib-1.2.0.0/cpp/CMakeFiles/vncxx.dir/src/dllvalidator.cpp.o[0m
[1.541s] [ 25%] [32mBuilding CXX object vnproglib-1.2.0.0/cpp/CMakeFiles/vncxx.dir/src/error_detection.cpp.o[0m
[1.541s] [ 28%] [32mBuilding CXX object vnproglib-1.2.0.0/cpp/CMakeFiles/vncxx.dir/src/event.cpp.o[0m
[1.609s] [ 32%] [32mBuilding CXX object vnproglib-1.2.0.0/cpp/CMakeFiles/vncxx.dir/src/ezasyncdata.cpp.o[0m
[1.734s] [ 35%] [32mBuilding CXX object vnproglib-1.2.0.0/cpp/CMakeFiles/vncxx.dir/src/memoryport.cpp.o[0m
[1.798s] [ 39%] [32mBuilding CXX object vnproglib-1.2.0.0/cpp/CMakeFiles/vncxx.dir/src/packet.cpp.o[0m
[1.867s] [ 42%] [32mBuilding CXX object vnproglib-1.2.0.0/cpp/CMakeFiles/vncxx.dir/src/packetfinder.cpp.o[0m
[1.892s] [ 46%] [32mBuilding CXX object vnproglib-1.2.0.0/cpp/CMakeFiles/vncxx.dir/src/port.cpp.o[0m
[1.894s] [ 50%] [32mBuilding CXX object vnproglib-1.2.0.0/cpp/CMakeFiles/vncxx.dir/src/position.cpp.o[0m
[1.928s] [ 53%] [32mBuilding CXX object vnproglib-1.2.0.0/cpp/CMakeFiles/vncxx.dir/src/rtcmlistener.cpp.o[0m
[1.963s] [ 57%] [32mBuilding CXX object vnproglib-1.2.0.0/cpp/CMakeFiles/vncxx.dir/src/rtcmmessage.cpp.o[0m
[2.074s] [ 60%] [32mBuilding CXX object vnproglib-1.2.0.0/cpp/CMakeFiles/vncxx.dir/src/searcher.cpp.o[0m
[2.094s] [1m/home/qeftser/vip/vectornav/src/vectornav-ros2/vectornav/vnproglib-1.2.0.0/cpp/src/rtcmlistener.cpp:268:26: [0m[0;1;35mwarning: [0m[1mformat specifies type 'unsigned char' but the argument has type 'int' [-Wformat][0m
[2.094s]                                 printf("0x%02hhx, ", buffer[i] & 0xFF);
[2.094s] [0;1;32m                                          ~~~~~~     ^~~~~~~~~~~~~~~~
[2.094s] [0m[0;32m                                          %02x
[2.125s] [0m1 warning generated.
[2.128s] [ 64%] [32mBuilding CXX object vnproglib-1.2.0.0/cpp/CMakeFiles/vncxx.dir/src/sensors.cpp.o[0m
[2.140s] [ 67%] [32mBuilding CXX object vnproglib-1.2.0.0/cpp/CMakeFiles/vncxx.dir/src/serialport.cpp.o[0m
[2.149s] [ 71%] [32mBuilding CXX object vnproglib-1.2.0.0/cpp/CMakeFiles/vncxx.dir/src/thread.cpp.o[0m
[2.194s] [ 75%] [32mBuilding CXX object vnproglib-1.2.0.0/cpp/CMakeFiles/vncxx.dir/src/types.cpp.o[0m
[2.233s] [ 78%] [32mBuilding CXX object vnproglib-1.2.0.0/cpp/CMakeFiles/vncxx.dir/src/util.cpp.o[0m
[2.295s] [ 82%] [32mBuilding CXX object vnproglib-1.2.0.0/cpp/CMakeFiles/vncxx.dir/src/utilities.cpp.o[0m
[2.376s] [ 85%] [32mBuilding CXX object vnproglib-1.2.0.0/cpp/CMakeFiles/vncxx.dir/src/vntime.cpp.o[0m
[2.476s] [1m/home/qeftser/vip/vectornav/src/vectornav-ros2/vectornav/vnproglib-1.2.0.0/cpp/src/sensors.cpp:3508:11: [0m[0;1;35mwarning: [0m[1menumeration values 'VNPROCESSOR_NAV' and 'VNPROCESSOR_IMU' not handled in switch [-Wswitch][0m
[2.476s]                 switch (processor)
[2.476s] [0;1;32m                        ^~~~~~~~~
[2.607s] [0m1 warning generated.
[2.617s] [ 89%] [32m[1mLinking CXX shared library libvncxx.so[0m
[2.701s] [ 89%] Built target vncxx
[2.717s] [ 92%] [32mBuilding CXX object CMakeFiles/vectornav.dir/src/vectornav.cc.o[0m
[6.952s] [ 96%] [32m[1mLinking CXX executable vectornav[0m
[7.328s] [ 96%] Built target vectornav
[10.227s] [100%] [32m[1mLinking CXX executable vn_sensor_msgs[0m
[11.175s] [100%] Built target vn_sensor_msgs
[11.182s] Invoked command in '/home/qeftser/vip/vectornav/src/vectornav-ros2/build/vectornav' returned '0': AMENT_PREFIX_PATH=/home/qeftser/vip/vectornav/src/vectornav-ros2/install/vectornav_msgs:${AMENT_PREFIX_PATH} CMAKE_PREFIX_PATH=/home/qeftser/vip/vectornav/src/vectornav-ros2/install/vectornav_msgs:/opt/ros/iron LD_LIBRARY_PATH=/home/qeftser/vip/vectornav/src/vectornav-ros2/install/vectornav_msgs/lib:${LD_LIBRARY_PATH} PYTHONPATH=/home/qeftser/vip/vectornav/src/vectornav-ros2/install/vectornav_msgs/lib/python3.10/site-packages:${PYTHONPATH} /usr/bin/cmake --build /home/qeftser/vip/vectornav/src/vectornav-ros2/build/vectornav -- -j8 -l8
[11.183s] Invoking command in '/home/qeftser/vip/vectornav/src/vectornav-ros2/build/vectornav': AMENT_PREFIX_PATH=/home/qeftser/vip/vectornav/src/vectornav-ros2/install/vectornav_msgs:${AMENT_PREFIX_PATH} CMAKE_PREFIX_PATH=/home/qeftser/vip/vectornav/src/vectornav-ros2/install/vectornav_msgs:/opt/ros/iron LD_LIBRARY_PATH=/home/qeftser/vip/vectornav/src/vectornav-ros2/install/vectornav_msgs/lib:${LD_LIBRARY_PATH} PYTHONPATH=/home/qeftser/vip/vectornav/src/vectornav-ros2/install/vectornav_msgs/lib/python3.10/site-packages:${PYTHONPATH} /usr/bin/cmake --install /home/qeftser/vip/vectornav/src/vectornav-ros2/build/vectornav
[11.190s] -- Install configuration: ""
[11.190s] -- Installing: /home/qeftser/vip/vectornav/src/vectornav-ros2/install/vectornav/lib/vectornav/vectornav
[11.194s] -- Set runtime path of "/home/qeftser/vip/vectornav/src/vectornav-ros2/install/vectornav/lib/vectornav/vectornav" to ""
[11.194s] -- Installing: /home/qeftser/vip/vectornav/src/vectornav-ros2/install/vectornav/lib/vectornav/vn_sensor_msgs
[11.203s] -- Set runtime path of "/home/qeftser/vip/vectornav/src/vectornav-ros2/install/vectornav/lib/vectornav/vn_sensor_msgs" to ""
[11.203s] -- Installing: /home/qeftser/vip/vectornav/src/vectornav-ros2/install/vectornav/share/vectornav//config
[11.203s] -- Installing: /home/qeftser/vip/vectornav/src/vectornav-ros2/install/vectornav/share/vectornav//config/vectornav.yaml
[11.203s] -- Installing: /home/qeftser/vip/vectornav/src/vectornav-ros2/install/vectornav/share/vectornav//config/vn_100_800hz.yaml
[11.203s] -- Installing: /home/qeftser/vip/vectornav/src/vectornav-ros2/install/vectornav/share/vectornav//launch
[11.204s] -- Installing: /home/qeftser/vip/vectornav/src/vectornav-ros2/install/vectornav/share/vectornav//launch/vectornav.launch.py
[11.204s] -- Installing: /home/qeftser/vip/vectornav/src/vectornav-ros2/install/vectornav/share/ament_index/resource_index/package_run_dependencies/vectornav
[11.204s] -- Installing: /home/qeftser/vip/vectornav/src/vectornav-ros2/install/vectornav/share/ament_index/resource_index/parent_prefix_path/vectornav
[11.204s] -- Installing: /home/qeftser/vip/vectornav/src/vectornav-ros2/install/vectornav/share/vectornav/environment/ament_prefix_path.sh
[11.204s] -- Installing: /home/qeftser/vip/vectornav/src/vectornav-ros2/install/vectornav/share/vectornav/environment/ament_prefix_path.dsv
[11.204s] -- Installing: /home/qeftser/vip/vectornav/src/vectornav-ros2/install/vectornav/share/vectornav/environment/path.sh
[11.204s] -- Installing: /home/qeftser/vip/vectornav/src/vectornav-ros2/install/vectornav/share/vectornav/environment/path.dsv
[11.204s] -- Installing: /home/qeftser/vip/vectornav/src/vectornav-ros2/install/vectornav/share/vectornav/local_setup.bash
[11.204s] -- Installing: /home/qeftser/vip/vectornav/src/vectornav-ros2/install/vectornav/share/vectornav/local_setup.sh
[11.204s] -- Installing: /home/qeftser/vip/vectornav/src/vectornav-ros2/install/vectornav/share/vectornav/local_setup.zsh
[11.204s] -- Installing: /home/qeftser/vip/vectornav/src/vectornav-ros2/install/vectornav/share/vectornav/local_setup.dsv
[11.204s] -- Installing: /home/qeftser/vip/vectornav/src/vectornav-ros2/install/vectornav/share/vectornav/package.dsv
[11.204s] -- Installing: /home/qeftser/vip/vectornav/src/vectornav-ros2/install/vectornav/share/ament_index/resource_index/packages/vectornav
[11.204s] -- Installing: /home/qeftser/vip/vectornav/src/vectornav-ros2/install/vectornav/share/vectornav/cmake/ament_cmake_export_dependencies-extras.cmake
[11.205s] -- Installing: /home/qeftser/vip/vectornav/src/vectornav-ros2/install/vectornav/share/vectornav/cmake/vectornavConfig.cmake
[11.205s] -- Installing: /home/qeftser/vip/vectornav/src/vectornav-ros2/install/vectornav/share/vectornav/cmake/vectornavConfig-version.cmake
[11.205s] -- Installing: /home/qeftser/vip/vectornav/src/vectornav-ros2/install/vectornav/share/vectornav/package.xml
[11.205s] -- Installing: /home/qeftser/vip/vectornav/src/vectornav-ros2/install/vectornav/lib/libvncxx.so
[11.205s] -- Installing: /home/qeftser/vip/vectornav/src/vectornav-ros2/install/vectornav/include/vn
[11.205s] -- Installing: /home/qeftser/vip/vectornav/src/vectornav-ros2/install/vectornav/include/vn/port.h
[11.205s] -- Installing: /home/qeftser/vip/vectornav/src/vectornav-ros2/install/vectornav/include/vn/criticalsection.h
[11.205s] -- Installing: /home/qeftser/vip/vectornav/src/vectornav-ros2/install/vectornav/include/vn/util.h
[11.205s] -- Installing: /home/qeftser/vip/vectornav/src/vectornav-ros2/install/vectornav/include/vn/error_detection.h
[11.205s] -- Installing: /home/qeftser/vip/vectornav/src/vectornav-ros2/install/vectornav/include/vn/signal.h
[11.205s] -- Installing: /home/qeftser/vip/vectornav/src/vectornav-ros2/install/vectornav/include/vn/position.h
[11.205s] -- Installing: /home/qeftser/vip/vectornav/src/vectornav-ros2/install/vectornav/include/vn/vntime.h
[11.205s] -- Installing: /home/qeftser/vip/vectornav/src/vectornav-ros2/install/vectornav/include/vn/rtcmlistener.h
[11.205s] -- Installing: /home/qeftser/vip/vectornav/src/vectornav-ros2/install/vectornav/include/vn/conversions.h
[11.206s] -- Installing: /home/qeftser/vip/vectornav/src/vectornav-ros2/install/vectornav/include/vn/compositedata.h
[11.206s] -- Installing: /home/qeftser/vip/vectornav/src/vectornav-ros2/install/vectornav/include/vn/attitude.h
[11.206s] -- Installing: /home/qeftser/vip/vectornav/src/vectornav-ros2/install/vectornav/include/vn/int.h
[11.206s] -- Installing: /home/qeftser/vip/vectornav/src/vectornav-ros2/install/vectornav/include/vn/nocopy.h
[11.206s] -- Installing: /home/qeftser/vip/vectornav/src/vectornav-ros2/install/vectornav/include/vn/rtcmmessage.h
[11.206s] -- Installing: /home/qeftser/vip/vectornav/src/vectornav-ros2/install/vectornav/include/vn/compiler.h
[11.206s] -- Installing: /home/qeftser/vip/vectornav/src/vectornav-ros2/install/vectornav/include/vn/packetfinder.h
[11.206s] -- Installing: /home/qeftser/vip/vectornav/src/vectornav-ros2/install/vectornav/include/vn/thread.h
[11.206s] -- Installing: /home/qeftser/vip/vectornav/src/vectornav-ros2/install/vectornav/include/vn/vector.h
[11.206s] -- Installing: /home/qeftser/vip/vectornav/src/vectornav-ros2/install/vectornav/include/vn/searcher.h
[11.206s] -- Installing: /home/qeftser/vip/vectornav/src/vectornav-ros2/install/vectornav/include/vn/registers.h
[11.206s] -- Installing: /home/qeftser/vip/vectornav/src/vectornav-ros2/install/vectornav/include/vn/sensors.h
[11.206s] -- Installing: /home/qeftser/vip/vectornav/src/vectornav-ros2/install/vectornav/include/vn/packet.h
[11.206s] -- Installing: /home/qeftser/vip/vectornav/src/vectornav-ros2/install/vectornav/include/vn/export.h
[11.206s] -- Installing: /home/qeftser/vip/vectornav/src/vectornav-ros2/install/vectornav/include/vn/exceptions.h
[11.206s] -- Installing: /home/qeftser/vip/vectornav/src/vectornav-ros2/install/vectornav/include/vn/matrix.h
[11.206s] -- Installing: /home/qeftser/vip/vectornav/src/vectornav-ros2/install/vectornav/include/vn/consts.h
[11.206s] -- Installing: /home/qeftser/vip/vectornav/src/vectornav-ros2/install/vectornav/include/vn/dllvalidator.h
[11.206s] -- Installing: /home/qeftser/vip/vectornav/src/vectornav-ros2/install/vectornav/include/vn/ezasyncdata.h
[11.206s] -- Installing: /home/qeftser/vip/vectornav/src/vectornav-ros2/install/vectornav/include/vn/types.h
[11.206s] -- Installing: /home/qeftser/vip/vectornav/src/vectornav-ros2/install/vectornav/include/vn/utilities.h
[11.207s] -- Installing: /home/qeftser/vip/vectornav/src/vectornav-ros2/install/vectornav/include/vn/memoryport.h
[11.207s] -- Installing: /home/qeftser/vip/vectornav/src/vectornav-ros2/install/vectornav/include/vn/boostpython.h
[11.207s] -- Installing: /home/qeftser/vip/vectornav/src/vectornav-ros2/install/vectornav/include/vn/serialport.h
[11.207s] -- Installing: /home/qeftser/vip/vectornav/src/vectornav-ros2/install/vectornav/include/vn/mock.h
[11.207s] -- Installing: /home/qeftser/vip/vectornav/src/vectornav-ros2/install/vectornav/include/vn/event.h
[11.208s] Invoked command in '/home/qeftser/vip/vectornav/src/vectornav-ros2/build/vectornav' returned '0': AMENT_PREFIX_PATH=/home/qeftser/vip/vectornav/src/vectornav-ros2/install/vectornav_msgs:${AMENT_PREFIX_PATH} CMAKE_PREFIX_PATH=/home/qeftser/vip/vectornav/src/vectornav-ros2/install/vectornav_msgs:/opt/ros/iron LD_LIBRARY_PATH=/home/qeftser/vip/vectornav/src/vectornav-ros2/install/vectornav_msgs/lib:${LD_LIBRARY_PATH} PYTHONPATH=/home/qeftser/vip/vectornav/src/vectornav-ros2/install/vectornav_msgs/lib/python3.10/site-packages:${PYTHONPATH} /usr/bin/cmake --install /home/qeftser/vip/vectornav/src/vectornav-ros2/build/vectornav
