[0.224s] DEBUG:colcon:Command line arguments: ['/usr/bin/colcon', 'build']
[0.224s] DEBUG:colcon:Parsed command line arguments: Namespace(log_base=None, log_level=None, verb_name='build', build_base='build', install_base='install', merge_install=False, symlink_install=False, test_result_base=None, continue_on_error=False, executor='parallel', parallel_workers=6, event_handlers=None, ignore_user_meta=False, metas=['./colcon.meta'], base_paths=['.'], packages_ignore=None, packages_ignore_regex=None, paths=None, packages_up_to=None, packages_up_to_regex=None, packages_above=None, packages_above_and_dependencies=None, packages_above_depth=None, packages_select_by_dep=None, packages_skip_by_dep=None, packages_skip_up_to=None, packages_select_build_failed=False, packages_skip_build_finished=False, packages_select_test_failures=False, packages_skip_test_passed=False, packages_select=None, packages_skip=None, packages_select_regex=None, packages_skip_regex=None, packages_start=None, packages_end=None, allow_overriding=[], cmake_args=None, cmake_target=None, cmake_target_skip_unavailable=False, cmake_clean_cache=False, cmake_clean_first=False, cmake_force_configure=False, ament_cmake_args=None, catkin_cmake_args=None, catkin_skip_building_tests=False, mixin_files=None, mixin=None, verb_parser=<colcon_mixin.mixin.mixin_argument.MixinArgumentDecorator object at 0xffffa1f8e410>, verb_extension=<colcon_core.verb.build.BuildVerb object at 0xffffa1f8dea0>, main=<bound method BuildVerb.main of <colcon_core.verb.build.BuildVerb object at 0xffffa1f8dea0>>, mixin_verb=('build',))
[0.580s] Level 1:colcon.colcon_core.package_discovery:discover_packages(colcon_meta) check parameters
[0.580s] Level 1:colcon.colcon_core.package_discovery:discover_packages(recursive) check parameters
[0.580s] Level 1:colcon.colcon_core.package_discovery:discover_packages(ignore) check parameters
[0.580s] Level 1:colcon.colcon_core.package_discovery:discover_packages(path) check parameters
[0.580s] Level 1:colcon.colcon_core.package_discovery:discover_packages(colcon_meta) discover
[0.580s] Level 1:colcon.colcon_core.package_discovery:discover_packages(recursive) discover
[0.581s] INFO:colcon.colcon_core.package_discovery:Crawling recursively for packages in '/home/bender/bender-2025/src/sensors/jetson/unitree_ws'
[0.581s] Level 1:colcon.colcon_core.package_identification:_identify(.) by extensions ['ignore', 'ignore_ament_install']
[0.581s] Level 1:colcon.colcon_core.package_identification:_identify(.) by extension 'ignore'
[0.581s] Level 1:colcon.colcon_core.package_identification:_identify(.) by extension 'ignore_ament_install'
[0.581s] Level 1:colcon.colcon_core.package_identification:_identify(.) by extensions ['colcon_pkg']
[0.581s] Level 1:colcon.colcon_core.package_identification:_identify(.) by extension 'colcon_pkg'
[0.581s] Level 1:colcon.colcon_core.package_identification:_identify(.) by extensions ['colcon_meta']
[0.582s] Level 1:colcon.colcon_core.package_identification:_identify(.) by extension 'colcon_meta'
[0.582s] Level 1:colcon.colcon_core.package_identification:_identify(.) by extensions ['ros']
[0.582s] Level 1:colcon.colcon_core.package_identification:_identify(.) by extension 'ros'
[0.603s] Level 1:colcon.colcon_core.package_identification:_identify(.) by extensions ['cmake', 'python']
[0.603s] Level 1:colcon.colcon_core.package_identification:_identify(.) by extension 'cmake'
[0.604s] Level 1:colcon.colcon_core.package_identification:_identify(.) by extension 'python'
[0.604s] Level 1:colcon.colcon_core.package_identification:_identify(.) by extensions ['python_setup_py']
[0.604s] Level 1:colcon.colcon_core.package_identification:_identify(.) by extension 'python_setup_py'
[0.604s] Level 1:colcon.colcon_core.package_identification:_identify(build) by extensions ['ignore', 'ignore_ament_install']
[0.604s] Level 1:colcon.colcon_core.package_identification:_identify(build) by extension 'ignore'
[0.604s] Level 1:colcon.colcon_core.package_identification:_identify(build) ignored
[0.605s] Level 1:colcon.colcon_core.package_identification:_identify(install) by extensions ['ignore', 'ignore_ament_install']
[0.605s] Level 1:colcon.colcon_core.package_identification:_identify(install) by extension 'ignore'
[0.605s] Level 1:colcon.colcon_core.package_identification:_identify(install) ignored
[0.605s] Level 1:colcon.colcon_core.package_identification:_identify(log) by extensions ['ignore', 'ignore_ament_install']
[0.605s] Level 1:colcon.colcon_core.package_identification:_identify(log) by extension 'ignore'
[0.605s] Level 1:colcon.colcon_core.package_identification:_identify(log) ignored
[0.606s] Level 1:colcon.colcon_core.package_identification:_identify(src) by extensions ['ignore', 'ignore_ament_install']
[0.606s] Level 1:colcon.colcon_core.package_identification:_identify(src) by extension 'ignore'
[0.606s] Level 1:colcon.colcon_core.package_identification:_identify(src) by extension 'ignore_ament_install'
[0.606s] Level 1:colcon.colcon_core.package_identification:_identify(src) by extensions ['colcon_pkg']
[0.606s] Level 1:colcon.colcon_core.package_identification:_identify(src) by extension 'colcon_pkg'
[0.606s] Level 1:colcon.colcon_core.package_identification:_identify(src) by extensions ['colcon_meta']
[0.606s] Level 1:colcon.colcon_core.package_identification:_identify(src) by extension 'colcon_meta'
[0.606s] Level 1:colcon.colcon_core.package_identification:_identify(src) by extensions ['ros']
[0.606s] Level 1:colcon.colcon_core.package_identification:_identify(src) by extension 'ros'
[0.607s] Level 1:colcon.colcon_core.package_identification:_identify(src) by extensions ['cmake', 'python']
[0.607s] Level 1:colcon.colcon_core.package_identification:_identify(src) by extension 'cmake'
[0.607s] Level 1:colcon.colcon_core.package_identification:_identify(src) by extension 'python'
[0.607s] Level 1:colcon.colcon_core.package_identification:_identify(src) by extensions ['python_setup_py']
[0.607s] Level 1:colcon.colcon_core.package_identification:_identify(src) by extension 'python_setup_py'
[0.607s] Level 1:colcon.colcon_core.package_identification:_identify(src/unitree_lidar_ros2) by extensions ['ignore', 'ignore_ament_install']
[0.607s] Level 1:colcon.colcon_core.package_identification:_identify(src/unitree_lidar_ros2) by extension 'ignore'
[0.607s] Level 1:colcon.colcon_core.package_identification:_identify(src/unitree_lidar_ros2) by extension 'ignore_ament_install'
[0.607s] Level 1:colcon.colcon_core.package_identification:_identify(src/unitree_lidar_ros2) by extensions ['colcon_pkg']
[0.608s] Level 1:colcon.colcon_core.package_identification:_identify(src/unitree_lidar_ros2) by extension 'colcon_pkg'
[0.608s] Level 1:colcon.colcon_core.package_identification:_identify(src/unitree_lidar_ros2) by extensions ['colcon_meta']
[0.608s] Level 1:colcon.colcon_core.package_identification:_identify(src/unitree_lidar_ros2) by extension 'colcon_meta'
[0.608s] Level 1:colcon.colcon_core.package_identification:_identify(src/unitree_lidar_ros2) by extensions ['ros']
[0.608s] Level 1:colcon.colcon_core.package_identification:_identify(src/unitree_lidar_ros2) by extension 'ros'
[0.613s] DEBUG:colcon.colcon_core.package_identification:Package 'src/unitree_lidar_ros2' with type 'ros.ament_cmake' and name 'unitree_lidar_ros2'
[0.614s] Level 1:colcon.colcon_core.package_discovery:discover_packages(recursive) using defaults
[0.614s] Level 1:colcon.colcon_core.package_discovery:discover_packages(ignore) discover
[0.614s] Level 1:colcon.colcon_core.package_discovery:discover_packages(ignore) using defaults
[0.614s] Level 1:colcon.colcon_core.package_discovery:discover_packages(path) discover
[0.614s] Level 1:colcon.colcon_core.package_discovery:discover_packages(path) using defaults
[0.681s] Level 1:colcon.colcon_core.package_discovery:discover_packages(prefix_path) check parameters
[0.681s] Level 1:colcon.colcon_core.package_discovery:discover_packages(prefix_path) discover
[0.685s] DEBUG:colcon.colcon_installed_package_information.package_discovery:Found 1 installed packages in /home/bender/bender-2025/src/sensors/jetson/rplidar_ws/install
[0.688s] DEBUG:colcon.colcon_installed_package_information.package_discovery:Found 281 installed packages in /opt/ros/iron
[0.690s] Level 1:colcon.colcon_core.package_discovery:discover_packages(prefix_path) using defaults
[0.778s] Level 5:colcon.colcon_core.verb:set package 'unitree_lidar_ros2' build argument 'cmake_args' from command line to 'None'
[0.778s] Level 5:colcon.colcon_core.verb:set package 'unitree_lidar_ros2' build argument 'cmake_target' from command line to 'None'
[0.778s] Level 5:colcon.colcon_core.verb:set package 'unitree_lidar_ros2' build argument 'cmake_target_skip_unavailable' from command line to 'False'
[0.778s] Level 5:colcon.colcon_core.verb:set package 'unitree_lidar_ros2' build argument 'cmake_clean_cache' from command line to 'False'
[0.778s] Level 5:colcon.colcon_core.verb:set package 'unitree_lidar_ros2' build argument 'cmake_clean_first' from command line to 'False'
[0.778s] Level 5:colcon.colcon_core.verb:set package 'unitree_lidar_ros2' build argument 'cmake_force_configure' from command line to 'False'
[0.778s] Level 5:colcon.colcon_core.verb:set package 'unitree_lidar_ros2' build argument 'ament_cmake_args' from command line to 'None'
[0.778s] Level 5:colcon.colcon_core.verb:set package 'unitree_lidar_ros2' build argument 'catkin_cmake_args' from command line to 'None'
[0.778s] Level 5:colcon.colcon_core.verb:set package 'unitree_lidar_ros2' build argument 'catkin_skip_building_tests' from command line to 'False'
[0.779s] DEBUG:colcon.colcon_core.verb:Building package 'unitree_lidar_ros2' with the following arguments: {'ament_cmake_args': None, 'build_base': '/home/bender/bender-2025/src/sensors/jetson/unitree_ws/build/unitree_lidar_ros2', 'catkin_cmake_args': None, 'catkin_skip_building_tests': False, 'cmake_args': None, 'cmake_clean_cache': False, 'cmake_clean_first': False, 'cmake_force_configure': False, 'cmake_target': None, 'cmake_target_skip_unavailable': False, 'install_base': '/home/bender/bender-2025/src/sensors/jetson/unitree_ws/install/unitree_lidar_ros2', 'merge_install': False, 'path': '/home/bender/bender-2025/src/sensors/jetson/unitree_ws/src/unitree_lidar_ros2', 'symlink_install': False, 'test_result_base': None}
[0.779s] INFO:colcon.colcon_core.executor:Executing jobs using 'parallel' executor
[0.781s] DEBUG:colcon.colcon_parallel_executor.executor.parallel:run_until_complete
[0.781s] INFO:colcon.colcon_ros.task.ament_cmake.build:Building ROS package in '/home/bender/bender-2025/src/sensors/jetson/unitree_ws/src/unitree_lidar_ros2' with build type 'ament_cmake'
[0.782s] INFO:colcon.colcon_cmake.task.cmake.build:Building CMake package in '/home/bender/bender-2025/src/sensors/jetson/unitree_ws/src/unitree_lidar_ros2'
[0.786s] INFO:colcon.colcon_core.plugin_system:Skipping extension 'colcon_core.shell.bat': Not used on non-Windows systems
[0.787s] INFO:colcon.colcon_core.shell:Skip shell extension 'powershell' for command environment: Not usable outside of PowerShell
[0.787s] DEBUG:colcon.colcon_core.shell:Skip shell extension 'dsv' for command environment
[0.800s] DEBUG:colcon.colcon_core.event_handler.log_command:Invoking command in '/home/bender/bender-2025/src/sensors/jetson/unitree_ws/build/unitree_lidar_ros2': CMAKE_PREFIX_PATH=${CMAKE_PREFIX_PATH}:/opt/ros/iron /usr/bin/cmake /home/bender/bender-2025/src/sensors/jetson/unitree_ws/src/unitree_lidar_ros2 -DCMAKE_INSTALL_PREFIX=/home/bender/bender-2025/src/sensors/jetson/unitree_ws/install/unitree_lidar_ros2
[8.309s] DEBUG:colcon.colcon_core.event_handler.log_command:Invoked command in '/home/bender/bender-2025/src/sensors/jetson/unitree_ws/build/unitree_lidar_ros2' returned '0': CMAKE_PREFIX_PATH=${CMAKE_PREFIX_PATH}:/opt/ros/iron /usr/bin/cmake /home/bender/bender-2025/src/sensors/jetson/unitree_ws/src/unitree_lidar_ros2 -DCMAKE_INSTALL_PREFIX=/home/bender/bender-2025/src/sensors/jetson/unitree_ws/install/unitree_lidar_ros2
[8.316s] DEBUG:colcon.colcon_core.event_handler.log_command:Invoking command in '/home/bender/bender-2025/src/sensors/jetson/unitree_ws/build/unitree_lidar_ros2': CMAKE_PREFIX_PATH=${CMAKE_PREFIX_PATH}:/opt/ros/iron /usr/bin/cmake --build /home/bender/bender-2025/src/sensors/jetson/unitree_ws/build/unitree_lidar_ros2 -- -j6 -l6
[37.171s] DEBUG:colcon.colcon_core.event_handler.log_command:Invoked command in '/home/bender/bender-2025/src/sensors/jetson/unitree_ws/build/unitree_lidar_ros2' returned '0': CMAKE_PREFIX_PATH=${CMAKE_PREFIX_PATH}:/opt/ros/iron /usr/bin/cmake --build /home/bender/bender-2025/src/sensors/jetson/unitree_ws/build/unitree_lidar_ros2 -- -j6 -l6
[37.194s] DEBUG:colcon.colcon_core.event_handler.log_command:Invoking command in '/home/bender/bender-2025/src/sensors/jetson/unitree_ws/build/unitree_lidar_ros2': CMAKE_PREFIX_PATH=${CMAKE_PREFIX_PATH}:/opt/ros/iron /usr/bin/cmake --install /home/bender/bender-2025/src/sensors/jetson/unitree_ws/build/unitree_lidar_ros2
[37.225s] Level 1:colcon.colcon_core.environment:create_environment_scripts_only(unitree_lidar_ros2)
[37.227s] DEBUG:colcon.colcon_core.event_handler.log_command:Invoked command in '/home/bender/bender-2025/src/sensors/jetson/unitree_ws/build/unitree_lidar_ros2' returned '0': CMAKE_PREFIX_PATH=${CMAKE_PREFIX_PATH}:/opt/ros/iron /usr/bin/cmake --install /home/bender/bender-2025/src/sensors/jetson/unitree_ws/build/unitree_lidar_ros2
[37.235s] Level 1:colcon.colcon_core.environment:checking '/home/bender/bender-2025/src/sensors/jetson/unitree_ws/install/unitree_lidar_ros2' for CMake module files
[37.237s] Level 1:colcon.colcon_core.environment:checking '/home/bender/bender-2025/src/sensors/jetson/unitree_ws/install/unitree_lidar_ros2' for CMake config files
[37.237s] Level 1:colcon.colcon_core.shell:create_environment_hook('unitree_lidar_ros2', 'cmake_prefix_path')
[37.238s] INFO:colcon.colcon_core.shell:Creating environment hook '/home/bender/bender-2025/src/sensors/jetson/unitree_ws/install/unitree_lidar_ros2/share/unitree_lidar_ros2/hook/cmake_prefix_path.ps1'
[37.240s] INFO:colcon.colcon_core.shell:Creating environment descriptor '/home/bender/bender-2025/src/sensors/jetson/unitree_ws/install/unitree_lidar_ros2/share/unitree_lidar_ros2/hook/cmake_prefix_path.dsv'
[37.242s] INFO:colcon.colcon_core.shell:Creating environment hook '/home/bender/bender-2025/src/sensors/jetson/unitree_ws/install/unitree_lidar_ros2/share/unitree_lidar_ros2/hook/cmake_prefix_path.sh'
[37.246s] Level 1:colcon.colcon_core.environment:checking '/home/bender/bender-2025/src/sensors/jetson/unitree_ws/install/unitree_lidar_ros2/lib'
[37.246s] Level 1:colcon.colcon_core.environment:checking '/home/bender/bender-2025/src/sensors/jetson/unitree_ws/install/unitree_lidar_ros2/bin'
[37.246s] Level 1:colcon.colcon_core.environment:checking '/home/bender/bender-2025/src/sensors/jetson/unitree_ws/install/unitree_lidar_ros2/lib/pkgconfig/unitree_lidar_ros2.pc'
[37.247s] Level 1:colcon.colcon_core.environment:checking '/home/bender/bender-2025/src/sensors/jetson/unitree_ws/install/unitree_lidar_ros2/lib/python3.10/site-packages'
[37.248s] Level 1:colcon.colcon_core.environment:checking '/home/bender/bender-2025/src/sensors/jetson/unitree_ws/install/unitree_lidar_ros2/bin'
[37.249s] INFO:colcon.colcon_core.shell:Creating package script '/home/bender/bender-2025/src/sensors/jetson/unitree_ws/install/unitree_lidar_ros2/share/unitree_lidar_ros2/package.ps1'
[37.252s] INFO:colcon.colcon_core.shell:Creating package descriptor '/home/bender/bender-2025/src/sensors/jetson/unitree_ws/install/unitree_lidar_ros2/share/unitree_lidar_ros2/package.dsv'
[37.254s] INFO:colcon.colcon_core.shell:Creating package script '/home/bender/bender-2025/src/sensors/jetson/unitree_ws/install/unitree_lidar_ros2/share/unitree_lidar_ros2/package.sh'
[37.257s] INFO:colcon.colcon_core.shell:Creating package script '/home/bender/bender-2025/src/sensors/jetson/unitree_ws/install/unitree_lidar_ros2/share/unitree_lidar_ros2/package.bash'
[37.259s] INFO:colcon.colcon_core.shell:Creating package script '/home/bender/bender-2025/src/sensors/jetson/unitree_ws/install/unitree_lidar_ros2/share/unitree_lidar_ros2/package.zsh'
[37.262s] Level 1:colcon.colcon_core.environment:create_file_with_runtime_dependencies(/home/bender/bender-2025/src/sensors/jetson/unitree_ws/install/unitree_lidar_ros2/share/colcon-core/packages/unitree_lidar_ros2)
[37.264s] Level 1:colcon.colcon_core.environment:create_environment_scripts_only(unitree_lidar_ros2)
[37.265s] Level 1:colcon.colcon_core.environment:checking '/home/bender/bender-2025/src/sensors/jetson/unitree_ws/install/unitree_lidar_ros2' for CMake module files
[37.267s] Level 1:colcon.colcon_core.environment:checking '/home/bender/bender-2025/src/sensors/jetson/unitree_ws/install/unitree_lidar_ros2' for CMake config files
[37.267s] Level 1:colcon.colcon_core.shell:create_environment_hook('unitree_lidar_ros2', 'cmake_prefix_path')
[37.268s] INFO:colcon.colcon_core.shell:Creating environment hook '/home/bender/bender-2025/src/sensors/jetson/unitree_ws/install/unitree_lidar_ros2/share/unitree_lidar_ros2/hook/cmake_prefix_path.ps1'
[37.269s] INFO:colcon.colcon_core.shell:Creating environment descriptor '/home/bender/bender-2025/src/sensors/jetson/unitree_ws/install/unitree_lidar_ros2/share/unitree_lidar_ros2/hook/cmake_prefix_path.dsv'
[37.271s] INFO:colcon.colcon_core.shell:Creating environment hook '/home/bender/bender-2025/src/sensors/jetson/unitree_ws/install/unitree_lidar_ros2/share/unitree_lidar_ros2/hook/cmake_prefix_path.sh'
[37.273s] Level 1:colcon.colcon_core.environment:checking '/home/bender/bender-2025/src/sensors/jetson/unitree_ws/install/unitree_lidar_ros2/lib'
[37.273s] Level 1:colcon.colcon_core.environment:checking '/home/bender/bender-2025/src/sensors/jetson/unitree_ws/install/unitree_lidar_ros2/bin'
[37.273s] Level 1:colcon.colcon_core.environment:checking '/home/bender/bender-2025/src/sensors/jetson/unitree_ws/install/unitree_lidar_ros2/lib/pkgconfig/unitree_lidar_ros2.pc'
[37.274s] Level 1:colcon.colcon_core.environment:checking '/home/bender/bender-2025/src/sensors/jetson/unitree_ws/install/unitree_lidar_ros2/lib/python3.10/site-packages'
[37.275s] Level 1:colcon.colcon_core.environment:checking '/home/bender/bender-2025/src/sensors/jetson/unitree_ws/install/unitree_lidar_ros2/bin'
[37.276s] INFO:colcon.colcon_core.shell:Creating package script '/home/bender/bender-2025/src/sensors/jetson/unitree_ws/install/unitree_lidar_ros2/share/unitree_lidar_ros2/package.ps1'
[37.277s] INFO:colcon.colcon_core.shell:Creating package descriptor '/home/bender/bender-2025/src/sensors/jetson/unitree_ws/install/unitree_lidar_ros2/share/unitree_lidar_ros2/package.dsv'
[37.279s] INFO:colcon.colcon_core.shell:Creating package script '/home/bender/bender-2025/src/sensors/jetson/unitree_ws/install/unitree_lidar_ros2/share/unitree_lidar_ros2/package.sh'
[37.280s] INFO:colcon.colcon_core.shell:Creating package script '/home/bender/bender-2025/src/sensors/jetson/unitree_ws/install/unitree_lidar_ros2/share/unitree_lidar_ros2/package.bash'
[37.281s] INFO:colcon.colcon_core.shell:Creating package script '/home/bender/bender-2025/src/sensors/jetson/unitree_ws/install/unitree_lidar_ros2/share/unitree_lidar_ros2/package.zsh'
[37.283s] Level 1:colcon.colcon_core.environment:create_file_with_runtime_dependencies(/home/bender/bender-2025/src/sensors/jetson/unitree_ws/install/unitree_lidar_ros2/share/colcon-core/packages/unitree_lidar_ros2)
[37.283s] DEBUG:colcon.colcon_parallel_executor.executor.parallel:closing loop
[37.284s] DEBUG:colcon.colcon_parallel_executor.executor.parallel:loop closed
[37.284s] DEBUG:colcon.colcon_parallel_executor.executor.parallel:run_until_complete finished with '0'
[37.285s] DEBUG:colcon.colcon_core.event_reactor:joining thread
[37.303s] INFO:colcon.colcon_core.plugin_system:Skipping extension 'colcon_notification.desktop_notification.terminal_notifier': Not used on non-Darwin systems
[37.303s] INFO:colcon.colcon_core.plugin_system:Skipping extension 'colcon_notification.desktop_notification.win32': Not used on non-Windows systems
[37.303s] INFO:colcon.colcon_notification.desktop_notification:Sending desktop notification using 'notify2'
[37.441s] DEBUG:colcon.colcon_core.event_reactor:joined thread
[37.442s] INFO:colcon.colcon_core.shell:Creating prefix script '/home/bender/bender-2025/src/sensors/jetson/unitree_ws/install/local_setup.ps1'
[37.445s] INFO:colcon.colcon_core.shell:Creating prefix util module '/home/bender/bender-2025/src/sensors/jetson/unitree_ws/install/_local_setup_util_ps1.py'
[37.449s] INFO:colcon.colcon_core.shell:Creating prefix chain script '/home/bender/bender-2025/src/sensors/jetson/unitree_ws/install/setup.ps1'
[37.452s] INFO:colcon.colcon_core.shell:Creating prefix script '/home/bender/bender-2025/src/sensors/jetson/unitree_ws/install/local_setup.sh'
[37.453s] INFO:colcon.colcon_core.shell:Creating prefix util module '/home/bender/bender-2025/src/sensors/jetson/unitree_ws/install/_local_setup_util_sh.py'
[37.455s] INFO:colcon.colcon_core.shell:Creating prefix chain script '/home/bender/bender-2025/src/sensors/jetson/unitree_ws/install/setup.sh'
[37.457s] INFO:colcon.colcon_core.shell:Creating prefix script '/home/bender/bender-2025/src/sensors/jetson/unitree_ws/install/local_setup.bash'
[37.459s] INFO:colcon.colcon_core.shell:Creating prefix chain script '/home/bender/bender-2025/src/sensors/jetson/unitree_ws/install/setup.bash'
[37.461s] INFO:colcon.colcon_core.shell:Creating prefix script '/home/bender/bender-2025/src/sensors/jetson/unitree_ws/install/local_setup.zsh'
[37.462s] INFO:colcon.colcon_core.shell:Creating prefix chain script '/home/bender/bender-2025/src/sensors/jetson/unitree_ws/install/setup.zsh'
