[0.005s] Invoking command in '/home/qeftser/vip/vectornav/src/vectornav-ros2/vectornav/build/vectornav': CMAKE_PREFIX_PATH=/opt/ros/iron /usr/bin/cmake /home/qeftser/vip/vectornav/src/vectornav-ros2/vectornav -DCMAKE_INSTALL_PREFIX=/home/qeftser/vip/vectornav/src/vectornav-ros2/vectornav/install/vectornav
[0.443s] -- The C compiler identification is Clang 14.0.0
[0.551s] -- The CXX compiler identification is Clang 14.0.0
[0.558s] -- Detecting C compiler ABI info
[0.626s] -- Detecting C compiler ABI info - done
[0.634s] -- Check for working C compiler: /usr/bin/clang - skipped
[0.634s] -- Detecting C compile features
[0.635s] -- Detecting C compile features - done
[0.639s] -- Detecting CXX compiler ABI info
[0.731s] -- Detecting CXX compiler ABI info - done
[0.735s] -- Check for working CXX compiler: /usr/bin/clang++ - skipped
[0.735s] -- Detecting CXX compile features
[0.735s] -- Detecting CXX compile features - done
[0.739s] -- Found ament_cmake: 2.0.7 (/opt/ros/iron/share/ament_cmake/cmake)
[0.870s] -- Found Python3: /usr/bin/python3.10 (found version "3.10.12") found components: Interpreter 
[0.936s] -- Found rclcpp: 21.0.8 (/opt/ros/iron/share/rclcpp/cmake)
[0.968s] -- Found rosidl_generator_c: 4.0.1 (/opt/ros/iron/share/rosidl_generator_c/cmake)
[0.976s] -- Found rosidl_generator_cpp: 4.0.1 (/opt/ros/iron/share/rosidl_generator_cpp/cmake)
[0.988s] -- Using all available rosidl_typesupport_c: rosidl_typesupport_fastrtps_c;rosidl_typesupport_introspection_c
[1.001s] -- Using all available rosidl_typesupport_cpp: rosidl_typesupport_fastrtps_cpp;rosidl_typesupport_introspection_cpp
[1.104s] -- Found rmw_implementation_cmake: 7.1.0 (/opt/ros/iron/share/rmw_implementation_cmake/cmake)
[1.106s] -- Found rmw_fastrtps_cpp: 7.1.4 (/opt/ros/iron/share/rmw_fastrtps_cpp/cmake)
[1.197s] -- Found OpenSSL: /usr/lib/x86_64-linux-gnu/libcrypto.so (found version "3.0.2")  
[1.223s] -- Found FastRTPS: /opt/ros/iron/include  
[1.265s] -- Using RMW implementation 'rmw_fastrtps_cpp' as default
[1.375s] -- Found rclcpp_action: 21.0.8 (/opt/ros/iron/share/rclcpp_action/cmake)
[1.461s] -- Found sensor_msgs: 5.0.1 (/opt/ros/iron/share/sensor_msgs/cmake)
[1.596s] -- Configuring incomplete, errors occurred!
[1.596s] See also "/home/qeftser/vip/vectornav/src/vectornav-ros2/vectornav/build/vectornav/CMakeFiles/CMakeOutput.log".
[1.596s] [31mCMake Error at CMakeLists.txt:26 (find_package):
[1.596s]   By not providing "Findvectornav_msgs.cmake" in CMAKE_MODULE_PATH this
[1.596s]   project has asked CMake to find a package configuration file provided by
[1.596s]   "vectornav_msgs", but CMake did not find one.
[1.596s] 
[1.596s]   Could not find a package configuration file provided by "vectornav_msgs"
[1.597s]   with any of the following names:
[1.597s] 
[1.597s]     vectornav_msgsConfig.cmake
[1.597s]     vectornav_msgs-config.cmake
[1.597s] 
[1.597s]   Add the installation prefix of "vectornav_msgs" to CMAKE_PREFIX_PATH or set
[1.597s]   "vectornav_msgs_DIR" to a directory containing one of the above files.  If
[1.597s]   "vectornav_msgs" provides a separate development package or SDK, be sure it
[1.597s]   has been installed.
[1.597s] 
[1.597s] [0m
[1.601s] Invoked command in '/home/qeftser/vip/vectornav/src/vectornav-ros2/vectornav/build/vectornav' returned '1': CMAKE_PREFIX_PATH=/opt/ros/iron /usr/bin/cmake /home/qeftser/vip/vectornav/src/vectornav-ros2/vectornav -DCMAKE_INSTALL_PREFIX=/home/qeftser/vip/vectornav/src/vectornav-ros2/vectornav/install/vectornav
